state	power	likelihood
260	1	-14247.8
270	1	-14248.2
280	1	-14245.8
290	1	-14254.4
300	1	-14250.9
310	1	-14249.3
320	1	-14244.8
330	1	-14248.5
340	1	-14250.4
350	1	-14250.8
360	1	-14248.9
370	1	-14263.4
380	1	-14245.7
390	1	-14251.2
400	1	-14253.4
410	1	-14248.9
420	1	-14251.2
430	1	-14251.2
440	1	-14253.4
450	1	-14254.1
460	1	-14257.3
470	1	-14250.8
480	1	-14248.1
490	1	-14252.2
500	1	-14251.5
510	1	-14254.1
520	1	-14252.7
530	1	-14254.2
540	1	-14248.8
550	1	-14256.7
560	1	-14259
570	1	-14263.1
580	1	-14257.2
590	1	-14254.8
600	1	-14249
610	1	-14253.8
620	1	-14249.7
630	1	-14251.3
640	1	-14251.8
650	1	-14247.8
660	1	-14257.1
670	1	-14251.6
680	1	-14254.1
690	1	-14250.7
700	1	-14247
710	1	-14248.6
720	1	-14250.7
730	1	-14250.7
740	1	-14251.8
750	1	-14252.2
760	1	-14249.2
770	1	-14252.9
780	1	-14252.5
790	1	-14252.6
800	1	-14249.9
810	1	-14253.3
820	1	-14253
830	1	-14250.7
840	1	-14251.3
850	1	-14246.6
860	1	-14257.4
870	1	-14252
880	1	-14254.9
890	1	-14255.2
900	1	-14254.5
910	1	-14258.3
920	1	-14253
930	1	-14247.9
940	1	-14251.8
950	1	-14248.6
960	1	-14245.1
970	1	-14248.1
980	1	-14248.6
990	1	-14252.7
1000	1	-14247
260	0.90204	-14250.9
270	0.90204	-14245.1
280	0.90204	-14248.6
290	0.90204	-14257
300	0.90204	-14251.8
310	0.90204	-14251.5
320	0.90204	-14247.5
330	0.90204	-14252.9
340	0.90204	-14247.8
350	0.90204	-14244.6
360	0.90204	-14255.1
370	0.90204	-14254.7
380	0.90204	-14252.6
390	0.90204	-14247.1
400	0.90204	-14248.8
410	0.90204	-14251.2
420	0.90204	-14252.3
430	0.90204	-14248.4
440	0.90204	-14251.8
450	0.90204	-14249.3
460	0.90204	-14258.9
470	0.90204	-14253.5
480	0.90204	-14248.4
490	0.90204	-14255.2
500	0.90204	-14252.8
510	0.90204	-14252.3
520	0.90204	-14249.7
530	0.90204	-14254.4
540	0.90204	-14250.7
550	0.90204	-14242.6
560	0.90204	-14248.4
570	0.90204	-14252.3
580	0.90204	-14251
590	0.90204	-14252.8
600	0.90204	-14248
610	0.90204	-14254.3
620	0.90204	-14254.4
630	0.90204	-14252.9
640	0.90204	-14250.9
650	0.90204	-14257.8
660	0.90204	-14248.4
670	0.90204	-14253.7
680	0.90204	-14259.7
690	0.90204	-14247.3
700	0.90204	-14254.6
710	0.90204	-14248
720	0.90204	-14248.1
730	0.90204	-14249
740	0.90204	-14251.5
750	0.90204	-14253.6
760	0.90204	-14259.5
770	0.90204	-14253.1
780	0.90204	-14251
790	0.90204	-14253.2
800	0.90204	-14251.8
810	0.90204	-14256.6
820	0.90204	-14252
830	0.90204	-14254.1
840	0.90204	-14249.8
850	0.90204	-14252.4
860	0.90204	-14254.2
870	0.90204	-14253.5
880	0.90204	-14250.1
890	0.90204	-14254.1
900	0.90204	-14244.9
910	0.90204	-14251
920	0.90204	-14260.1
930	0.90204	-14262.1
940	0.90204	-14254.3
950	0.90204	-14250.9
960	0.90204	-14249.2
970	0.90204	-14247.6
980	0.90204	-14248.8
990	0.90204	-14249.1
1000	0.90204	-14243.1
260	0.811912	-14260
270	0.811912	-14252.7
280	0.811912	-14251.3
290	0.811912	-14248.7
300	0.811912	-14253.6
310	0.811912	-14255.5
320	0.811912	-14256.4
330	0.811912	-14250.3
340	0.811912	-14254.3
350	0.811912	-14254.5
360	0.811912	-14254.1
370	0.811912	-14253.9
380	0.811912	-14256
390	0.811912	-14252.7
400	0.811912	-14253
410	0.811912	-14253.7
420	0.811912	-14253.7
430	0.811912	-14250.2
440	0.811912	-14257.4
450	0.811912	-14252.1
460	0.811912	-14251.1
470	0.811912	-14252
480	0.811912	-14265.5
490	0.811912	-14253.6
500	0.811912	-14244.5
510	0.811912	-14252.9
520	0.811912	-14251.4
530	0.811912	-14253.5
540	0.811912	-14249.4
550	0.811912	-14251.2
560	0.811912	-14251
570	0.811912	-14251.6
580	0.811912	-14254.5
590	0.811912	-14255.4
600	0.811912	-14247.7
610	0.811912	-14258.1
620	0.811912	-14249.6
630	0.811912	-14258.1
640	0.811912	-14254.3
650	0.811912	-14247.9
660	0.811912	-14247.8
670	0.811912	-14255.3
680	0.811912	-14261.2
690	0.811912	-14263.1
700	0.811912	-14251.9
710	0.811912	-14249.7
720	0.811912	-14242.3
730	0.811912	-14250.8
740	0.811912	-14254.6
750	0.811912	-14258
760	0.811912	-14251.1
770	0.811912	-14266.9
780	0.811912	-14256.3
790	0.811912	-14256.7
800	0.811912	-14264.2
810	0.811912	-14254.9
820	0.811912	-14263.7
830	0.811912	-14255.7
840	0.811912	-14260.3
850	0.811912	-14248.6
860	0.811912	-14248.2
870	0.811912	-14253.1
880	0.811912	-14254
890	0.811912	-14251.4
900	0.811912	-14254.6
910	0.811912	-14254
920	0.811912	-14262
930	0.811912	-14255.6
940	0.811912	-14253.3
950	0.811912	-14261
960	0.811912	-14262.8
970	0.811912	-14257
980	0.811912	-14252.4
990	0.811912	-14260.9
1000	0.811912	-14255.7
260	0.729136	-14262.8
270	0.729136	-14255.7
280	0.729136	-14263.4
290	0.729136	-14252.8
300	0.729136	-14263.4
310	0.729136	-14255.8
320	0.729136	-14261.6
330	0.729136	-14263.6
340	0.729136	-14250.7
350	0.729136	-14251.1
360	0.729136	-14255
370	0.729136	-14253.4
380	0.729136	-14255.1
390	0.729136	-14255.4
400	0.729136	-14252.5
410	0.729136	-14253.5
420	0.729136	-14251.4
430	0.729136	-14261.5
440	0.729136	-14254.8
450	0.729136	-14250.7
460	0.729136	-14257.6
470	0.729136	-14263.1
480	0.729136	-14251.5
490	0.729136	-14254.9
500	0.729136	-14255
510	0.729136	-14258.8
520	0.729136	-14252.7
530	0.729136	-14253.8
540	0.729136	-14249.9
550	0.729136	-14251.5
560	0.729136	-14260.5
570	0.729136	-14259.7
580	0.729136	-14264
590	0.729136	-14262.3
600	0.729136	-14270
610	0.729136	-14261.4
620	0.729136	-14263
630	0.729136	-14260.5
640	0.729136	-14258.1
650	0.729136	-14255.8
660	0.729136	-14271.9
670	0.729136	-14253.2
680	0.729136	-14258.3
690	0.729136	-14257
700	0.729136	-14251.3
710	0.729136	-14253.1
720	0.729136	-14255.6
730	0.729136	-14263.1
740	0.729136	-14261.1
750	0.729136	-14267.5
760	0.729136	-14261.2
770	0.729136	-14249.2
780	0.729136	-14253.2
790	0.729136	-14261.3
800	0.729136	-14258.2
810	0.729136	-14249.2
820	0.729136	-14250.4
830	0.729136	-14266.5
840	0.729136	-14248
850	0.729136	-14257.8
860	0.729136	-14260
870	0.729136	-14262.3
880	0.729136	-14260.1
890	0.729136	-14257.6
900	0.729136	-14261.6
910	0.729136	-14259.6
920	0.729136	-14260.4
930	0.729136	-14256.3
940	0.729136	-14257.3
950	0.729136	-14251.9
960	0.729136	-14258.1
970	0.729136	-14253.9
980	0.729136	-14252.6
990	0.729136	-14254.4
1000	0.729136	-14256.8
260	0.653254	-14258.8
270	0.653254	-14270.1
280	0.653254	-14261.3
290	0.653254	-14267.4
300	0.653254	-14262.8
310	0.653254	-14268.9
320	0.653254	-14270.2
330	0.653254	-14252.2
340	0.653254	-14258.8
350	0.653254	-14258.3
360	0.653254	-14259.2
370	0.653254	-14262.2
380	0.653254	-14258.8
390	0.653254	-14255.2
400	0.653254	-14258.6
410	0.653254	-14255.2
420	0.653254	-14264
430	0.653254	-14278.3
440	0.653254	-14267.7
450	0.653254	-14259.2
460	0.653254	-14267.4
470	0.653254	-14267.7
480	0.653254	-14263.7
490	0.653254	-14264.2
500	0.653254	-14260.6
510	0.653254	-14270.8
520	0.653254	-14270.3
530	0.653254	-14267.1
540	0.653254	-14257.8
550	0.653254	-14262.6
560	0.653254	-14264.6
570	0.653254	-14260.3
580	0.653254	-14254.6
590	0.653254	-14267.5
600	0.653254	-14251.4
610	0.653254	-14261.8
620	0.653254	-14264.5
630	0.653254	-14260.7
640	0.653254	-14257.6
650	0.653254	-14270.2
660	0.653254	-14269.3
670	0.653254	-14261.4
680	0.653254	-14254.7
690	0.653254	-14256.6
700	0.653254	-14259.4
710	0.653254	-14265.1
720	0.653254	-14269.1
730	0.653254	-14255.6
740	0.653254	-14258.3
750	0.653254	-14264.2
760	0.653254	-14260.1
770	0.653254	-14262.1
780	0.653254	-14258.3
790	0.653254	-14250.8
800	0.653254	-14251.7
810	0.653254	-14261.8
820	0.653254	-14252.9
830	0.653254	-14255.7
840	0.653254	-14269.3
850	0.653254	-14260
860	0.653254	-14253
870	0.653254	-14252.2
880	0.653254	-14254.6
890	0.653254	-14253.1
900	0.653254	-14253.9
910	0.653254	-14259.3
920	0.653254	-14257.7
930	0.653254	-14251.8
940	0.653254	-14253
950	0.653254	-14252.2
960	0.653254	-14260.3
970	0.653254	-14257.2
980	0.653254	-14250.9
990	0.653254	-14265.8
1000	0.653254	-14254.9
260	0.583825	-14259.5
270	0.583825	-14249.6
280	0.583825	-14265.1
290	0.583825	-14263.7
300	0.583825	-14279.4
310	0.583825	-14264.4
320	0.583825	-14274.8
330	0.583825	-14254.2
340	0.583825	-14265.7
350	0.583825	-14274.6
360	0.583825	-14263.7
370	0.583825	-14267.4
380	0.583825	-14272.6
390	0.583825	-14273.1
400	0.583825	-14262.4
410	0.583825	-14262.7
420	0.583825	-14260.9
430	0.583825	-14276.3
440	0.583825	-14267.5
450	0.583825	-14266.6
460	0.583825	-14261
470	0.583825	-14256.9
480	0.583825	-14253.2
490	0.583825	-14255.7
500	0.583825	-14272.8
510	0.583825	-14264.6
520	0.583825	-14256.9
530	0.583825	-14258
540	0.583825	-14266.3
550	0.583825	-14252.2
560	0.583825	-14259.4
570	0.583825	-14269.4
580	0.583825	-14254.4
590	0.583825	-14248
600	0.583825	-14257.9
610	0.583825	-14274.3
620	0.583825	-14265.3
630	0.583825	-14264.5
640	0.583825	-14255
650	0.583825	-14267
660	0.583825	-14259.1
670	0.583825	-14270.5
680	0.583825	-14269.2
690	0.583825	-14256.4
700	0.583825	-14271.5
710	0.583825	-14261.3
720	0.583825	-14258.3
730	0.583825	-14262
740	0.583825	-14260.6
750	0.583825	-14267.4
760	0.583825	-14257.6
770	0.583825	-14261.8
780	0.583825	-14262.5
790	0.583825	-14257.2
800	0.583825	-14255.4
810	0.583825	-14249
820	0.583825	-14262.8
830	0.583825	-14255.9
840	0.583825	-14267.7
850	0.583825	-14259.7
860	0.583825	-14250.9
870	0.583825	-14266.7
880	0.583825	-14252.9
890	0.583825	-14249.8
900	0.583825	-14259.3
910	0.583825	-14262.1
920	0.583825	-14259.5
930	0.583825	-14265.6
940	0.583825	-14260.7
950	0.583825	-14255.1
960	0.583825	-14260.9
970	0.583825	-14254.9
980	0.583825	-14265.3
990	0.583825	-14251.7
1000	0.583825	-14256.6
260	0.520429	-14277.2
270	0.520429	-14260.8
280	0.520429	-14266.9
290	0.520429	-14258.6
300	0.520429	-14270.4
310	0.520429	-14270.9
320	0.520429	-14273.1
330	0.520429	-14254.5
340	0.520429	-14264.7
350	0.520429	-14263.5
360	0.520429	-14266.1
370	0.520429	-14274
380	0.520429	-14263.4
390	0.520429	-14261.7
400	0.520429	-14264.7
410	0.520429	-14263
420	0.520429	-14266.2
430	0.520429	-14272.7
440	0.520429	-14262.5
450	0.520429	-14265.7
460	0.520429	-14273.2
470	0.520429	-14269.8
480	0.520429	-14256.9
490	0.520429	-14261.6
500	0.520429	-14263.2
510	0.520429	-14262.8
520	0.520429	-14269.6
530	0.520429	-14269.5
540	0.520429	-14268.8
550	0.520429	-14271.7
560	0.520429	-14272.9
570	0.520429	-14263.9
580	0.520429	-14263.4
590	0.520429	-14254.1
600	0.520429	-14259.1
610	0.520429	-14264.7
620	0.520429	-14273.3
630	0.520429	-14273.5
640	0.520429	-14267.2
650	0.520429	-14265.2
660	0.520429	-14272.7
670	0.520429	-14263.1
680	0.520429	-14266.4
690	0.520429	-14274.7
700	0.520429	-14272.4
710	0.520429	-14269.3
720	0.520429	-14275.4
730	0.520429	-14273.2
740	0.520429	-14251.7
750	0.520429	-14283.7
760	0.520429	-14274.1
770	0.520429	-14271.6
780	0.520429	-14275.3
790	0.520429	-14257.7
800	0.520429	-14270.8
810	0.520429	-14270.2
820	0.520429	-14260.3
830	0.520429	-14274
840	0.520429	-14263.2
850	0.520429	-14258.8
860	0.520429	-14263.8
870	0.520429	-14275.9
880	0.520429	-14264.5
890	0.520429	-14276.4
900	0.520429	-14252.2
910	0.520429	-14269.5
920	0.520429	-14258.4
930	0.520429	-14256.7
940	0.520429	-14256.4
950	0.520429	-14277.8
960	0.520429	-14271.1
970	0.520429	-14260.8
980	0.520429	-14267.9
990	0.520429	-14255
1000	0.520429	-14262.1
260	0.462664	-14283
270	0.462664	-14269.7
280	0.462664	-14273
290	0.462664	-14291.3
300	0.462664	-14289.8
310	0.462664	-14276
320	0.462664	-14266.8
330	0.462664	-14284.4
340	0.462664	-14275.6
350	0.462664	-14281.6
360	0.462664	-14286.8
370	0.462664	-14272
380	0.462664	-14269.1
390	0.462664	-14266.4
400	0.462664	-14278.4
410	0.462664	-14274.9
420	0.462664	-14267.9
430	0.462664	-14285.8
440	0.462664	-14264.1
450	0.462664	-14274.9
460	0.462664	-14277.5
470	0.462664	-14287.5
480	0.462664	-14288.9
490	0.462664	-14275.6
500	0.462664	-14270.7
510	0.462664	-14264.8
520	0.462664	-14256.7
530	0.462664	-14257.9
540	0.462664	-14265.7
550	0.462664	-14265.3
560	0.462664	-14255.2
570	0.462664	-14259.6
580	0.462664	-14264.8
590	0.462664	-14276
600	0.462664	-14258.2
610	0.462664	-14269.2
620	0.462664	-14267.4
630	0.462664	-14268.8
640	0.462664	-14288.1
650	0.462664	-14272.7
660	0.462664	-14267.9
670	0.462664	-14274.1
680	0.462664	-14268.6
690	0.462664	-14293.5
700	0.462664	-14289.6
710	0.462664	-14261.6
720	0.462664	-14269.6
730	0.462664	-14280.7
740	0.462664	-14291.7
750	0.462664	-14279
760	0.462664	-14256.8
770	0.462664	-14268.2
780	0.462664	-14269.8
790	0.462664	-14284
800	0.462664	-14279
810	0.462664	-14272
820	0.462664	-14267.8
830	0.462664	-14268.5
840	0.462664	-14264.8
850	0.462664	-14265.7
860	0.462664	-14277.3
870	0.462664	-14263.4
880	0.462664	-14270.4
890	0.462664	-14285
900	0.462664	-14272.7
910	0.462664	-14273.6
920	0.462664	-14276.8
930	0.462664	-14267
940	0.462664	-14286.4
950	0.462664	-14277.1
960	0.462664	-14268
970	0.462664	-14279.9
980	0.462664	-14280.8
990	0.462664	-14271.3
1000	0.462664	-14268.7
260	0.410146	-14256.9
270	0.410146	-14276.6
280	0.410146	-14262.8
290	0.410146	-14282.8
300	0.410146	-14295.6
310	0.410146	-14283.3
320	0.410146	-14284.5
330	0.410146	-14284.9
340	0.410146	-14277.9
350	0.410146	-14282.8
360	0.410146	-14291.6
370	0.410146	-14271.6
380	0.410146	-14255.6
390	0.410146	-14284.8
400	0.410146	-14268.4
410	0.410146	-14285.5
420	0.410146	-14266.3
430	0.410146	-14271.1
440	0.410146	-14269.7
450	0.410146	-14270.5
460	0.410146	-14275.4
470	0.410146	-14272.8
480	0.410146	-14287.3
490	0.410146	-14274.8
500	0.410146	-14290.2
510	0.410146	-14302.9
520	0.410146	-14289
530	0.410146	-14274.6
540	0.410146	-14283.2
550	0.410146	-14273.2
560	0.410146	-14266.4
570	0.410146	-14286.1
580	0.410146	-14270.4
590	0.410146	-14280.2
600	0.410146	-14285
610	0.410146	-14279.7
620	0.410146	-14283.3
630	0.410146	-14285.8
640	0.410146	-14320.3
650	0.410146	-14297.3
660	0.410146	-14269
670	0.410146	-14274.2
680	0.410146	-14263.4
690	0.410146	-14274
700	0.410146	-14298.8
710	0.410146	-14269.3
720	0.410146	-14267
730	0.410146	-14262.8
740	0.410146	-14276.2
750	0.410146	-14268.8
760	0.410146	-14268.7
770	0.410146	-14270.3
780	0.410146	-14264.4
790	0.410146	-14269.7
800	0.410146	-14274.7
810	0.410146	-14288
820	0.410146	-14286.4
830	0.410146	-14290.1
840	0.410146	-14287.1
850	0.410146	-14287.4
860	0.410146	-14279.1
870	0.410146	-14290.9
880	0.410146	-14275.8
890	0.410146	-14285.4
900	0.410146	-14288
910	0.410146	-14271.4
920	0.410146	-14265.2
930	0.410146	-14268.4
940	0.410146	-14274.9
950	0.410146	-14282.3
960	0.410146	-14274.4
970	0.410146	-14283.4
980	0.410146	-14277.9
990	0.410146	-14292.9
1000	0.410146	-14283.3
260	0.36251	-14286.9
270	0.36251	-14282.1
280	0.36251	-14295.5
290	0.36251	-14288.2
300	0.36251	-14273.5
310	0.36251	-14292.1
320	0.36251	-14279.1
330	0.36251	-14290.6
340	0.36251	-14299.2
350	0.36251	-14285.7
360	0.36251	-14292.2
370	0.36251	-14299.1
380	0.36251	-14290.5
390	0.36251	-14268
400	0.36251	-14270.3
410	0.36251	-14279.8
420	0.36251	-14292.6
430	0.36251	-14274.3
440	0.36251	-14300.7
450	0.36251	-14272.6
460	0.36251	-14276.3
470	0.36251	-14291.9
480	0.36251	-14281.6
490	0.36251	-14270.2
500	0.36251	-14298.2
510	0.36251	-14287.4
520	0.36251	-14283.2
530	0.36251	-14280.5
540	0.36251	-14305.8
550	0.36251	-14285.9
560	0.36251	-14291.7
570	0.36251	-14287.4
580	0.36251	-14282.9
590	0.36251	-14294.7
600	0.36251	-14281.1
610	0.36251	-14312.7
620	0.36251	-14306.1
630	0.36251	-14312.3
640	0.36251	-14285.3
650	0.36251	-14306.8
660	0.36251	-14318.3
670	0.36251	-14317.8
680	0.36251	-14305.2
690	0.36251	-14278
700	0.36251	-14287.6
710	0.36251	-14290.4
720	0.36251	-14290.1
730	0.36251	-14276.4
740	0.36251	-14266.4
750	0.36251	-14298.5
760	0.36251	-14267.6
770	0.36251	-14260.5
780	0.36251	-14273.1
790	0.36251	-14275.4
800	0.36251	-14277.3
810	0.36251	-14283.4
820	0.36251	-14289.5
830	0.36251	-14305.9
840	0.36251	-14308.9
850	0.36251	-14270.2
860	0.36251	-14282.1
870	0.36251	-14273.8
880	0.36251	-14273.3
890	0.36251	-14267.5
900	0.36251	-14270.3
910	0.36251	-14259.5
920	0.36251	-14269.1
930	0.36251	-14267.7
940	0.36251	-14294.4
950	0.36251	-14276.6
960	0.36251	-14278.6
970	0.36251	-14266.4
980	0.36251	-14260.7
990	0.36251	-14265.7
1000	0.36251	-14277.7
260	0.319406	-14277.6
270	0.319406	-14288.4
280	0.319406	-14294.8
290	0.319406	-14281.8
300	0.319406	-14281.9
310	0.319406	-14298.9
320	0.319406	-14305
330	0.319406	-14305.5
340	0.319406	-14266.4
350	0.319406	-14279.5
360	0.319406	-14290.1
370	0.319406	-14284.4
380	0.319406	-14293.2
390	0.319406	-14279.9
400	0.319406	-14271.3
410	0.319406	-14268.6
420	0.319406	-14296
430	0.319406	-14271.6
440	0.319406	-14277.5
450	0.319406	-14271.5
460	0.319406	-14301.1
470	0.319406	-14310.8
480	0.319406	-14310.5
490	0.319406	-14293.1
500	0.319406	-14296
510	0.319406	-14297.2
520	0.319406	-14306
530	0.319406	-14286.9
540	0.319406	-14320.8
550	0.319406	-14274.8
560	0.319406	-14286.5
570	0.319406	-14279
580	0.319406	-14288.7
590	0.319406	-14285.7
600	0.319406	-14308.7
610	0.319406	-14300.6
620	0.319406	-14320.5
630	0.319406	-14294.1
640	0.319406	-14304.1
650	0.319406	-14296.9
660	0.319406	-14310.6
670	0.319406	-14308.5
680	0.319406	-14276.3
690	0.319406	-14280.8
700	0.319406	-14282.6
710	0.319406	-14271.2
720	0.319406	-14285.7
730	0.319406	-14283.3
740	0.319406	-14266.2
750	0.319406	-14299.7
760	0.319406	-14276.2
770	0.319406	-14284.8
780	0.319406	-14303.4
790	0.319406	-14309.5
800	0.319406	-14279.2
810	0.319406	-14303.3
820	0.319406	-14281.9
830	0.319406	-14305.6
840	0.319406	-14315.6
850	0.319406	-14300.4
860	0.319406	-14282.3
870	0.319406	-14300.1
880	0.319406	-14285.3
890	0.319406	-14302
900	0.319406	-14299.9
910	0.319406	-14318.8
920	0.319406	-14298.6
930	0.319406	-14319.2
940	0.319406	-14295
950	0.319406	-14289.8
960	0.319406	-14266.6
970	0.319406	-14268.1
980	0.319406	-14268.4
990	0.319406	-14283.2
1000	0.319406	-14283.3
260	0.280503	-14291.7
270	0.280503	-14283.3
280	0.280503	-14295.5
290	0.280503	-14297.4
300	0.280503	-14273.4
310	0.280503	-14294.4
320	0.280503	-14291.1
330	0.280503	-14297.9
340	0.280503	-14288.2
350	0.280503	-14294.6
360	0.280503	-14275.4
370	0.280503	-14291.9
380	0.280503	-14263.9
390	0.280503	-14273.9
400	0.280503	-14296.3
410	0.280503	-14304
420	0.280503	-14300.4
430	0.280503	-14315.4
440	0.280503	-14274.9
450	0.280503	-14321.3
460	0.280503	-14278.9
470	0.280503	-14305.9
480	0.280503	-14290.8
490	0.280503	-14300
500	0.280503	-14312.2
510	0.280503	-14317.3
520	0.280503	-14300.3
530	0.280503	-14304.6
540	0.280503	-14289.4
550	0.280503	-14306
560	0.280503	-14317.7
570	0.280503	-14294.6
580	0.280503	-14297.4
590	0.280503	-14292.2
600	0.280503	-14289.7
610	0.280503	-14286.9
620	0.280503	-14281.4
630	0.280503	-14285.3
640	0.280503	-14281.7
650	0.280503	-14261
660	0.280503	-14307.3
670	0.280503	-14283.2
680	0.280503	-14293.4
690	0.280503	-14301.7
700	0.280503	-14312.8
710	0.280503	-14289.8
720	0.280503	-14300.6
730	0.280503	-14277.8
740	0.280503	-14281.1
750	0.280503	-14309.8
760	0.280503	-14298.4
770	0.280503	-14313.4
780	0.280503	-14299.2
790	0.280503	-14305.3
800	0.280503	-14302.3
810	0.280503	-14313.4
820	0.280503	-14270
830	0.280503	-14280.8
840	0.280503	-14284.8
850	0.280503	-14299.3
860	0.280503	-14296.2
870	0.280503	-14302.1
880	0.280503	-14298.5
890	0.280503	-14308.3
900	0.280503	-14311.4
910	0.280503	-14301.8
920	0.280503	-14307.6
930	0.280503	-14305.5
940	0.280503	-14293.4
950	0.280503	-14298.4
960	0.280503	-14286.4
970	0.280503	-14293.1
980	0.280503	-14310.4
990	0.280503	-14305.9
1000	0.280503	-14312.9
260	0.245487	-14340.7
270	0.245487	-14310.2
280	0.245487	-14291.1
290	0.245487	-14317.5
300	0.245487	-14281.5
310	0.245487	-14337.4
320	0.245487	-14337.5
330	0.245487	-14312.8
340	0.245487	-14309.5
350	0.245487	-14299.8
360	0.245487	-14317.9
370	0.245487	-14332.9
380	0.245487	-14312.2
390	0.245487	-14298.1
400	0.245487	-14301.5
410	0.245487	-14323
420	0.245487	-14302.8
430	0.245487	-14312.9
440	0.245487	-14283.3
450	0.245487	-14292
460	0.245487	-14297.2
470	0.245487	-14303.2
480	0.245487	-14333.6
490	0.245487	-14299.6
500	0.245487	-14311.4
510	0.245487	-14336.9
520	0.245487	-14321.2
530	0.245487	-14291.4
540	0.245487	-14299.1
550	0.245487	-14284.5
560	0.245487	-14270.9
570	0.245487	-14282.5
580	0.245487	-14309.7
590	0.245487	-14328.2
600	0.245487	-14315
610	0.245487	-14320.6
620	0.245487	-14287
630	0.245487	-14276.8
640	0.245487	-14291.8
650	0.245487	-14304.7
660	0.245487	-14315.5
670	0.245487	-14283.5
680	0.245487	-14310.9
690	0.245487	-14296.8
700	0.245487	-14297.8
710	0.245487	-14271.1
720	0.245487	-14303.9
730	0.245487	-14265.8
740	0.245487	-14267.2
750	0.245487	-14295.2
760	0.245487	-14295.6
770	0.245487	-14286.7
780	0.245487	-14327
790	0.245487	-14327.2
800	0.245487	-14304.9
810	0.245487	-14314.6
820	0.245487	-14292.5
830	0.245487	-14286.6
840	0.245487	-14303.7
850	0.245487	-14302.8
860	0.245487	-14303.8
870	0.245487	-14326.2
880	0.245487	-14300.3
890	0.245487	-14301.4
900	0.245487	-14291.6
910	0.245487	-14320
920	0.245487	-14316
930	0.245487	-14289.8
940	0.245487	-14317.9
950	0.245487	-14311.7
960	0.245487	-14308.1
970	0.245487	-14301.8
980	0.245487	-14299.2
990	0.245487	-14308.6
1000	0.245487	-14324
260	0.214058	-14290.8
270	0.214058	-14286.6
280	0.214058	-14286.8
290	0.214058	-14292.3
300	0.214058	-14307.3
310	0.214058	-14304.8
320	0.214058	-14320
330	0.214058	-14322.4
340	0.214058	-14317.3
350	0.214058	-14303.9
360	0.214058	-14321.9
370	0.214058	-14362.3
380	0.214058	-14367.4
390	0.214058	-14368.2
400	0.214058	-14352
410	0.214058	-14325.4
420	0.214058	-14292.8
430	0.214058	-14291.3
440	0.214058	-14338.7
450	0.214058	-14330.6
460	0.214058	-14352.7
470	0.214058	-14333
480	0.214058	-14350.4
490	0.214058	-14324.4
500	0.214058	-14340.9
510	0.214058	-14342.8
520	0.214058	-14308.1
530	0.214058	-14309.5
540	0.214058	-14319
550	0.214058	-14288.2
560	0.214058	-14327.8
570	0.214058	-14335.8
580	0.214058	-14304.1
590	0.214058	-14333.2
600	0.214058	-14297.7
610	0.214058	-14359.2
620	0.214058	-14317.6
630	0.214058	-14298.8
640	0.214058	-14296.3
650	0.214058	-14331.6
660	0.214058	-14302.9
670	0.214058	-14296.8
680	0.214058	-14320.8
690	0.214058	-14302.7
700	0.214058	-14305.6
710	0.214058	-14281.8
720	0.214058	-14302.5
730	0.214058	-14315.7
740	0.214058	-14310.5
750	0.214058	-14333
760	0.214058	-14339.6
770	0.214058	-14360.3
780	0.214058	-14342.7
790	0.214058	-14306.6
800	0.214058	-14311.1
810	0.214058	-14305.5
820	0.214058	-14336.6
830	0.214058	-14302.3
840	0.214058	-14297.4
850	0.214058	-14372.8
860	0.214058	-14336.1
870	0.214058	-14321.1
880	0.214058	-14368.2
890	0.214058	-14331.1
900	0.214058	-14308.7
910	0.214058	-14320.2
920	0.214058	-14311.1
930	0.214058	-14309
940	0.214058	-14308.5
950	0.214058	-14326.3
960	0.214058	-14298.9
970	0.214058	-14296.4
980	0.214058	-14294.4
990	0.214058	-14305.4
1000	0.214058	-14315.4
260	0.185935	-14285.1
270	0.185935	-14356.9
280	0.185935	-14324.1
290	0.185935	-14296.5
300	0.185935	-14298.4
310	0.185935	-14307.9
320	0.185935	-14343.1
330	0.185935	-14331.2
340	0.185935	-14303.8
350	0.185935	-14325.1
360	0.185935	-14319.2
370	0.185935	-14337.2
380	0.185935	-14322.3
390	0.185935	-14317.2
400	0.185935	-14352.3
410	0.185935	-14325.3
420	0.185935	-14328.2
430	0.185935	-14302.9
440	0.185935	-14319.7
450	0.185935	-14303.2
460	0.185935	-14334.8
470	0.185935	-14293.6
480	0.185935	-14307.3
490	0.185935	-14294.9
500	0.185935	-14324
510	0.185935	-14330.3
520	0.185935	-14314.2
530	0.185935	-14361
540	0.185935	-14321.4
550	0.185935	-14339.4
560	0.185935	-14326
570	0.185935	-14283
580	0.185935	-14324.3
590	0.185935	-14308.4
600	0.185935	-14346.4
610	0.185935	-14309.4
620	0.185935	-14331.4
630	0.185935	-14377.9
640	0.185935	-14398.9
650	0.185935	-14385.1
660	0.185935	-14392.5
670	0.185935	-14343.1
680	0.185935	-14338.1
690	0.185935	-14313.9
700	0.185935	-14315.6
710	0.185935	-14305.4
720	0.185935	-14338.8
730	0.185935	-14311.1
740	0.185935	-14324.9
750	0.185935	-14309.2
760	0.185935	-14341.3
770	0.185935	-14322.9
780	0.185935	-14398.7
790	0.185935	-14333.4
800	0.185935	-14325.8
810	0.185935	-14333.6
820	0.185935	-14365
830	0.185935	-14359.2
840	0.185935	-14358.8
850	0.185935	-14319.5
860	0.185935	-14328.2
870	0.185935	-14344.1
880	0.185935	-14338.7
890	0.185935	-14337.1
900	0.185935	-14336
910	0.185935	-14328.1
920	0.185935	-14320.7
930	0.185935	-14318.9
940	0.185935	-14314
950	0.185935	-14327.3
960	0.185935	-14317.4
970	0.185935	-14350.7
980	0.185935	-14351.6
990	0.185935	-14318.4
1000	0.185935	-14322.4
260	0.160847	-14403
270	0.160847	-14381
280	0.160847	-14384.5
290	0.160847	-14329.9
300	0.160847	-14286.5
310	0.160847	-14311.7
320	0.160847	-14390.8
330	0.160847	-14360.6
340	0.160847	-14328.4
350	0.160847	-14328.3
360	0.160847	-14335.2
370	0.160847	-14328.8
380	0.160847	-14353.9
390	0.160847	-14350
400	0.160847	-14366
410	0.160847	-14359.2
420	0.160847	-14323.4
430	0.160847	-14351
440	0.160847	-14340.6
450	0.160847	-14338.7
460	0.160847	-14380.3
470	0.160847	-14329.8
480	0.160847	-14323.5
490	0.160847	-14323.4
500	0.160847	-14321.7
510	0.160847	-14312.7
520	0.160847	-14310.8
530	0.160847	-14403.8
540	0.160847	-14339.6
550	0.160847	-14325.1
560	0.160847	-14317.1
570	0.160847	-14347.4
580	0.160847	-14310.2
590	0.160847	-14347.6
600	0.160847	-14289.3
610	0.160847	-14352.9
620	0.160847	-14348.4
630	0.160847	-14329.7
640	0.160847	-14344.9
650	0.160847	-14359.1
660	0.160847	-14318
670	0.160847	-14306
680	0.160847	-14312.8
690	0.160847	-14324.9
700	0.160847	-14378.1
710	0.160847	-14346.8
720	0.160847	-14286.5
730	0.160847	-14317.8
740	0.160847	-14340.2
750	0.160847	-14339.4
760	0.160847	-14297.8
770	0.160847	-14341.4
780	0.160847	-14311.2
790	0.160847	-14335.9
800	0.160847	-14327.4
810	0.160847	-14346.4
820	0.160847	-14337.8
830	0.160847	-14358.5
840	0.160847	-14338.1
850	0.160847	-14317.4
860	0.160847	-14387.9
870	0.160847	-14347.6
880	0.160847	-14350.6
890	0.160847	-14328.6
900	0.160847	-14347.7
910	0.160847	-14320.6
920	0.160847	-14312.6
930	0.160847	-14350.9
940	0.160847	-14324.3
950	0.160847	-14322.3
960	0.160847	-14347.8
970	0.160847	-14319.4
980	0.160847	-14331.3
990	0.160847	-14337
1000	0.160847	-14339
260	0.138544	-14370.7
270	0.138544	-14372.3
280	0.138544	-14357.2
290	0.138544	-14375.9
300	0.138544	-14376.5
310	0.138544	-14410.1
320	0.138544	-14359.7
330	0.138544	-14338.8
340	0.138544	-14378.5
350	0.138544	-14406.3
360	0.138544	-14354.8
370	0.138544	-14303.1
380	0.138544	-14329
390	0.138544	-14376.2
400	0.138544	-14334.3
410	0.138544	-14360.4
420	0.138544	-14360.4
430	0.138544	-14354.7
440	0.138544	-14420.6
450	0.138544	-14389.5
460	0.138544	-14375.1
470	0.138544	-14371.7
480	0.138544	-14319.6
490	0.138544	-14343.2
500	0.138544	-14353.1
510	0.138544	-14345.7
520	0.138544	-14364.2
530	0.138544	-14398.2
540	0.138544	-14338.5
550	0.138544	-14357.9
560	0.138544	-14353.6
570	0.138544	-14418.5
580	0.138544	-14365.1
590	0.138544	-14360.8
600	0.138544	-14321
610	0.138544	-14406.5
620	0.138544	-14371.4
630	0.138544	-14365.7
640	0.138544	-14376.5
650	0.138544	-14405.6
660	0.138544	-14316.2
670	0.138544	-14341.4
680	0.138544	-14374.3
690	0.138544	-14346.6
700	0.138544	-14327.1
710	0.138544	-14394.9
720	0.138544	-14355.6
730	0.138544	-14371.7
740	0.138544	-14359.8
750	0.138544	-14379
760	0.138544	-14344.1
770	0.138544	-14344.8
780	0.138544	-14320.3
790	0.138544	-14368.2
800	0.138544	-14390.9
810	0.138544	-14319.7
820	0.138544	-14290.7
830	0.138544	-14336.9
840	0.138544	-14377.8
850	0.138544	-14395.9
860	0.138544	-14372.7
870	0.138544	-14357.4
880	0.138544	-14362.7
890	0.138544	-14390.5
900	0.138544	-14338.8
910	0.138544	-14336.3
920	0.138544	-14380
930	0.138544	-14348.2
940	0.138544	-14377.7
950	0.138544	-14372.3
960	0.138544	-14396.7
970	0.138544	-14346
980	0.138544	-14362.8
990	0.138544	-14335.5
1000	0.138544	-14343.2
260	0.118787	-14391.9
270	0.118787	-14392.7
280	0.118787	-14370.2
290	0.118787	-14368.6
300	0.118787	-14362
310	0.118787	-14354.8
320	0.118787	-14344.2
330	0.118787	-14352.1
340	0.118787	-14374.3
350	0.118787	-14341.9
360	0.118787	-14387.9
370	0.118787	-14371.3
380	0.118787	-14354.4
390	0.118787	-14353.4
400	0.118787	-14375.7
410	0.118787	-14364.3
420	0.118787	-14368
430	0.118787	-14323.7
440	0.118787	-14390.9
450	0.118787	-14381.5
460	0.118787	-14411.1
470	0.118787	-14395.5
480	0.118787	-14385.6
490	0.118787	-14359.4
500	0.118787	-14322.8
510	0.118787	-14372.7
520	0.118787	-14334.4
530	0.118787	-14374.4
540	0.118787	-14342.6
550	0.118787	-14401.3
560	0.118787	-14388.6
570	0.118787	-14341.4
580	0.118787	-14388.2
590	0.118787	-14378.1
600	0.118787	-14348.4
610	0.118787	-14338.1
620	0.118787	-14404.6
630	0.118787	-14385.2
640	0.118787	-14356.4
650	0.118787	-14363.9
660	0.118787	-14353.3
670	0.118787	-14359.3
680	0.118787	-14357.4
690	0.118787	-14411.7
700	0.118787	-14407.7
710	0.118787	-14332.1
720	0.118787	-14307.2
730	0.118787	-14375.6
740	0.118787	-14321.9
750	0.118787	-14347.3
760	0.118787	-14392.8
770	0.118787	-14414.5
780	0.118787	-14306.4
790	0.118787	-14334
800	0.118787	-14386.7
810	0.118787	-14377.2
820	0.118787	-14412.1
830	0.118787	-14362.1
840	0.118787	-14358.8
850	0.118787	-14359
860	0.118787	-14335.2
870	0.118787	-14348.7
880	0.118787	-14343.9
890	0.118787	-14364
900	0.118787	-14399.9
910	0.118787	-14442.9
920	0.118787	-14330.6
930	0.118787	-14395.7
940	0.118787	-14399.8
950	0.118787	-14359.2
960	0.118787	-14445.3
970	0.118787	-14432.6
980	0.118787	-14361.1
990	0.118787	-14356.4
1000	0.118787	-14367.4
260	0.101351	-14342.9
270	0.101351	-14361.1
280	0.101351	-14461.7
290	0.101351	-14528.8
300	0.101351	-14373.5
310	0.101351	-14389.1
320	0.101351	-14348.2
330	0.101351	-14353.3
340	0.101351	-14403.5
350	0.101351	-14421.8
360	0.101351	-14374.9
370	0.101351	-14414.9
380	0.101351	-14343.2
390	0.101351	-14379.9
400	0.101351	-14388.7
410	0.101351	-14360.9
420	0.101351	-14353.3
430	0.101351	-14353.9
440	0.101351	-14413.8
450	0.101351	-14370.6
460	0.101351	-14360.9
470	0.101351	-14357.1
480	0.101351	-14502.7
490	0.101351	-14403.1
500	0.101351	-14400.4
510	0.101351	-14406.3
520	0.101351	-14418.9
530	0.101351	-14390.1
540	0.101351	-14394.3
550	0.101351	-14376.4
560	0.101351	-14422.2
570	0.101351	-14417.5
580	0.101351	-14389.5
590	0.101351	-14407.4
600	0.101351	-14415.9
610	0.101351	-14384.9
620	0.101351	-14367.1
630	0.101351	-14374.5
640	0.101351	-14343.8
650	0.101351	-14388.7
660	0.101351	-14395.9
670	0.101351	-14362.9
680	0.101351	-14406.7
690	0.101351	-14356.1
700	0.101351	-14405.7
710	0.101351	-14381.4
720	0.101351	-14396.3
730	0.101351	-14345.2
740	0.101351	-14339.4
750	0.101351	-14416
760	0.101351	-14465.7
770	0.101351	-14455.3
780	0.101351	-14417.7
790	0.101351	-14375.8
800	0.101351	-14386.6
810	0.101351	-14404.6
820	0.101351	-14428.6
830	0.101351	-14338
840	0.101351	-14344.7
850	0.101351	-14410.8
860	0.101351	-14368.2
870	0.101351	-14382.4
880	0.101351	-14466.4
890	0.101351	-14375
900	0.101351	-14332.2
910	0.101351	-14368
920	0.101351	-14381.9
930	0.101351	-14406.7
940	0.101351	-14383.3
950	0.101351	-14347.4
960	0.101351	-14389.3
970	0.101351	-14401
980	0.101351	-14373.8
990	0.101351	-14354.6
1000	0.101351	-14446.1
260	0.0860252	-14478.9
270	0.0860252	-14350.9
280	0.0860252	-14401.4
290	0.0860252	-14432.9
300	0.0860252	-14460.3
310	0.0860252	-14368.3
320	0.0860252	-14349.4
330	0.0860252	-14478.8
340	0.0860252	-14503.3
350	0.0860252	-14475.9
360	0.0860252	-14415.1
370	0.0860252	-14420.6
380	0.0860252	-14393.6
390	0.0860252	-14404.7
400	0.0860252	-14433.6
410	0.0860252	-14525.8
420	0.0860252	-14479.5
430	0.0860252	-14567
440	0.0860252	-14370.4
450	0.0860252	-14348.7
460	0.0860252	-14443
470	0.0860252	-14417.8
480	0.0860252	-14477.5
490	0.0860252	-14407.6
500	0.0860252	-14478.7
510	0.0860252	-14436.2
520	0.0860252	-14440.6
530	0.0860252	-14439.3
540	0.0860252	-14400.8
550	0.0860252	-14454.1
560	0.0860252	-14418.4
570	0.0860252	-14466.8
580	0.0860252	-14420.3
590	0.0860252	-14356
600	0.0860252	-14447.6
610	0.0860252	-14361.8
620	0.0860252	-14423.2
630	0.0860252	-14391.4
640	0.0860252	-14410.2
650	0.0860252	-14373.8
660	0.0860252	-14414.2
670	0.0860252	-14402.2
680	0.0860252	-14499.5
690	0.0860252	-14391.2
700	0.0860252	-14385.3
710	0.0860252	-14484
720	0.0860252	-14431
730	0.0860252	-14467.5
740	0.0860252	-14486.7
750	0.0860252	-14506.9
760	0.0860252	-14400.2
770	0.0860252	-14421
780	0.0860252	-14424.9
790	0.0860252	-14447.1
800	0.0860252	-14437.8
810	0.0860252	-14437.8
820	0.0860252	-14465.4
830	0.0860252	-14517.5
840	0.0860252	-14414.6
850	0.0860252	-14455.5
860	0.0860252	-14402.8
870	0.0860252	-14409.1
880	0.0860252	-14402.4
890	0.0860252	-14395.9
900	0.0860252	-14384.3
910	0.0860252	-14400.5
920	0.0860252	-14412.1
930	0.0860252	-14399.6
940	0.0860252	-14441.5
950	0.0860252	-14444.2
960	0.0860252	-14408
970	0.0860252	-14497.3
980	0.0860252	-14468.7
990	0.0860252	-14427
1000	0.0860252	-14533.7
260	0.0726122	-14468.7
270	0.0726122	-14396.1
280	0.0726122	-14398
290	0.0726122	-14508.4
300	0.0726122	-14435.6
310	0.0726122	-14403.7
320	0.0726122	-14453.8
330	0.0726122	-14499.9
340	0.0726122	-14407.3
350	0.0726122	-14499.6
360	0.0726122	-14412.5
370	0.0726122	-14376.6
380	0.0726122	-14454.3
390	0.0726122	-14439.9
400	0.0726122	-14349.2
410	0.0726122	-14404.3
420	0.0726122	-14372.7
430	0.0726122	-14505.5
440	0.0726122	-14498.9
450	0.0726122	-14452.2
460	0.0726122	-14486.2
470	0.0726122	-14384.2
480	0.0726122	-14488.8
490	0.0726122	-14384.9
500	0.0726122	-14536.9
510	0.0726122	-14407.8
520	0.0726122	-14525
530	0.0726122	-14467.1
540	0.0726122	-14529
550	0.0726122	-14554.3
560	0.0726122	-14489.9
570	0.0726122	-14346.4
580	0.0726122	-14462.9
590	0.0726122	-14411.3
600	0.0726122	-14438.7
610	0.0726122	-14404.6
620	0.0726122	-14365.7
630	0.0726122	-14429.2
640	0.0726122	-14413.2
650	0.0726122	-14585.4
660	0.0726122	-14437.4
670	0.0726122	-14472.2
680	0.0726122	-14425.6
690	0.0726122	-14450.5
700	0.0726122	-14518.8
710	0.0726122	-14552
720	0.0726122	-14528
730	0.0726122	-14551.1
740	0.0726122	-14511.9
750	0.0726122	-14461.3
760	0.0726122	-14629
770	0.0726122	-14471.2
780	0.0726122	-14450.8
790	0.0726122	-14436.5
800	0.0726122	-14401.8
810	0.0726122	-14410.9
820	0.0726122	-14427.3
830	0.0726122	-14601.2
840	0.0726122	-14363.8
850	0.0726122	-14422.7
860	0.0726122	-14443.3
870	0.0726122	-14514.7
880	0.0726122	-14455.4
890	0.0726122	-14469.6
900	0.0726122	-14395.3
910	0.0726122	-14472
920	0.0726122	-14499.2
930	0.0726122	-14474.7
940	0.0726122	-14405.6
950	0.0726122	-14542.5
960	0.0726122	-14434.1
970	0.0726122	-14505.5
980	0.0726122	-14493.1
990	0.0726122	-14439
1000	0.0726122	-14446.8
260	0.060927	-14587.3
270	0.060927	-14528.9
280	0.060927	-14603.8
290	0.060927	-14485.2
300	0.060927	-14397
310	0.060927	-14383.3
320	0.060927	-14498.9
330	0.060927	-14438.2
340	0.060927	-14490
350	0.060927	-14556.1
360	0.060927	-14521.1
370	0.060927	-14423.7
380	0.060927	-14513.4
390	0.060927	-14427
400	0.060927	-14510.6
410	0.060927	-14539.1
420	0.060927	-14424.8
430	0.060927	-14440.7
440	0.060927	-14465.7
450	0.060927	-14477.9
460	0.060927	-14609.4
470	0.060927	-14419.3
480	0.060927	-14494.3
490	0.060927	-14532.7
500	0.060927	-14412.3
510	0.060927	-14649.6
520	0.060927	-14583.9
530	0.060927	-14511
540	0.060927	-14517.1
550	0.060927	-14490.3
560	0.060927	-14401.8
570	0.060927	-14425.6
580	0.060927	-14569.6
590	0.060927	-14502.7
600	0.060927	-14531
610	0.060927	-14392
620	0.060927	-14498.5
630	0.060927	-14560.9
640	0.060927	-14478.5
650	0.060927	-14505.3
660	0.060927	-14523.6
670	0.060927	-14466.5
680	0.060927	-14533
690	0.060927	-14583
700	0.060927	-14456.7
710	0.060927	-14451.9
720	0.060927	-14516.5
730	0.060927	-14410.1
740	0.060927	-14503.6
750	0.060927	-14426.6
760	0.060927	-14467.5
770	0.060927	-14365.5
780	0.060927	-14470.1
790	0.060927	-14531.6
800	0.060927	-14581.2
810	0.060927	-14481
820	0.060927	-14435.4
830	0.060927	-14511.5
840	0.060927	-14398.4
850	0.060927	-14451.8
860	0.060927	-14515.4
870	0.060927	-14539.8
880	0.060927	-14663.9
890	0.060927	-14511.7
900	0.060927	-14460.6
910	0.060927	-14477.6
920	0.060927	-14487.8
930	0.060927	-14501.6
940	0.060927	-14457
950	0.060927	-14525.1
960	0.060927	-14461
970	0.060927	-14535.1
980	0.060927	-14573.6
990	0.060927	-14593.1
1000	0.060927	-14459
260	0.050797	-14825.2
270	0.050797	-14544
280	0.050797	-14543.3
290	0.050797	-14480.9
300	0.050797	-14616
310	0.050797	-14632
320	0.050797	-14571.2
330	0.050797	-14552.6
340	0.050797	-14629.2
350	0.050797	-14625.2
360	0.050797	-14794.2
370	0.050797	-14623.3
380	0.050797	-14670.3
390	0.050797	-14608.8
400	0.050797	-14611.6
410	0.050797	-14596.5
420	0.050797	-14649.3
430	0.050797	-14646.3
440	0.050797	-14838.9
450	0.050797	-14461
460	0.050797	-14592.3
470	0.050797	-14548.3
480	0.050797	-14598.5
490	0.050797	-14569.7
500	0.050797	-14572.9
510	0.050797	-14673
520	0.050797	-14590.9
530	0.050797	-14655.4
540	0.050797	-14572.2
550	0.050797	-14689.9
560	0.050797	-14754.6
570	0.050797	-14692.1
580	0.050797	-14700.7
590	0.050797	-14676.4
600	0.050797	-14744.6
610	0.050797	-14651.8
620	0.050797	-14753.3
630	0.050797	-14586.6
640	0.050797	-14454.8
650	0.050797	-14545
660	0.050797	-14536.1
670	0.050797	-14602.8
680	0.050797	-14874.7
690	0.050797	-14561.6
700	0.050797	-14614.8
710	0.050797	-14673.4
720	0.050797	-14608.8
730	0.050797	-14574.9
740	0.050797	-14515.3
750	0.050797	-14737.4
760	0.050797	-14792.8
770	0.050797	-14676.7
780	0.050797	-14786
790	0.050797	-14687.6
800	0.050797	-14569.1
810	0.050797	-14542.3
820	0.050797	-14506
830	0.050797	-14558.6
840	0.050797	-14665.3
850	0.050797	-14582.2
860	0.050797	-14776.8
870	0.050797	-14695.9
880	0.050797	-14885.4
890	0.050797	-14542.1
900	0.050797	-14690.4
910	0.050797	-14530
920	0.050797	-14616.8
930	0.050797	-14715.5
940	0.050797	-14561.8
950	0.050797	-14511.1
960	0.050797	-14551.1
970	0.050797	-14651.5
980	0.050797	-14540.4
990	0.050797	-14647.6
1000	0.050797	-14685
260	0.0420616	-14624.3
270	0.0420616	-14714.9
280	0.0420616	-14866.4
290	0.0420616	-14640.5
300	0.0420616	-14794.3
310	0.0420616	-14673.7
320	0.0420616	-14643.7
330	0.0420616	-14837.3
340	0.0420616	-14755.4
350	0.0420616	-14611.7
360	0.0420616	-14751.2
370	0.0420616	-14689.1
380	0.0420616	-14852.2
390	0.0420616	-14692.4
400	0.0420616	-14657.4
410	0.0420616	-14731.2
420	0.0420616	-14737
430	0.0420616	-14817.8
440	0.0420616	-14837.2
450	0.0420616	-14619.3
460	0.0420616	-14641.5
470	0.0420616	-14739.8
480	0.0420616	-14732.3
490	0.0420616	-14746.6
500	0.0420616	-14766.9
510	0.0420616	-14711.3
520	0.0420616	-14908.4
530	0.0420616	-14586.4
540	0.0420616	-14787.9
550	0.0420616	-14626.2
560	0.0420616	-14686.4
570	0.0420616	-14678.3
580	0.0420616	-14695.6
590	0.0420616	-14661.8
600	0.0420616	-14848
610	0.0420616	-14748.2
620	0.0420616	-14827.6
630	0.0420616	-14862.1
640	0.0420616	-14906.4
650	0.0420616	-14758.1
660	0.0420616	-14563.6
670	0.0420616	-14846.8
680	0.0420616	-14836.5
690	0.0420616	-14759.7
700	0.0420616	-14673.5
710	0.0420616	-14654.8
720	0.0420616	-14738.6
730	0.0420616	-14874.6
740	0.0420616	-14865.1
750	0.0420616	-14723.1
760	0.0420616	-14786
770	0.0420616	-14691.1
780	0.0420616	-14637.1
790	0.0420616	-14783
800	0.0420616	-14771.7
810	0.0420616	-14860.2
820	0.0420616	-14643.4
830	0.0420616	-14716.2
840	0.0420616	-14646.8
850	0.0420616	-14720.6
860	0.0420616	-14577.5
870	0.0420616	-14579
880	0.0420616	-14628.3
890	0.0420616	-14501.2
900	0.0420616	-14535.4
910	0.0420616	-14698.2
920	0.0420616	-14822.1
930	0.0420616	-14849.2
940	0.0420616	-14610.7
950	0.0420616	-14733.5
960	0.0420616	-14548.3
970	0.0420616	-14754.1
980	0.0420616	-14745.6
990	0.0420616	-14584.4
1000	0.0420616	-14788.5
260	0.0345716	-14783.4
270	0.0345716	-14643.9
280	0.0345716	-14727.6
290	0.0345716	-14724.8
300	0.0345716	-14941.2
310	0.0345716	-14674.7
320	0.0345716	-14823.4
330	0.0345716	-14741.3
340	0.0345716	-14753.2
350	0.0345716	-14759
360	0.0345716	-14735.2
370	0.0345716	-14780.4
380	0.0345716	-14829.7
390	0.0345716	-14935.1
400	0.0345716	-14789.6
410	0.0345716	-14705.1
420	0.0345716	-14788.4
430	0.0345716	-14764
440	0.0345716	-14843.9
450	0.0345716	-14813.4
460	0.0345716	-14982
470	0.0345716	-14840.1
480	0.0345716	-14823.6
490	0.0345716	-14685.3
500	0.0345716	-14540.9
510	0.0345716	-14668.1
520	0.0345716	-14791.3
530	0.0345716	-14982.5
540	0.0345716	-14582.5
550	0.0345716	-14588.5
560	0.0345716	-14865.9
570	0.0345716	-14803
580	0.0345716	-14847.5
590	0.0345716	-14730.5
600	0.0345716	-14947.5
610	0.0345716	-14710.6
620	0.0345716	-14681.6
630	0.0345716	-14839.5
640	0.0345716	-14647.4
650	0.0345716	-14720
660	0.0345716	-14688.7
670	0.0345716	-14978.8
680	0.0345716	-14865.9
690	0.0345716	-14745.5
700	0.0345716	-14774.6
710	0.0345716	-14887
720	0.0345716	-14758.6
730	0.0345716	-14734.6
740	0.0345716	-14627.7
750	0.0345716	-14745.8
760	0.0345716	-14905.3
770	0.0345716	-14876.4
780	0.0345716	-14598
790	0.0345716	-14643.3
800	0.0345716	-14834.9
810	0.0345716	-14676.7
820	0.0345716	-15002.9
830	0.0345716	-14748.8
840	0.0345716	-14499
850	0.0345716	-14762.1
860	0.0345716	-14843.2
870	0.0345716	-15017.5
880	0.0345716	-14827.2
890	0.0345716	-14836.1
900	0.0345716	-14709.4
910	0.0345716	-14642.1
920	0.0345716	-14848.7
930	0.0345716	-14616
940	0.0345716	-14801.1
950	0.0345716	-14810.7
960	0.0345716	-14962.6
970	0.0345716	-14961.1
980	0.0345716	-14873.6
990	0.0345716	-14915.3
1000	0.0345716	-14801
260	0.0281887	-14963.5
270	0.0281887	-14841.6
280	0.0281887	-15033.2
290	0.0281887	-14809.3
300	0.0281887	-14775.5
310	0.0281887	-14972.6
320	0.0281887	-14855.4
330	0.0281887	-15059.1
340	0.0281887	-14960.8
350	0.0281887	-14927.1
360	0.0281887	-14850.3
370	0.0281887	-14790.6
380	0.0281887	-14842.9
390	0.0281887	-14794.2
400	0.0281887	-14964
410	0.0281887	-15154.1
420	0.0281887	-14850.1
430	0.0281887	-15021.5
440	0.0281887	-14832.7
450	0.0281887	-14834.9
460	0.0281887	-15036.1
470	0.0281887	-14867.9
480	0.0281887	-14850.7
490	0.0281887	-14939
500	0.0281887	-15187
510	0.0281887	-15185.3
520	0.0281887	-14913.4
530	0.0281887	-15049.1
540	0.0281887	-15039.6
550	0.0281887	-15034.5
560	0.0281887	-14847.7
570	0.0281887	-14793.8
580	0.0281887	-14908.9
590	0.0281887	-14755.5
600	0.0281887	-14890.4
610	0.0281887	-14876.7
620	0.0281887	-14928.8
630	0.0281887	-14790.9
640	0.0281887	-14833.7
650	0.0281887	-14937.7
660	0.0281887	-15027.1
670	0.0281887	-15046.9
680	0.0281887	-14950.6
690	0.0281887	-14927.9
700	0.0281887	-15062.5
710	0.0281887	-15095.9
720	0.0281887	-14934.9
730	0.0281887	-14973.8
740	0.0281887	-15250.7
750	0.0281887	-14942.2
760	0.0281887	-14651.9
770	0.0281887	-14820.6
780	0.0281887	-14971.2
790	0.0281887	-14927.4
800	0.0281887	-14942.6
810	0.0281887	-14680.6
820	0.0281887	-14728
830	0.0281887	-14945.5
840	0.0281887	-14753.6
850	0.0281887	-14903.7
860	0.0281887	-15091.7
870	0.0281887	-14933.4
880	0.0281887	-14665.2
890	0.0281887	-14740.1
900	0.0281887	-15006.4
910	0.0281887	-15020.3
920	0.0281887	-15260.3
930	0.0281887	-14919.5
940	0.0281887	-15109.9
950	0.0281887	-14812.2
960	0.0281887	-14824.5
970	0.0281887	-14740.9
980	0.0281887	-14872.1
990	0.0281887	-14952.3
1000	0.0281887	-14914.6
260	0.0227855	-15262.5
270	0.0227855	-14952.9
280	0.0227855	-15120.6
290	0.0227855	-15058.6
300	0.0227855	-14922.5
310	0.0227855	-14898.8
320	0.0227855	-14795.4
330	0.0227855	-14785.8
340	0.0227855	-14798.2
350	0.0227855	-15034.8
360	0.0227855	-14916
370	0.0227855	-14996.2
380	0.0227855	-14675.4
390	0.0227855	-15117.8
400	0.0227855	-14999.3
410	0.0227855	-14991.8
420	0.0227855	-14916.7
430	0.0227855	-15009.4
440	0.0227855	-14884.7
450	0.0227855	-15032.6
460	0.0227855	-15024.7
470	0.0227855	-14882.9
480	0.0227855	-15221.1
490	0.0227855	-14916.9
500	0.0227855	-14977.3
510	0.0227855	-14813.1
520	0.0227855	-15055.5
530	0.0227855	-14841.7
540	0.0227855	-15074.5
550	0.0227855	-14811.7
560	0.0227855	-15103.7
570	0.0227855	-15013.1
580	0.0227855	-15062
590	0.0227855	-15092.9
600	0.0227855	-14962.4
610	0.0227855	-14882.2
620	0.0227855	-14772.3
630	0.0227855	-14884.1
640	0.0227855	-14907
650	0.0227855	-14874.9
660	0.0227855	-14869.5
670	0.0227855	-14918.7
680	0.0227855	-14998.9
690	0.0227855	-14971.9
700	0.0227855	-15068
710	0.0227855	-14847
720	0.0227855	-15134.3
730	0.0227855	-14987.2
740	0.0227855	-14992.4
750	0.0227855	-14988.2
760	0.0227855	-15063.6
770	0.0227855	-15040.7
780	0.0227855	-14848.4
790	0.0227855	-15330.5
800	0.0227855	-14975
810	0.0227855	-15353.9
820	0.0227855	-14860.5
830	0.0227855	-14803.3
840	0.0227855	-15045.5
850	0.0227855	-15135.3
860	0.0227855	-15105.6
870	0.0227855	-15065.5
880	0.0227855	-14933.6
890	0.0227855	-14683.6
900	0.0227855	-14941.8
910	0.0227855	-14933.2
920	0.0227855	-15416.5
930	0.0227855	-15133.5
940	0.0227855	-15157
950	0.0227855	-15008
960	0.0227855	-14882.5
970	0.0227855	-15038.3
980	0.0227855	-14728.6
990	0.0227855	-15011.7
1000	0.0227855	-14971.7
260	0.0182445	-15223.3
270	0.0182445	-15171.6
280	0.0182445	-15039.6
290	0.0182445	-14931
300	0.0182445	-15179.8
310	0.0182445	-15450.5
320	0.0182445	-15261.7
330	0.0182445	-15110
340	0.0182445	-15341.6
350	0.0182445	-15273.4
360	0.0182445	-15220.9
370	0.0182445	-15197.2
380	0.0182445	-15179.9
390	0.0182445	-15332.5
400	0.0182445	-14753.4
410	0.0182445	-14848.9
420	0.0182445	-15134.9
430	0.0182445	-14926.1
440	0.0182445	-15338.1
450	0.0182445	-15057.5
460	0.0182445	-14939.9
470	0.0182445	-15218.4
480	0.0182445	-15031.4
490	0.0182445	-14903.9
500	0.0182445	-15171.8
510	0.0182445	-15068.9
520	0.0182445	-15060
530	0.0182445	-15097.9
540	0.0182445	-14941.1
550	0.0182445	-15294.4
560	0.0182445	-15471.7
570	0.0182445	-15141.1
580	0.0182445	-15040.6
590	0.0182445	-15354.1
600	0.0182445	-15498.8
610	0.0182445	-14988.7
620	0.0182445	-15131.8
630	0.0182445	-15146.5
640	0.0182445	-15203.8
650	0.0182445	-15119.2
660	0.0182445	-15269.5
670	0.0182445	-15275.3
680	0.0182445	-15050.4
690	0.0182445	-14964.6
700	0.0182445	-15454.4
710	0.0182445	-15159.5
720	0.0182445	-15519.6
730	0.0182445	-15156.4
740	0.0182445	-14990.4
750	0.0182445	-15522.3
760	0.0182445	-15331.3
770	0.0182445	-14692
780	0.0182445	-15072.3
790	0.0182445	-15141.4
800	0.0182445	-15110.1
810	0.0182445	-15030
820	0.0182445	-14857.1
830	0.0182445	-15105.3
840	0.0182445	-15089.5
850	0.0182445	-15378.2
860	0.0182445	-15471.9
870	0.0182445	-15102.3
880	0.0182445	-15301.1
890	0.0182445	-15392.6
900	0.0182445	-15028
910	0.0182445	-15250.8
920	0.0182445	-14957.3
930	0.0182445	-14966.9
940	0.0182445	-15047.9
950	0.0182445	-15112.1
960	0.0182445	-15694.4
970	0.0182445	-15303
980	0.0182445	-15194.9
990	0.0182445	-15034.8
1000	0.0182445	-15126.5
260	0.0144583	-15143.1
270	0.0144583	-15202.5
280	0.0144583	-15295.8
290	0.0144583	-15303.3
300	0.0144583	-15428.6
310	0.0144583	-15048.6
320	0.0144583	-15418.4
330	0.0144583	-15260.6
340	0.0144583	-15319.4
350	0.0144583	-15733.8
360	0.0144583	-15409.2
370	0.0144583	-15324.1
380	0.0144583	-15194.4
390	0.0144583	-15408.5
400	0.0144583	-15187
410	0.0144583	-15766.2
420	0.0144583	-15316.9
430	0.0144583	-15182.8
440	0.0144583	-15058.7
450	0.0144583	-15362.8
460	0.0144583	-15262.7
470	0.0144583	-15429.4
480	0.0144583	-15208.2
490	0.0144583	-15174.3
500	0.0144583	-15283.9
510	0.0144583	-15407.5
520	0.0144583	-14815.9
530	0.0144583	-15127.5
540	0.0144583	-15504.2
550	0.0144583	-15276.5
560	0.0144583	-15280.9
570	0.0144583	-15249.8
580	0.0144583	-15452.2
590	0.0144583	-15034.1
600	0.0144583	-15313.1
610	0.0144583	-15015.1
620	0.0144583	-15256.8
630	0.0144583	-15085.9
640	0.0144583	-15008.7
650	0.0144583	-15497.1
660	0.0144583	-15485.5
670	0.0144583	-15240.3
680	0.0144583	-15245.9
690	0.0144583	-15402.7
700	0.0144583	-15020.8
710	0.0144583	-15273
720	0.0144583	-15194.8
730	0.0144583	-15198.5
740	0.0144583	-15131.5
750	0.0144583	-15249.5
760	0.0144583	-15267.7
770	0.0144583	-15026.4
780	0.0144583	-15026.4
790	0.0144583	-15245.3
800	0.0144583	-15132.8
810	0.0144583	-15559.8
820	0.0144583	-15183.2
830	0.0144583	-15275.8
840	0.0144583	-15526.3
850	0.0144583	-15437.1
860	0.0144583	-15134.7
870	0.0144583	-15244.5
880	0.0144583	-15201.5
890	0.0144583	-15442.6
900	0.0144583	-15084.8
910	0.0144583	-15041.2
920	0.0144583	-15622.2
930	0.0144583	-15526.1
940	0.0144583	-15011.9
950	0.0144583	-15166.6
960	0.0144583	-15349.8
970	0.0144583	-15248.3
980	0.0144583	-15160.7
990	0.0144583	-15071.2
1000	0.0144583	-15234.1
260	0.0113284	-15522.8
270	0.0113284	-15555.5
280	0.0113284	-15590.2
290	0.0113284	-15214.8
300	0.0113284	-15346.9
310	0.0113284	-15714.7
320	0.0113284	-15484.5
330	0.0113284	-15099.8
340	0.0113284	-15615.4
350	0.0113284	-15326.1
360	0.0113284	-15683.1
370	0.0113284	-15489.7
380	0.0113284	-15521.1
390	0.0113284	-15528.8
400	0.0113284	-15428.6
410	0.0113284	-15577.1
420	0.0113284	-15193.1
430	0.0113284	-15520.2
440	0.0113284	-15109.7
450	0.0113284	-15279.2
460	0.0113284	-15508.5
470	0.0113284	-15431.7
480	0.0113284	-15426
490	0.0113284	-15359.6
500	0.0113284	-15132.2
510	0.0113284	-15218
520	0.0113284	-15348
530	0.0113284	-15598.2
540	0.0113284	-15605.2
550	0.0113284	-15498.5
560	0.0113284	-15257.2
570	0.0113284	-15493.7
580	0.0113284	-15105.7
590	0.0113284	-15548
600	0.0113284	-15446.1
610	0.0113284	-15219.7
620	0.0113284	-15331.1
630	0.0113284	-15228.7
640	0.0113284	-15733.7
650	0.0113284	-15363
660	0.0113284	-15353
670	0.0113284	-15309.6
680	0.0113284	-15412.5
690	0.0113284	-15315.7
700	0.0113284	-15602.4
710	0.0113284	-15567.6
720	0.0113284	-15498.5
730	0.0113284	-15346.9
740	0.0113284	-15442.9
750	0.0113284	-15545.9
760	0.0113284	-15829.5
770	0.0113284	-15352.2
780	0.0113284	-15588.7
790	0.0113284	-15173.1
800	0.0113284	-15399.9
810	0.0113284	-15427
820	0.0113284	-15272.9
830	0.0113284	-15113.6
840	0.0113284	-15347.5
850	0.0113284	-15644.6
860	0.0113284	-15155.4
870	0.0113284	-15604.9
880	0.0113284	-15399.2
890	0.0113284	-15623
900	0.0113284	-15255
910	0.0113284	-15550.2
920	0.0113284	-15175.1
930	0.0113284	-15070.1
940	0.0113284	-15699.3
950	0.0113284	-15758.2
960	0.0113284	-15445.5
970	0.0113284	-15236.2
980	0.0113284	-15321.7
990	0.0113284	-15514.9
1000	0.0113284	-15108.1
260	0.00876572	-15825.5
270	0.00876572	-15749.6
280	0.00876572	-15727.4
290	0.00876572	-15105.9
300	0.00876572	-15912.2
310	0.00876572	-15538
320	0.00876572	-15377.7
330	0.00876572	-15513.7
340	0.00876572	-16255.1
350	0.00876572	-15671.3
360	0.00876572	-15257.6
370	0.00876572	-15480.4
380	0.00876572	-15462.1
390	0.00876572	-15199.1
400	0.00876572	-15796.1
410	0.00876572	-15584.4
420	0.00876572	-15476.8
430	0.00876572	-15423.6
440	0.00876572	-15894.8
450	0.00876572	-15508.6
460	0.00876572	-15149.1
470	0.00876572	-15439.6
480	0.00876572	-15467.4
490	0.00876572	-15802.4
500	0.00876572	-15875.7
510	0.00876572	-16100.4
520	0.00876572	-15463.8
530	0.00876572	-15170.5
540	0.00876572	-15541.7
550	0.00876572	-15419.4
560	0.00876572	-15950.4
570	0.00876572	-15549.1
580	0.00876572	-15646.1
590	0.00876572	-15569.7
600	0.00876572	-15617
610	0.00876572	-15273.4
620	0.00876572	-15849.6
630	0.00876572	-15440.6
640	0.00876572	-15454.2
650	0.00876572	-15390.7
660	0.00876572	-15392.9
670	0.00876572	-15237.6
680	0.00876572	-15727.4
690	0.00876572	-15675.7
700	0.00876572	-15318.9
710	0.00876572	-15489
720	0.00876572	-15575.8
730	0.00876572	-16710
740	0.00876572	-15689.3
750	0.00876572	-15149
760	0.00876572	-15478
770	0.00876572	-15375.5
780	0.00876572	-15648.4
790	0.00876572	-15197.1
800	0.00876572	-15568.1
810	0.00876572	-15423.2
820	0.00876572	-15492.8
830	0.00876572	-15707
840	0.00876572	-15333.7
850	0.00876572	-15562.1
860	0.00876572	-15011.8
870	0.00876572	-15976.3
880	0.00876572	-15764.7
890	0.00876572	-15404.4
900	0.00876572	-15867.6
910	0.00876572	-15468.1
920	0.00876572	-15358.4
930	0.00876572	-15118.4
940	0.00876572	-15506.9
950	0.00876572	-15900.7
960	0.00876572	-15671.2
970	0.00876572	-15309.4
980	0.00876572	-15296.2
990	0.00876572	-15576.7
1000	0.00876572	-16046.6
260	0.00668932	-15584.8
270	0.00668932	-15674.7
280	0.00668932	-15579
290	0.00668932	-15766.5
300	0.00668932	-15530.3
310	0.00668932	-15657.6
320	0.00668932	-15900.2
330	0.00668932	-15512.5
340	0.00668932	-15408.7
350	0.00668932	-15513.8
360	0.00668932	-15758.3
370	0.00668932	-15336.7
380	0.00668932	-15888.5
390	0.00668932	-15728
400	0.00668932	-15675.2
410	0.00668932	-15431.6
420	0.00668932	-15561.2
430	0.00668932	-15704
440	0.00668932	-15432.7
450	0.00668932	-15645.6
460	0.00668932	-15693.6
470	0.00668932	-15896.6
480	0.00668932	-15478.3
490	0.00668932	-15277.7
500	0.00668932	-16397.9
510	0.00668932	-15878.1
520	0.00668932	-15556.2
530	0.00668932	-15930.8
540	0.00668932	-15653.6
550	0.00668932	-15980
560	0.00668932	-15811.8
570	0.00668932	-15727.8
580	0.00668932	-15451.5
590	0.00668932	-15562.5
600	0.00668932	-15677.5
610	0.00668932	-15758.6
620	0.00668932	-15950.5
630	0.00668932	-15631.4
640	0.00668932	-15087.6
650	0.00668932	-15267.8
660	0.00668932	-15523.2
670	0.00668932	-16000
680	0.00668932	-15991.7
690	0.00668932	-15438.2
700	0.00668932	-15389.6
710	0.00668932	-15551.6
720	0.00668932	-15429.3
730	0.00668932	-15945.6
740	0.00668932	-15926.2
750	0.00668932	-15775.2
760	0.00668932	-15524.4
770	0.00668932	-15389.1
780	0.00668932	-16224
790	0.00668932	-16191.3
800	0.00668932	-15642.7
810	0.00668932	-15435.1
820	0.00668932	-15560.5
830	0.00668932	-15725.8
840	0.00668932	-15601.2
850	0.00668932	-15996.3
860	0.00668932	-15958.8
870	0.00668932	-16284.4
880	0.00668932	-15555.1
890	0.00668932	-15728.9
900	0.00668932	-15484.4
910	0.00668932	-15718.3
920	0.00668932	-15606.5
930	0.00668932	-15339.8
940	0.00668932	-15443.6
950	0.00668932	-15363.3
960	0.00668932	-15391.6
970	0.00668932	-15901.7
980	0.00668932	-15505.2
990	0.00668932	-15357
1000	0.00668932	-15232.7
260	0.00502648	-16182.3
270	0.00502648	-16150.6
280	0.00502648	-15712.2
290	0.00502648	-16020.2
300	0.00502648	-16419.1
310	0.00502648	-15312
320	0.00502648	-15801.9
330	0.00502648	-16469.6
340	0.00502648	-15459.9
350	0.00502648	-15352.8
360	0.00502648	-16053.8
370	0.00502648	-15823.7
380	0.00502648	-16131.9
390	0.00502648	-15734.3
400	0.00502648	-16328.3
410	0.00502648	-15750.3
420	0.00502648	-16843.3
430	0.00502648	-16017.4
440	0.00502648	-15777.1
450	0.00502648	-15709.8
460	0.00502648	-15705.4
470	0.00502648	-15735
480	0.00502648	-15618.5
490	0.00502648	-15491.4
500	0.00502648	-16148.1
510	0.00502648	-15762.3
520	0.00502648	-16250.7
530	0.00502648	-15679.1
540	0.00502648	-15488.4
550	0.00502648	-15949.3
560	0.00502648	-15429
570	0.00502648	-15632.2
580	0.00502648	-15796.6
590	0.00502648	-15976.4
600	0.00502648	-16510.3
610	0.00502648	-15697.5
620	0.00502648	-15818.3
630	0.00502648	-15256.9
640	0.00502648	-16427.5
650	0.00502648	-15817.6
660	0.00502648	-15575.6
670	0.00502648	-15664.1
680	0.00502648	-15505
690	0.00502648	-16791
700	0.00502648	-16178.1
710	0.00502648	-15924
720	0.00502648	-16307.2
730	0.00502648	-15611.2
740	0.00502648	-15998.5
750	0.00502648	-15905.3
760	0.00502648	-15173.4
770	0.00502648	-15180.2
780	0.00502648	-15397.2
790	0.00502648	-16645.2
800	0.00502648	-15636.9
810	0.00502648	-16352.1
820	0.00502648	-15545.5
830	0.00502648	-16086.3
840	0.00502648	-15849.7
850	0.00502648	-15952.9
860	0.00502648	-15758.2
870	0.00502648	-15520.9
880	0.00502648	-15650.1
890	0.00502648	-15672.9
900	0.00502648	-15704.1
910	0.00502648	-16123.7
920	0.00502648	-16420.6
930	0.00502648	-15532.8
940	0.00502648	-16514.6
950	0.00502648	-16298.2
960	0.00502648	-15914.2
970	0.00502648	-16022.8
980	0.00502648	-16503.5
990	0.00502648	-15294.9
1000	0.00502648	-15630.5
260	0.0037121	-16132.2
270	0.0037121	-16333.9
280	0.0037121	-16275.4
290	0.0037121	-15924.1
300	0.0037121	-16454.5
310	0.0037121	-16134.5
320	0.0037121	-15831
330	0.0037121	-15947.2
340	0.0037121	-15719.2
350	0.0037121	-17089.3
360	0.0037121	-15914.9
370	0.0037121	-16025.9
380	0.0037121	-16414.6
390	0.0037121	-16560.8
400	0.0037121	-16384.8
410	0.0037121	-16282.3
420	0.0037121	-16318.4
430	0.0037121	-15755.4
440	0.0037121	-16062.8
450	0.0037121	-15875.7
460	0.0037121	-15934.9
470	0.0037121	-16511.3
480	0.0037121	-16454.7
490	0.0037121	-15900.6
500	0.0037121	-16158.4
510	0.0037121	-16569
520	0.0037121	-16301.6
530	0.0037121	-15776.2
540	0.0037121	-15870.4
550	0.0037121	-15990
560	0.0037121	-15766.5
570	0.0037121	-16748.2
580	0.0037121	-16055.4
590	0.0037121	-15922.1
600	0.0037121	-16572.3
610	0.0037121	-15750.8
620	0.0037121	-16176.9
630	0.0037121	-15748.4
640	0.0037121	-16389.1
650	0.0037121	-16473.4
660	0.0037121	-17409
670	0.0037121	-16277.4
680	0.0037121	-16603.9
690	0.0037121	-16194.5
700	0.0037121	-16079.3
710	0.0037121	-16029
720	0.0037121	-15665.3
730	0.0037121	-18135
740	0.0037121	-16521.5
750	0.0037121	-16048.3
760	0.0037121	-16920.6
770	0.0037121	-16160.3
780	0.0037121	-16201.7
790	0.0037121	-15961.9
800	0.0037121	-15909.9
810	0.0037121	-15966
820	0.0037121	-16289.9
830	0.0037121	-16021.6
840	0.0037121	-15883.9
850	0.0037121	-17534.6
860	0.0037121	-15513.5
870	0.0037121	-15698.4
880	0.0037121	-15400.8
890	0.0037121	-15680.3
900	0.0037121	-16099.9
910	0.0037121	-16528
920	0.0037121	-16214.7
930	0.0037121	-16068.6
940	0.0037121	-16668
950	0.0037121	-16667.3
960	0.0037121	-16951.2
970	0.0037121	-16139.4
980	0.0037121	-16318.1
990	0.0037121	-15681.4
1000	0.0037121	-15910.1
260	0.00268829	-15900.1
270	0.00268829	-17250
280	0.00268829	-15990
290	0.00268829	-15932.5
300	0.00268829	-17838.4
310	0.00268829	-16029.2
320	0.00268829	-18261.4
330	0.00268829	-15723.1
340	0.00268829	-17765.5
350	0.00268829	-16664.3
360	0.00268829	-16662.8
370	0.00268829	-17147.9
380	0.00268829	-16273.7
390	0.00268829	-16347.6
400	0.00268829	-18057.6
410	0.00268829	-16445.7
420	0.00268829	-15933.4
430	0.00268829	-16603.2
440	0.00268829	-16321.2
450	0.00268829	-16474.2
460	0.00268829	-17788.9
470	0.00268829	-19333.2
480	0.00268829	-17474.7
490	0.00268829	-16288.8
500	0.00268829	-15607.4
510	0.00268829	-16183.9
520	0.00268829	-16539.1
530	0.00268829	-17483.6
540	0.00268829	-16571.6
550	0.00268829	-16858.9
560	0.00268829	-16781
570	0.00268829	-17049.3
580	0.00268829	-16400.3
590	0.00268829	-16766.7
600	0.00268829	-16454.2
610	0.00268829	-16533
620	0.00268829	-17158.4
630	0.00268829	-17274.9
640	0.00268829	-16353.7
650	0.00268829	-15978.2
660	0.00268829	-18156.4
670	0.00268829	-15840.5
680	0.00268829	-16969.1
690	0.00268829	-16989.3
700	0.00268829	-16187.8
710	0.00268829	-16184.7
720	0.00268829	-16657.9
730	0.00268829	-17519.8
740	0.00268829	-17042.7
750	0.00268829	-16330.9
760	0.00268829	-15859.4
770	0.00268829	-16146.5
780	0.00268829	-16086.1
790	0.00268829	-17133.3
800	0.00268829	-17343
810	0.00268829	-15786.2
820	0.00268829	-17484.8
830	0.00268829	-15910.2
840	0.00268829	-16471.2
850	0.00268829	-16165
860	0.00268829	-16215.2
870	0.00268829	-16813.8
880	0.00268829	-17265.1
890	0.00268829	-17318.7
900	0.00268829	-16974.9
910	0.00268829	-15941.6
920	0.00268829	-16440.2
930	0.00268829	-16835.3
940	0.00268829	-16099.9
950	0.00268829	-16466.7
960	0.00268829	-17373.6
970	0.00268829	-16846.8
980	0.00268829	-15871.1
990	0.00268829	-17142.2
1000	0.00268829	-16733.6
260	0.00190397	-18484.9
270	0.00190397	-17720.3
280	0.00190397	-17596.6
290	0.00190397	-16273.6
300	0.00190397	-16046
310	0.00190397	-17258.2
320	0.00190397	-15870.1
330	0.00190397	-17187.2
340	0.00190397	-17008.1
350	0.00190397	-15632.5
360	0.00190397	-15652.1
370	0.00190397	-15831.2
380	0.00190397	-16017.3
390	0.00190397	-15877.5
400	0.00190397	-16172.9
410	0.00190397	-16567.8
420	0.00190397	-17807.5
430	0.00190397	-16216.5
440	0.00190397	-18147.6
450	0.00190397	-16521.4
460	0.00190397	-16123.8
470	0.00190397	-16360
480	0.00190397	-16155.1
490	0.00190397	-17747
500	0.00190397	-16885.2
510	0.00190397	-16024.1
520	0.00190397	-17738.8
530	0.00190397	-20426.4
540	0.00190397	-16353
550	0.00190397	-18102
560	0.00190397	-16650.8
570	0.00190397	-19092.3
580	0.00190397	-16324.3
590	0.00190397	-16794.7
600	0.00190397	-16036.1
610	0.00190397	-16697.3
620	0.00190397	-16643
630	0.00190397	-18989.3
640	0.00190397	-16047.9
650	0.00190397	-16573.7
660	0.00190397	-16429.4
670	0.00190397	-15972.5
680	0.00190397	-17708.8
690	0.00190397	-15396
700	0.00190397	-16573.7
710	0.00190397	-16560
720	0.00190397	-16470.3
730	0.00190397	-16673
740	0.00190397	-19581.3
750	0.00190397	-17752.9
760	0.00190397	-15764.2
770	0.00190397	-16230.3
780	0.00190397	-16740.9
790	0.00190397	-17539.5
800	0.00190397	-15862.4
810	0.00190397	-16516.5
820	0.00190397	-15997.4
830	0.00190397	-17613.4
840	0.00190397	-15691.1
850	0.00190397	-16313.7
860	0.00190397	-15607.3
870	0.00190397	-15904.5
880	0.00190397	-16878.4
890	0.00190397	-19381.2
900	0.00190397	-17123.4
910	0.00190397	-17025.1
920	0.00190397	-16233.2
930	0.00190397	-15824.3
940	0.00190397	-16967
950	0.00190397	-17767.8
960	0.00190397	-17379.2
970	0.00190397	-17582.1
980	0.00190397	-16338.9
990	0.00190397	-15844.3
1000	0.00190397	-16980
260	0.00131443	-16078.9
270	0.00131443	-17478.7
280	0.00131443	-17447.2
290	0.00131443	-16134
300	0.00131443	-16529.2
310	0.00131443	-16155.9
320	0.00131443	-18157.9
330	0.00131443	-17899.2
340	0.00131443	-17661.1
350	0.00131443	-19010.5
360	0.00131443	-19528.8
370	0.00131443	-18882.8
380	0.00131443	-17002.7
390	0.00131443	-17542.6
400	0.00131443	-17640.5
410	0.00131443	-18477.8
420	0.00131443	-16993.3
430	0.00131443	-18175.9
440	0.00131443	-16405.9
450	0.00131443	-17683.1
460	0.00131443	-17105.8
470	0.00131443	-16384.3
480	0.00131443	-17925
490	0.00131443	-17857.6
500	0.00131443	-16943.1
510	0.00131443	-17906.8
520	0.00131443	-17888.3
530	0.00131443	-18307.9
540	0.00131443	-17216
550	0.00131443	-16827.3
560	0.00131443	-16993.4
570	0.00131443	-19258.7
580	0.00131443	-16135.5
590	0.00131443	-18550.7
600	0.00131443	-17759.9
610	0.00131443	-15500.6
620	0.00131443	-16084.5
630	0.00131443	-19896.2
640	0.00131443	-18114.2
650	0.00131443	-18426.7
660	0.00131443	-16769
670	0.00131443	-16441.5
680	0.00131443	-17700.4
690	0.00131443	-18640.7
700	0.00131443	-17542.3
710	0.00131443	-15647.5
720	0.00131443	-15953.1
730	0.00131443	-18496.7
740	0.00131443	-18112.4
750	0.00131443	-18024.9
760	0.00131443	-17530.4
770	0.00131443	-18833.8
780	0.00131443	-16190.9
790	0.00131443	-16413.6
800	0.00131443	-15935
810	0.00131443	-19596.1
820	0.00131443	-18700.9
830	0.00131443	-20233.9
840	0.00131443	-17723
850	0.00131443	-17736.8
860	0.00131443	-19156.2
870	0.00131443	-16854
880	0.00131443	-17647
890	0.00131443	-17436.3
900	0.00131443	-18324
910	0.00131443	-18023.3
920	0.00131443	-17125.5
930	0.00131443	-16695
940	0.00131443	-17673.6
950	0.00131443	-20604.1
960	0.00131443	-17454.2
970	0.00131443	-16671.4
980	0.00131443	-18129.6
990	0.00131443	-21065.3
1000	0.00131443	-18289.3
260	0.000880898	-15742.7
270	0.000880898	-17100.5
280	0.000880898	-18566
290	0.000880898	-17662.9
300	0.000880898	-18385.9
310	0.000880898	-22438.1
320	0.000880898	-17366.4
330	0.000880898	-16677.8
340	0.000880898	-21162.6
350	0.000880898	-21487.1
360	0.000880898	-19616.6
370	0.000880898	-15891.6
380	0.000880898	-15774.4
390	0.000880898	-19068.7
400	0.000880898	-18443
410	0.000880898	-17045.9
420	0.000880898	-16769
430	0.000880898	-18208.2
440	0.000880898	-17813.2
450	0.000880898	-15704.3
460	0.000880898	-24142.7
470	0.000880898	-17073.6
480	0.000880898	-16186.4
490	0.000880898	-17231.1
500	0.000880898	-18884.1
510	0.000880898	-17661.1
520	0.000880898	-17413.2
530	0.000880898	-17437.2
540	0.000880898	-16413.5
550	0.000880898	-16252.1
560	0.000880898	-18277
570	0.000880898	-17000.1
580	0.000880898	-23733.2
590	0.000880898	-19275
600	0.000880898	-19770
610	0.000880898	-17540.6
620	0.000880898	-18493.8
630	0.000880898	-16102.8
640	0.000880898	-16072.6
650	0.000880898	-16259
660	0.000880898	-17317.3
670	0.000880898	-17563.6
680	0.000880898	-17197.1
690	0.000880898	-19236.5
700	0.000880898	-16797.9
710	0.000880898	-20676.6
720	0.000880898	-22171.3
730	0.000880898	-18334.6
740	0.000880898	-19505
750	0.000880898	-18751.7
760	0.000880898	-20908.3
770	0.000880898	-16773
780	0.000880898	-16120.8
790	0.000880898	-16106.6
800	0.000880898	-18279.6
810	0.000880898	-19543.9
820	0.000880898	-21213.5
830	0.000880898	-23199.6
840	0.000880898	-16526.2
850	0.000880898	-22200.4
860	0.000880898	-19669
870	0.000880898	-17586.1
880	0.000880898	-18212.1
890	0.000880898	-19444.6
900	0.000880898	-18101.6
910	0.000880898	-17240.9
920	0.000880898	-17446.6
930	0.000880898	-18997.7
940	0.000880898	-16973.8
950	0.000880898	-16839
960	0.000880898	-20133.5
970	0.000880898	-18898.5
980	0.000880898	-20277.9
990	0.000880898	-17714.8
1000	0.000880898	-17423.8
260	0.000570142	-20593.6
270	0.000570142	-26807.4
280	0.000570142	-21281.7
290	0.000570142	-24727.4
300	0.000570142	-18752
310	0.000570142	-20469
320	0.000570142	-24178.9
330	0.000570142	-23692.5
340	0.000570142	-21147
350	0.000570142	-17268.5
360	0.000570142	-17943.4
370	0.000570142	-18232.2
380	0.000570142	-17412.9
390	0.000570142	-26570.7
400	0.000570142	-23592.2
410	0.000570142	-18209.4
420	0.000570142	-16985.9
430	0.000570142	-21613.9
440	0.000570142	-20705.4
450	0.000570142	-23617.6
460	0.000570142	-19535.2
470	0.000570142	-18830.3
480	0.000570142	-20399.2
490	0.000570142	-22017.2
500	0.000570142	-17728.8
510	0.000570142	-19727.5
520	0.000570142	-19286.7
530	0.000570142	-19128.2
540	0.000570142	-20848.9
550	0.000570142	-20178
560	0.000570142	-27624.9
570	0.000570142	-19686.3
580	0.000570142	-26890
590	0.000570142	-17938.6
600	0.000570142	-18827.6
610	0.000570142	-30497.9
620	0.000570142	-17573.4
630	0.000570142	-26189.6
640	0.000570142	-20154.9
650	0.000570142	-21159.4
660	0.000570142	-20085.5
670	0.000570142	-17856.5
680	0.000570142	-17640
690	0.000570142	-21650.6
700	0.000570142	-24767.1
710	0.000570142	-19408
720	0.000570142	-20013.7
730	0.000570142	-20294.7
740	0.000570142	-20466.9
750	0.000570142	-19823.6
760	0.000570142	-21049.9
770	0.000570142	-17579.4
780	0.000570142	-20964.3
790	0.000570142	-24199.3
800	0.000570142	-27493
810	0.000570142	-20383.6
820	0.000570142	-23316.4
830	0.000570142	-21941.9
840	0.000570142	-20385.3
850	0.000570142	-16688.4
860	0.000570142	-20308.9
870	0.000570142	-18658.1
880	0.000570142	-19780.5
890	0.000570142	-21860.8
900	0.000570142	-17946.8
910	0.000570142	-25764.7
920	0.000570142	-16365.1
930	0.000570142	-24831.7
940	0.000570142	-19771.4
950	0.000570142	-22287.5
960	0.000570142	-25401.4
970	0.000570142	-19560
980	0.000570142	-20476.4
990	0.000570142	-21006.6
1000	0.000570142	-17135.3
260	0.000354013	-24047.8
270	0.000354013	-18773.1
280	0.000354013	-21074.7
290	0.000354013	-24529.4
300	0.000354013	-18497.8
310	0.000354013	-24739.8
320	0.000354013	-22488.9
330	0.000354013	-24571.6
340	0.000354013	-19751
350	0.000354013	-20154.2
360	0.000354013	-22910.3
370	0.000354013	-20147.6
380	0.000354013	-19385.2
390	0.000354013	-28093.1
400	0.000354013	-21620.3
410	0.000354013	-26420.5
420	0.000354013	-26001.6
430	0.000354013	-17204
440	0.000354013	-19127.1
450	0.000354013	-18617.6
460	0.000354013	-19541.2
470	0.000354013	-18600.4
480	0.000354013	-18138.4
490	0.000354013	-24186.5
500	0.000354013	-24938.1
510	0.000354013	-23236
520	0.000354013	-30526.6
530	0.000354013	-19169.2
540	0.000354013	-20798.3
550	0.000354013	-21363.7
560	0.000354013	-26322
570	0.000354013	-22763.2
580	0.000354013	-26523.7
590	0.000354013	-26572.1
600	0.000354013	-18262.7
610	0.000354013	-16813.5
620	0.000354013	-26273.9
630	0.000354013	-20962.8
640	0.000354013	-19084.7
650	0.000354013	-21834.4
660	0.000354013	-20346.1
670	0.000354013	-22337.1
680	0.000354013	-19519.8
690	0.000354013	-31475.5
700	0.000354013	-22788.2
710	0.000354013	-17382.8
720	0.000354013	-33618
730	0.000354013	-17959.6
740	0.000354013	-28843.6
750	0.000354013	-28544.1
760	0.000354013	-28563.6
770	0.000354013	-20173.9
780	0.000354013	-33378.2
790	0.000354013	-23811
800	0.000354013	-17998
810	0.000354013	-33138.1
820	0.000354013	-19025
830	0.000354013	-20705.8
840	0.000354013	-23281.4
850	0.000354013	-20704.4
860	0.000354013	-18592.6
870	0.000354013	-23281.3
880	0.000354013	-26223.3
890	0.000354013	-26231.3
900	0.000354013	-18323.9
910	0.000354013	-20309.4
920	0.000354013	-19688.7
930	0.000354013	-19909.9
940	0.000354013	-19797.6
950	0.000354013	-23991.5
960	0.000354013	-23998.4
970	0.000354013	-21807.5
980	0.000354013	-19300
990	0.000354013	-17880.5
1000	0.000354013	-20149.4
260	0.000209041	-18902.5
270	0.000209041	-31574.6
280	0.000209041	-32475.5
290	0.000209041	-33734.1
300	0.000209041	-23402.5
310	0.000209041	-38551.9
320	0.000209041	-18165.5
330	0.000209041	-25328.5
340	0.000209041	-43451
350	0.000209041	-30359
360	0.000209041	-33253.1
370	0.000209041	-28931.1
380	0.000209041	-21427.7
390	0.000209041	-33100.7
400	0.000209041	-24661.9
410	0.000209041	-22834.4
420	0.000209041	-19818.4
430	0.000209041	-29795.7
440	0.000209041	-23431.2
450	0.000209041	-22907.5
460	0.000209041	-24653
470	0.000209041	-23830.9
480	0.000209041	-29984.4
490	0.000209041	-26890.6
500	0.000209041	-25899.1
510	0.000209041	-21202.9
520	0.000209041	-23322
530	0.000209041	-30069.3
540	0.000209041	-19258.9
550	0.000209041	-34211.7
560	0.000209041	-35558.4
570	0.000209041	-30436.3
580	0.000209041	-28306.2
590	0.000209041	-39588
600	0.000209041	-30390.9
610	0.000209041	-36086.8
620	0.000209041	-18202.8
630	0.000209041	-29035
640	0.000209041	-23596.3
650	0.000209041	-48156.8
660	0.000209041	-45837.1
670	0.000209041	-25177.9
680	0.000209041	-34242.1
690	0.000209041	-37394.2
700	0.000209041	-22292.6
710	0.000209041	-18796.2
720	0.000209041	-21419.8
730	0.000209041	-30857.6
740	0.000209041	-30211.6
750	0.000209041	-18136
760	0.000209041	-28235
770	0.000209041	-23848
780	0.000209041	-43396.3
790	0.000209041	-45383.9
800	0.000209041	-22123
810	0.000209041	-34558.7
820	0.000209041	-26634
830	0.000209041	-27181
840	0.000209041	-23702.3
850	0.000209041	-21423
860	0.000209041	-21604.2
870	0.000209041	-23289.6
880	0.000209041	-18700.6
890	0.000209041	-32237.5
900	0.000209041	-30170.9
910	0.000209041	-30035.8
920	0.000209041	-25118.8
930	0.000209041	-22364.6
940	0.000209041	-25557.4
950	0.000209041	-32420.2
960	0.000209041	-29621.5
970	0.000209041	-32967.6
980	0.000209041	-18017.6
990	0.000209041	-26230.1
1000	0.000209041	-46085.5
260	0.000116003	-71203.8
270	0.000116003	-26728.4
280	0.000116003	-37697.5
290	0.000116003	-35451.9
300	0.000116003	-46527.5
310	0.000116003	-42490.5
320	0.000116003	-19382.2
330	0.000116003	-22041.9
340	0.000116003	-61556.3
350	0.000116003	-30846.1
360	0.000116003	-27579.3
370	0.000116003	-37558.1
380	0.000116003	-65575.2
390	0.000116003	-67847
400	0.000116003	-63938.2
410	0.000116003	-24693.3
420	0.000116003	-36466
430	0.000116003	-31551.6
440	0.000116003	-59732.8
450	0.000116003	-31791.1
460	0.000116003	-21651.4
470	0.000116003	-22729.2
480	0.000116003	-28062
490	0.000116003	-25322.9
500	0.000116003	-24669.2
510	0.000116003	-34192.7
520	0.000116003	-24367.9
530	0.000116003	-67523
540	0.000116003	-38103.8
550	0.000116003	-31460.3
560	0.000116003	-43211.2
570	0.000116003	-28919
580	0.000116003	-54057.2
590	0.000116003	-48985.3
600	0.000116003	-31895.7
610	0.000116003	-28172.2
620	0.000116003	-31117.2
630	0.000116003	-50013.9
640	0.000116003	-78853.8
650	0.000116003	-27104.4
660	0.000116003	-30112.6
670	0.000116003	-62657.9
680	0.000116003	-42702.9
690	0.000116003	-35307.6
700	0.000116003	-26352.3
710	0.000116003	-21318.6
720	0.000116003	-50544.5
730	0.000116003	-78449.8
740	0.000116003	-39042.6
750	0.000116003	-35786.4
760	0.000116003	-43339.4
770	0.000116003	-59235.5
780	0.000116003	-47213.3
790	0.000116003	-69194.6
800	0.000116003	-35495.2
810	0.000116003	-21640.4
820	0.000116003	-44956.6
830	0.000116003	-39778.7
840	0.000116003	-47505.1
850	0.000116003	-98974
860	0.000116003	-27589.4
870	0.000116003	-86276.7
880	0.000116003	-52206.1
890	0.000116003	-41984.7
900	0.000116003	-24270.8
910	0.000116003	-46591.5
920	0.000116003	-55147.3
930	0.000116003	-58059.2
940	0.000116003	-59674.3
950	0.000116003	-72738.4
960	0.000116003	-34547.3
970	0.000116003	-74715.5
980	0.000116003	-47001.1
990	0.000116003	-29126.9
1000	0.000116003	-60707.6
260	5.9499e-05	-65462.9
270	5.9499e-05	-43945.5
280	5.9499e-05	-56365
290	5.9499e-05	-34526.1
300	5.9499e-05	-64672.1
310	5.9499e-05	-130677
320	5.9499e-05	-60076.7
330	5.9499e-05	-37505
340	5.9499e-05	-122505
350	5.9499e-05	-101493
360	5.9499e-05	-121003
370	5.9499e-05	-103007
380	5.9499e-05	-35216.5
390	5.9499e-05	-80437.7
400	5.9499e-05	-36102.1
410	5.9499e-05	-103149
420	5.9499e-05	-64624.9
430	5.9499e-05	-106249
440	5.9499e-05	-65584.9
450	5.9499e-05	-60661.8
460	5.9499e-05	-51774.1
470	5.9499e-05	-107489
480	5.9499e-05	-91307.5
490	5.9499e-05	-115551
500	5.9499e-05	-111683
510	5.9499e-05	-36924.4
520	5.9499e-05	-103549
530	5.9499e-05	-107917
540	5.9499e-05	-120498
550	5.9499e-05	-105629
560	5.9499e-05	-126337
570	5.9499e-05	-90365.4
580	5.9499e-05	-82789.2
590	5.9499e-05	-92343.5
600	5.9499e-05	-80944.4
610	5.9499e-05	-127379
620	5.9499e-05	-102226
630	5.9499e-05	-63925.8
640	5.9499e-05	-45806
650	5.9499e-05	-27634.1
660	5.9499e-05	-66517.9
670	5.9499e-05	-104674
680	5.9499e-05	-122888
690	5.9499e-05	-18392.1
700	5.9499e-05	-105634
710	5.9499e-05	-73960.1
720	5.9499e-05	-110621
730	5.9499e-05	-83711.3
740	5.9499e-05	-110077
750	5.9499e-05	-87803.4
760	5.9499e-05	-48424.9
770	5.9499e-05	-23128
780	5.9499e-05	-104384
790	5.9499e-05	-55119.2
800	5.9499e-05	-38497.4
810	5.9499e-05	-72798.2
820	5.9499e-05	-97905.8
830	5.9499e-05	-66940.3
840	5.9499e-05	-33122.4
850	5.9499e-05	-119035
860	5.9499e-05	-56062.7
870	5.9499e-05	-102121
880	5.9499e-05	-108107
890	5.9499e-05	-90345.5
900	5.9499e-05	-89326.3
910	5.9499e-05	-34400.1
920	5.9499e-05	-112549
930	5.9499e-05	-142487
940	5.9499e-05	-55225.6
950	5.9499e-05	-131420
960	5.9499e-05	-114421
970	5.9499e-05	-113989
980	5.9499e-05	-141872
990	5.9499e-05	-122743
1000	5.9499e-05	-52953.2
260	2.75281e-05	-49219.6
270	2.75281e-05	-82306.6
280	2.75281e-05	-123670
290	2.75281e-05	-73809.7
300	2.75281e-05	-56533.5
310	2.75281e-05	-158716
320	2.75281e-05	-157135
330	2.75281e-05	-88207.6
340	2.75281e-05	-131669
350	2.75281e-05	-138891
360	2.75281e-05	-120951
370	2.75281e-05	-124712
380	2.75281e-05	-125962
390	2.75281e-05	-113980
400	2.75281e-05	-112263
410	2.75281e-05	-123177
420	2.75281e-05	-108436
430	2.75281e-05	-141943
440	2.75281e-05	-154706
450	2.75281e-05	-153416
460	2.75281e-05	-105741
470	2.75281e-05	-94615.1
480	2.75281e-05	-33704.1
490	2.75281e-05	-65593.8
500	2.75281e-05	-120980
510	2.75281e-05	-107125
520	2.75281e-05	-131070
530	2.75281e-05	-82692.9
540	2.75281e-05	-96681.8
550	2.75281e-05	-122419
560	2.75281e-05	-121766
570	2.75281e-05	-70244.7
580	2.75281e-05	-153002
590	2.75281e-05	-127858
600	2.75281e-05	-116942
610	2.75281e-05	-134866
620	2.75281e-05	-98262.1
630	2.75281e-05	-120971
640	2.75281e-05	-123804
650	2.75281e-05	-107267
660	2.75281e-05	-115177
670	2.75281e-05	-108053
680	2.75281e-05	-115842
690	2.75281e-05	-117619
700	2.75281e-05	-103946
710	2.75281e-05	-174800
720	2.75281e-05	-111901
730	2.75281e-05	-148966
740	2.75281e-05	-116208
750	2.75281e-05	-101943
760	2.75281e-05	-54980.3
770	2.75281e-05	-97760.2
780	2.75281e-05	-109702
790	2.75281e-05	-142791
800	2.75281e-05	-117822
810	2.75281e-05	-102990
820	2.75281e-05	-115403
830	2.75281e-05	-121791
840	2.75281e-05	-83381.8
850	2.75281e-05	-99173.7
860	2.75281e-05	-108118
870	2.75281e-05	-107757
880	2.75281e-05	-116114
890	2.75281e-05	-118135
900	2.75281e-05	-111348
910	2.75281e-05	-83697.5
920	2.75281e-05	-77596
930	2.75281e-05	-44155.5
940	2.75281e-05	-44515.3
950	2.75281e-05	-72162.1
960	2.75281e-05	-99336.2
970	2.75281e-05	-82822.2
980	2.75281e-05	-115843
990	2.75281e-05	-109453
1000	2.75281e-05	-89805.4
260	1.10629e-05	-129283
270	1.10629e-05	-104217
280	1.10629e-05	-111440
290	1.10629e-05	-116983
300	1.10629e-05	-112858
310	1.10629e-05	-97233.9
320	1.10629e-05	-96587.9
330	1.10629e-05	-138868
340	1.10629e-05	-134047
350	1.10629e-05	-126910
360	1.10629e-05	-100937
370	1.10629e-05	-96896.9
380	1.10629e-05	-103485
390	1.10629e-05	-133969
400	1.10629e-05	-144044
410	1.10629e-05	-134361
420	1.10629e-05	-154195
430	1.10629e-05	-114083
440	1.10629e-05	-99982.1
450	1.10629e-05	-63021.3
460	1.10629e-05	-106863
470	1.10629e-05	-107406
480	1.10629e-05	-106221
490	1.10629e-05	-122433
500	1.10629e-05	-191828
510	1.10629e-05	-129355
520	1.10629e-05	-171198
530	1.10629e-05	-131650
540	1.10629e-05	-157475
550	1.10629e-05	-129147
560	1.10629e-05	-155539
570	1.10629e-05	-110399
580	1.10629e-05	-125900
590	1.10629e-05	-97964.2
600	1.10629e-05	-95991.1
610	1.10629e-05	-112376
620	1.10629e-05	-102246
630	1.10629e-05	-212282
640	1.10629e-05	-130111
650	1.10629e-05	-111003
660	1.10629e-05	-90853.6
670	1.10629e-05	-146747
680	1.10629e-05	-131311
690	1.10629e-05	-125035
700	1.10629e-05	-43651.4
710	1.10629e-05	-42334.2
720	1.10629e-05	-98986.1
730	1.10629e-05	-152126
740	1.10629e-05	-114828
750	1.10629e-05	-147705
760	1.10629e-05	-133300
770	1.10629e-05	-107725
780	1.10629e-05	-140743
790	1.10629e-05	-80719.9
800	1.10629e-05	-117122
810	1.10629e-05	-60358.1
820	1.10629e-05	-110482
830	1.10629e-05	-117931
840	1.10629e-05	-102107
850	1.10629e-05	-102735
860	1.10629e-05	-115952
870	1.10629e-05	-163024
880	1.10629e-05	-149425
890	1.10629e-05	-120183
900	1.10629e-05	-115609
910	1.10629e-05	-125405
920	1.10629e-05	-124455
930	1.10629e-05	-115634
940	1.10629e-05	-133225
950	1.10629e-05	-111582
960	1.10629e-05	-66883.3
970	1.10629e-05	-114460
980	1.10629e-05	-106109
990	1.10629e-05	-139891
1000	1.10629e-05	-100760
260	3.6251e-06	-157218
270	3.6251e-06	-115826
280	3.6251e-06	-130739
290	3.6251e-06	-88135.4
300	3.6251e-06	-127357
310	3.6251e-06	-100975
320	3.6251e-06	-121609
330	3.6251e-06	-104861
340	3.6251e-06	-131086
350	3.6251e-06	-98142.1
360	3.6251e-06	-60215.8
370	3.6251e-06	-110577
380	3.6251e-06	-141101
390	3.6251e-06	-116089
400	3.6251e-06	-110288
410	3.6251e-06	-126591
420	3.6251e-06	-154939
430	3.6251e-06	-106868
440	3.6251e-06	-161479
450	3.6251e-06	-120670
460	3.6251e-06	-193611
470	3.6251e-06	-135538
480	3.6251e-06	-135031
490	3.6251e-06	-109394
500	3.6251e-06	-113619
510	3.6251e-06	-145495
520	3.6251e-06	-147045
530	3.6251e-06	-162454
540	3.6251e-06	-140789
550	3.6251e-06	-125122
560	3.6251e-06	-99930.3
570	3.6251e-06	-153768
580	3.6251e-06	-143588
590	3.6251e-06	-152418
600	3.6251e-06	-109485
610	3.6251e-06	-161314
620	3.6251e-06	-165287
630	3.6251e-06	-142990
640	3.6251e-06	-114995
650	3.6251e-06	-145739
660	3.6251e-06	-137816
670	3.6251e-06	-123974
680	3.6251e-06	-122130
690	3.6251e-06	-172930
700	3.6251e-06	-109127
710	3.6251e-06	-131746
720	3.6251e-06	-141387
730	3.6251e-06	-110877
740	3.6251e-06	-85616.9
750	3.6251e-06	-144665
760	3.6251e-06	-119813
770	3.6251e-06	-101001
780	3.6251e-06	-194484
790	3.6251e-06	-46212.3
800	3.6251e-06	-107350
810	3.6251e-06	-125579
820	3.6251e-06	-117709
830	3.6251e-06	-135905
840	3.6251e-06	-139005
850	3.6251e-06	-125491
860	3.6251e-06	-119283
870	3.6251e-06	-80695.6
880	3.6251e-06	-92793
890	3.6251e-06	-117493
900	3.6251e-06	-101515
910	3.6251e-06	-111262
920	3.6251e-06	-116500
930	3.6251e-06	-110662
940	3.6251e-06	-130397
950	3.6251e-06	-104215
960	3.6251e-06	-162997
970	3.6251e-06	-124073
980	3.6251e-06	-114217
990	3.6251e-06	-89035.8
1000	3.6251e-06	-159621
260	8.60252e-07	-106393
270	8.60252e-07	-151803
280	8.60252e-07	-125366
290	8.60252e-07	-113458
300	8.60252e-07	-113166
310	8.60252e-07	-84606.1
320	8.60252e-07	-192775
330	8.60252e-07	-67310.3
340	8.60252e-07	-82484.4
350	8.60252e-07	-97187
360	8.60252e-07	-131166
370	8.60252e-07	-64589.9
380	8.60252e-07	-109081
390	8.60252e-07	-123440
400	8.60252e-07	-118506
410	8.60252e-07	-107800
420	8.60252e-07	-133944
430	8.60252e-07	-133255
440	8.60252e-07	-119447
450	8.60252e-07	-114769
460	8.60252e-07	-142249
470	8.60252e-07	-132935
480	8.60252e-07	-122799
490	8.60252e-07	-141114
500	8.60252e-07	-123515
510	8.60252e-07	-109522
520	8.60252e-07	-180725
530	8.60252e-07	-139684
540	8.60252e-07	-127367
550	8.60252e-07	-85242.9
560	8.60252e-07	-113105
570	8.60252e-07	-90049.5
580	8.60252e-07	-123769
590	8.60252e-07	-162730
600	8.60252e-07	-129073
610	8.60252e-07	-192916
620	8.60252e-07	-143997
630	8.60252e-07	-138622
640	8.60252e-07	-119115
650	8.60252e-07	-131141
660	8.60252e-07	-138907
670	8.60252e-07	-111863
680	8.60252e-07	-119425
690	8.60252e-07	-128623
700	8.60252e-07	-111098
710	8.60252e-07	-97519.5
720	8.60252e-07	-137752
730	8.60252e-07	-110355
740	8.60252e-07	-109728
750	8.60252e-07	-115249
760	8.60252e-07	-144898
770	8.60252e-07	-116095
780	8.60252e-07	-123007
790	8.60252e-07	-108202
800	8.60252e-07	-124955
810	8.60252e-07	-111841
820	8.60252e-07	-151064
830	8.60252e-07	-108879
840	8.60252e-07	-116475
850	8.60252e-07	-117588
860	8.60252e-07	-91045.3
870	8.60252e-07	-101004
880	8.60252e-07	-118095
890	8.60252e-07	-167874
900	8.60252e-07	-111962
910	8.60252e-07	-133297
920	8.60252e-07	-113076
930	8.60252e-07	-135192
940	8.60252e-07	-189831
950	8.60252e-07	-203450
960	8.60252e-07	-108528
970	8.60252e-07	-112622
980	8.60252e-07	-229456
990	8.60252e-07	-204737
1000	8.60252e-07	-135276
260	1.13284e-07	-113283
270	1.13284e-07	-106619
280	1.13284e-07	-113408
290	1.13284e-07	-136443
300	1.13284e-07	-156632
310	1.13284e-07	-88702.3
320	1.13284e-07	-165270
330	1.13284e-07	-122754
340	1.13284e-07	-127874
350	1.13284e-07	-89215.5
360	1.13284e-07	-123523
370	1.13284e-07	-173181
380	1.13284e-07	-141141
390	1.13284e-07	-116724
400	1.13284e-07	-116358
410	1.13284e-07	-92845.5
420	1.13284e-07	-103236
430	1.13284e-07	-68636.4
440	1.13284e-07	-144960
450	1.13284e-07	-144125
460	1.13284e-07	-154932
470	1.13284e-07	-57780.4
480	1.13284e-07	-80656.6
490	1.13284e-07	-100467
500	1.13284e-07	-196606
510	1.13284e-07	-126211
520	1.13284e-07	-124071
530	1.13284e-07	-128379
540	1.13284e-07	-170657
550	1.13284e-07	-115334
560	1.13284e-07	-124854
570	1.13284e-07	-131591
580	1.13284e-07	-156550
590	1.13284e-07	-110290
600	1.13284e-07	-137685
610	1.13284e-07	-131208
620	1.13284e-07	-73985
630	1.13284e-07	-117789
640	1.13284e-07	-107369
650	1.13284e-07	-104429
660	1.13284e-07	-103865
670	1.13284e-07	-119597
680	1.13284e-07	-127905
690	1.13284e-07	-264250
700	1.13284e-07	-218114
710	1.13284e-07	-218649
720	1.13284e-07	-123685
730	1.13284e-07	-85896.5
740	1.13284e-07	-153038
750	1.13284e-07	-146700
760	1.13284e-07	-127638
770	1.13284e-07	-79693.8
780	1.13284e-07	-115134
790	1.13284e-07	-142513
800	1.13284e-07	-119261
810	1.13284e-07	-104241
820	1.13284e-07	-166056
830	1.13284e-07	-134272
840	1.13284e-07	-103790
850	1.13284e-07	-129198
860	1.13284e-07	-147654
870	1.13284e-07	-125173
880	1.13284e-07	-137887
890	1.13284e-07	-132486
900	1.13284e-07	-133616
910	1.13284e-07	-126614
920	1.13284e-07	-134771
930	1.13284e-07	-112286
940	1.13284e-07	-240972
950	1.13284e-07	-114619
960	1.13284e-07	-114652
970	1.13284e-07	-62558.2
980	1.13284e-07	-94275.9
990	1.13284e-07	-114827
1000	1.13284e-07	-143025
260	3.54013e-09	-200839
270	3.54013e-09	-117367
280	3.54013e-09	-108568
290	3.54013e-09	-117164
300	3.54013e-09	-122550
310	3.54013e-09	-160286
320	3.54013e-09	-129440
330	3.54013e-09	-107103
340	3.54013e-09	-62136.2
350	3.54013e-09	-135684
360	3.54013e-09	-110103
370	3.54013e-09	-165167
380	3.54013e-09	-114125
390	3.54013e-09	-123957
400	3.54013e-09	-116381
410	3.54013e-09	-109656
420	3.54013e-09	-110713
430	3.54013e-09	-83118.2
440	3.54013e-09	-130185
450	3.54013e-09	-110862
460	3.54013e-09	-114889
470	3.54013e-09	-122851
480	3.54013e-09	-145233
490	3.54013e-09	-147608
500	3.54013e-09	-138641
510	3.54013e-09	-164758
520	3.54013e-09	-143608
530	3.54013e-09	-93972.3
540	3.54013e-09	-122655
550	3.54013e-09	-104992
560	3.54013e-09	-143302
570	3.54013e-09	-55360.4
580	3.54013e-09	-127120
590	3.54013e-09	-97491.2
600	3.54013e-09	-135550
610	3.54013e-09	-116519
620	3.54013e-09	-198413
630	3.54013e-09	-125725
640	3.54013e-09	-89945.1
650	3.54013e-09	-111408
660	3.54013e-09	-90908.4
670	3.54013e-09	-70613.4
680	3.54013e-09	-155076
690	3.54013e-09	-116522
700	3.54013e-09	-106397
710	3.54013e-09	-217053
720	3.54013e-09	-109428
730	3.54013e-09	-151361
740	3.54013e-09	-162412
750	3.54013e-09	-108951
760	3.54013e-09	-118990
770	3.54013e-09	-102920
780	3.54013e-09	-76142.6
790	3.54013e-09	-136170
800	3.54013e-09	-80706.9
810	3.54013e-09	-89642
820	3.54013e-09	-98572.4
830	3.54013e-09	-123299
840	3.54013e-09	-153221
850	3.54013e-09	-108510
860	3.54013e-09	-118076
870	3.54013e-09	-173647
880	3.54013e-09	-151762
890	3.54013e-09	-107779
900	3.54013e-09	-144935
910	3.54013e-09	-128552
920	3.54013e-09	-139826
930	3.54013e-09	-121824
940	3.54013e-09	-121088
950	3.54013e-09	-133669
960	3.54013e-09	-116699
970	3.54013e-09	-100209
980	3.54013e-09	-128093
990	3.54013e-09	-128257
1000	3.54013e-09	-148097
260	1.16658e-302	-115331
270	1.16658e-302	-117306
280	1.16658e-302	-92204.9
290	1.16658e-302	-124181
300	1.16658e-302	-144441
310	1.16658e-302	-121721
320	1.16658e-302	-157480
330	1.16658e-302	-96913.5
340	1.16658e-302	-116558
350	1.16658e-302	-126974
360	1.16658e-302	-126102
370	1.16658e-302	-104830
380	1.16658e-302	-153569
390	1.16658e-302	-86148.6
400	1.16658e-302	-114416
410	1.16658e-302	-219911
420	1.16658e-302	-139058
430	1.16658e-302	-109310
440	1.16658e-302	-114351
450	1.16658e-302	-146900
460	1.16658e-302	-122711
470	1.16658e-302	-136551
480	1.16658e-302	-184474
490	1.16658e-302	-98718.2
500	1.16658e-302	-130152
510	1.16658e-302	-143256
520	1.16658e-302	-123347
530	1.16658e-302	-125174
540	1.16658e-302	-115816
550	1.16658e-302	-198494
560	1.16658e-302	-200730
570	1.16658e-302	-109374
580	1.16658e-302	-114007
590	1.16658e-302	-132053
600	1.16658e-302	-131001
610	1.16658e-302	-70138
620	1.16658e-302	-76421.5
630	1.16658e-302	-107066
640	1.16658e-302	-265489
650	1.16658e-302	-128487
660	1.16658e-302	-127581
670	1.16658e-302	-123827
680	1.16658e-302	-117331
690	1.16658e-302	-137704
700	1.16658e-302	-152187
710	1.16658e-302	-112311
720	1.16658e-302	-138958
730	1.16658e-302	-137805
740	1.16658e-302	-104359
750	1.16658e-302	-120053
760	1.16658e-302	-161043
770	1.16658e-302	-105765
780	1.16658e-302	-129275
790	1.16658e-302	-115004
800	1.16658e-302	-121941
810	1.16658e-302	-220086
820	1.16658e-302	-148174
830	1.16658e-302	-170348
840	1.16658e-302	-119184
850	1.16658e-302	-128935
860	1.16658e-302	-138561
870	1.16658e-302	-123240
880	1.16658e-302	-168514
890	1.16658e-302	-121752
900	1.16658e-302	-116935
910	1.16658e-302	-114573
920	1.16658e-302	-162026
930	1.16658e-302	-154703
940	1.16658e-302	-136306
950	1.16658e-302	-180435
960	1.16658e-302	-143510
970	1.16658e-302	-116024
980	1.16658e-302	-143873
990	1.16658e-302	-187883
1000	1.16658e-302	-116633
