Iteration	Posterior	Likelihood	Prior	age_uapaca	birth_rate	clock_rate	death_rate	denom	diversification	er[1]	er[2]	er[3]	er[4]	er[5]	er[6]	root_time	sf[1]	sf[2]	sf[3]	sf[4]	turnover
0	-14384.77	-14296.64	-88.13433	107.1137	0.2529257	0.0006200247	0.1318025	0.4788885	0.1211232	0.109664	0.284203	0.10695	0.0532635	0.360201	0.0857193	107.1137	0.268227	0.176131	0.276297	0.279345	0.5211115
10	-14346.94	-14266.46	-80.48072	82.28509	0.421043	0.0009128802	0.2557463	0.3925886	0.1652967	0.169054	0.265817	0.105881	0.042175	0.336899	0.080174	82.28509	0.262219	0.1755	0.287553	0.274728	0.6074114
20	-14354.06	-14268.48	-85.58598	77.62623	0.2351854	0.0007889801	0.006359555	0.9729594	0.2288258	0.146586	0.314245	0.0680203	0.074676	0.287038	0.109435	77.62623	0.273674	0.16599	0.271346	0.28899	0.0270406
30	-14363.65	-14282.24	-81.41356	78.75433	0.4554925	0.0008380313	0.1379954	0.6970413	0.3174971	0.157894	0.241157	0.123869	0.0727891	0.309758	0.0945326	78.75433	0.259464	0.191192	0.260082	0.289262	0.3029587
40	-14365.15	-14284.5	-80.65541	103.2581	0.374997	0.000860421	0.2174534	0.4201196	0.1575436	0.124494	0.254628	0.130788	0.0750951	0.314665	0.10033	103.2581	0.257791	0.178767	0.276273	0.28717	0.5798804
50	-14377.51	-14295.2	-82.31183	69.301	0.278173	0.0009758032	0.07200221	0.7411603	0.2061708	0.167612	0.24257	0.088856	0.131495	0.263621	0.105845	69.301	0.270299	0.180277	0.270038	0.279385	0.2588397
60	-14382.7	-14303.64	-79.06292	99.76112	0.3606597	0.0008701751	0.1857755	0.4849008	0.1748841	0.104786	0.306231	0.076457	0.0519292	0.357737	0.10286	99.76112	0.269016	0.181936	0.264939	0.284109	0.5150992
70	-14365.01	-14281.66	-83.35584	92.09536	0.3402332	0.000717235	0.1869987	0.4503807	0.1532345	0.122061	0.292425	0.0724894	0.0749315	0.359028	0.0790652	92.09536	0.27066	0.167931	0.268741	0.292668	0.5496193
80	-14354.15	-14271.17	-82.98515	102.7611	0.5089566	0.0009650024	0.3583382	0.2959357	0.1506184	0.167383	0.231644	0.0844091	0.0844421	0.315676	0.116446	102.7611	0.25705	0.177205	0.282039	0.283706	0.7040643
90	-14344.03	-14260.8	-83.23219	83.01406	0.308217	0.0007299329	0.05771317	0.8127515	0.2505038	0.170635	0.283423	0.0780209	0.0685027	0.291785	0.107633	83.01406	0.267088	0.176018	0.261989	0.294904	0.1872485
100	-14348.7	-14266.24	-82.45439	96.8888	0.232155	0.0007829152	0.09410869	0.5946299	0.1380463	0.210067	0.26811	0.0861377	0.0653089	0.265645	0.104731	96.8888	0.263922	0.181942	0.269592	0.284544	0.4053701
110	-14371.66	-14285.48	-86.18014	95.06494	0.518406	0.0008310972	0.2568918	0.5044582	0.2615141	0.195011	0.269874	0.0533525	0.0837641	0.329799	0.0681997	95.06494	0.277268	0.180525	0.270447	0.27176	0.4955418
120	-14370.83	-14282.07	-88.76493	98.27335	0.228396	0.000609966	0.1478922	0.3524745	0.08050375	0.146468	0.227528	0.122083	0.0800412	0.353342	0.0705386	98.27335	0.262463	0.18917	0.258582	0.289786	0.6475255
130	-14340.17	-14256.23	-83.93573	89.68629	0.2560557	0.0008295584	0.01586865	0.9380266	0.2401871	0.10856	0.245569	0.114232	0.0654188	0.38898	0.07724	89.68629	0.263492	0.17332	0.277331	0.285857	0.06197341
140	-14368.9	-14270.12	-98.77817	139.9889	0.168394	0.0003837624	0.02181618	0.8704456	0.1465778	0.191428	0.291853	0.0584308	0.060743	0.30688	0.0906655	139.9889	0.263548	0.177894	0.278443	0.280115	0.1295544
150	-14370.66	-14269.84	-100.8221	108.9778	0.2348124	0.0003621346	0.1759595	0.2506382	0.05885297	0.17259	0.239678	0.0974979	0.0766101	0.326807	0.0868175	108.9778	0.274623	0.182336	0.258817	0.284225	0.7493618
160	-14378.35	-14283.66	-94.68582	114.5429	0.2532602	0.0004418987	0.1429022	0.4357496	0.110358	0.141533	0.247083	0.0943331	0.0749376	0.352613	0.0894999	114.5429	0.267401	0.171691	0.282434	0.278475	0.5642504
170	-14380.05	-14288.53	-91.51707	121.543	0.1914326	0.0005411692	0.01447713	0.9243748	0.1769555	0.132615	0.273009	0.117527	0.0639406	0.331153	0.0817552	121.543	0.257991	0.182416	0.282563	0.27703	0.0756252
180	-14386.18	-14298	-88.17486	128.759	0.2414372	0.0007337235	0.09585772	0.6029703	0.1455795	0.170016	0.244711	0.088724	0.0605096	0.361346	0.0746935	128.759	0.275362	0.176332	0.266445	0.281861	0.3970297
190	-14372.83	-14284.93	-87.90483	101.0797	0.1998079	0.000837074	0.03277156	0.8359846	0.1670363	0.137387	0.237055	0.0889819	0.058572	0.385983	0.0920218	101.0797	0.273149	0.170748	0.284095	0.272008	0.1640154
200	-14353.82	-14272.3	-81.5184	86.35296	0.3111014	0.0008692768	0.09241845	0.7029314	0.2186829	0.162064	0.279635	0.100952	0.0690927	0.279705	0.108551	86.35296	0.27898	0.181291	0.263509	0.27622	0.2970686
210	-14374.03	-14299.45	-74.57497	83.2251	0.4194017	0.001108638	0.06640718	0.8416621	0.3529946	0.174276	0.22869	0.0772328	0.0434526	0.344591	0.131758	83.2251	0.276674	0.163971	0.267688	0.291668	0.1583379
220	-14372.63	-14283.98	-88.643	80.06174	0.1814976	0.000718715	0.09719499	0.4644832	0.08430257	0.170298	0.223162	0.0627709	0.0870431	0.374842	0.0818835	80.06174	0.278189	0.164564	0.274313	0.282934	0.5355168
230	-14383.46	-14300.89	-82.5739	106.9324	0.3215785	0.0006996598	0.1405081	0.5630675	0.1810704	0.198166	0.209183	0.0884958	0.0868633	0.343572	0.0737195	106.9324	0.279226	0.171978	0.265703	0.283093	0.4369325
240	-14375.84	-14289.1	-86.73666	81.70122	0.2900621	0.0008161405	0.1877052	0.3528793	0.1023569	0.212212	0.209405	0.0556871	0.0869553	0.343936	0.0918047	81.70122	0.269592	0.188347	0.268772	0.273289	0.6471207
250	-14391.4	-14303.01	-88.39307	99.47603	0.2427788	0.0007356411	0.07809571	0.6783257	0.1646831	0.194581	0.311573	0.0689859	0.0667961	0.283711	0.0743535	99.47603	0.267796	0.192582	0.261163	0.278459	0.3216743
260	-14373.56	-14286.91	-86.64197	92.04853	0.206755	0.0007482228	0.0925472	0.5523823	0.1142078	0.157863	0.317044	0.0744366	0.0862575	0.271422	0.0929766	92.04853	0.276096	0.173046	0.26676	0.284099	0.4476177
270	-14362.38	-14282.11	-80.26804	79.51011	0.2716454	0.0009359972	0.1124244	0.5861355	0.159221	0.128021	0.24036	0.0931703	0.0729738	0.402956	0.062519	79.51011	0.268244	0.175912	0.275552	0.280293	0.4138645
280	-14370.75	-14295.48	-75.26679	104.3227	0.3754475	0.001070996	0.08666215	0.7691764	0.2887853	0.113165	0.275709	0.079514	0.111746	0.343893	0.0759731	104.3227	0.266074	0.172853	0.263146	0.297928	0.2308236
290	-14367.32	-14288.17	-79.1484	90.42304	0.6422312	0.001060643	0.1775627	0.7235222	0.4646685	0.153462	0.352638	0.0579808	0.124771	0.266497	0.0446507	90.42304	0.267555	0.176368	0.26715	0.288927	0.2764778
300	-14354.85	-14273.51	-81.33695	91.51744	0.5400644	0.0009012804	0.3355769	0.3786355	0.2044875	0.11171	0.192025	0.080171	0.0901555	0.429533	0.0964052	91.51744	0.265741	0.166455	0.273287	0.294517	0.6213645
310	-14372.85	-14292.13	-80.71953	92.38073	0.4212509	0.00077066	0.377783	0.1031878	0.04346794	0.214858	0.222986	0.0809788	0.0909668	0.287196	0.103014	92.38073	0.260262	0.185617	0.268728	0.285394	0.8968122
320	-14365.6	-14279.14	-86.45781	91.85617	0.3121165	0.0006666028	0.0635999	0.7962302	0.2485166	0.186043	0.265938	0.0755326	0.0793745	0.297834	0.0952769	91.85617	0.257968	0.179141	0.275538	0.287352	0.2037698
330	-14381.52	-14290.62	-90.89415	90.23212	0.1750977	0.0006583295	0.1029831	0.4118535	0.07211461	0.190033	0.269807	0.0649511	0.108078	0.293518	0.0736128	90.23212	0.263747	0.183914	0.259955	0.292385	0.5881465
340	-14390.79	-14299.2	-91.58678	108.033	0.155381	0.0005169624	0.03864302	0.7513015	0.1167379	0.139607	0.26626	0.0862992	0.0996495	0.298729	0.109455	108.033	0.267105	0.174948	0.276688	0.281259	0.2486985
350	-14373.5	-14285.67	-87.83146	79.09457	0.1874565	0.0006890977	0.04271645	0.772126	0.14474	0.156036	0.253399	0.112609	0.102005	0.279644	0.0963062	79.09457	0.257187	0.183962	0.275502	0.28335	0.227874
360	-14384.01	-14292.19	-91.8205	135.8294	0.2523651	0.0004940764	0.07697214	0.694997	0.175393	0.167859	0.202163	0.0900114	0.0410695	0.39315	0.105747	135.8294	0.272663	0.183372	0.266783	0.277182	0.305003
370	-14385.6	-14299.06	-86.54068	119.471	0.3155173	0.0007251975	0.07798504	0.7528343	0.2375322	0.200383	0.241334	0.128929	0.0312993	0.331966	0.066088	119.471	0.25341	0.177019	0.277954	0.291617	0.2471657
380	-14379.31	-14290.51	-88.80286	78.01657	0.1627596	0.000673017	0.03516712	0.7839321	0.1275924	0.139964	0.252166	0.098651	0.0876585	0.351898	0.0696625	78.01657	0.260785	0.177607	0.280448	0.281161	0.2160679
390	-14355.04	-14267.96	-87.07929	99.77436	0.2765465	0.0007424399	0.170095	0.3849316	0.1064515	0.12639	0.282266	0.109901	0.0652677	0.31777	0.0984049	99.77436	0.268215	0.170316	0.277416	0.284052	0.6150684
400	-14351.03	-14270.33	-80.70165	76.69606	0.5757132	0.0008887401	0.2672524	0.535789	0.3084608	0.153865	0.241851	0.0978514	0.0875505	0.343592	0.0752903	76.69606	0.269486	0.166445	0.270156	0.293914	0.464211
410	-14360.43	-14279.78	-80.64476	87.13466	0.260354	0.001041138	0.06579512	0.7472859	0.1945589	0.139863	0.244494	0.098921	0.105043	0.347348	0.0643307	87.13466	0.281469	0.172737	0.269625	0.276169	0.2527141
420	-14374.99	-14292.59	-82.39666	93.39204	0.2267325	0.000729957	0.07705577	0.6601468	0.1496767	0.127592	0.218655	0.061911	0.116277	0.394965	0.0805992	93.39204	0.292212	0.163971	0.277729	0.266088	0.3398532
430	-14355.15	-14274.34	-80.81883	79.34542	0.2849606	0.0008605318	0.09405885	0.6699233	0.1909017	0.140688	0.293149	0.100151	0.127282	0.250545	0.0881854	79.34542	0.269466	0.180915	0.262058	0.287561	0.3300767
440	-14378.07	-14300.73	-77.34334	97.57715	0.3075019	0.0009370276	0.1234608	0.5985041	0.1840412	0.128776	0.331353	0.10727	0.044682	0.318067	0.0698523	97.57715	0.259199	0.178414	0.277621	0.284767	0.4014959
450	-14359.82	-14272.61	-87.20303	115.5463	0.2279184	0.0005450702	0.06482321	0.7155859	0.1630952	0.162882	0.270593	0.110156	0.0619031	0.307133	0.0873324	115.5463	0.269665	0.165234	0.278739	0.286362	0.2844141
460	-14355.5	-14276.27	-79.22327	74.11859	0.6272848	0.001064361	0.3013025	0.519672	0.3259824	0.152683	0.304139	0.110975	0.0593406	0.291002	0.0818597	74.11859	0.274939	0.1739	0.257871	0.29329	0.480328
470	-14366.38	-14291.88	-74.49353	97.14065	0.5955207	0.001200676	0.2640968	0.5565279	0.3314238	0.166225	0.245007	0.104532	0.0920721	0.276913	0.115251	97.14065	0.280968	0.179011	0.269845	0.270176	0.4434721
480	-14359.57	-14281.62	-77.94677	84.42849	0.941306	0.001040291	0.7998965	0.1502269	0.1414094	0.114778	0.290339	0.0781251	0.0570985	0.361144	0.0985147	84.42849	0.274083	0.177946	0.268134	0.279837	0.8497731
490	-14350.61	-14270.17	-80.441	78.31222	0.2999904	0.0008997529	0.1242029	0.585977	0.1757875	0.0975271	0.260714	0.0901193	0.086917	0.385695	0.0790277	78.31222	0.266606	0.181239	0.27054	0.281616	0.414023
500	-14375.15	-14298.17	-76.9845	93.50259	0.2768228	0.001012605	0.1598992	0.4223772	0.1169236	0.191575	0.230675	0.0633221	0.059428	0.371408	0.0835931	93.50259	0.265861	0.18174	0.269991	0.282408	0.5776228
510	-14375.96	-14287.38	-88.58004	100.03	0.2033882	0.0005395565	0.02496831	0.8772381	0.1784199	0.188641	0.25148	0.0630488	0.0585179	0.36572	0.0725932	100.03	0.277504	0.171806	0.268834	0.281857	0.1227619
520	-14375.16	-14283.17	-91.99299	92.92187	0.1556384	0.0004551716	0.04179518	0.7314596	0.1138432	0.185981	0.21257	0.0940737	0.0820111	0.350673	0.074691	92.92187	0.271139	0.172708	0.273925	0.282229	0.2685404
530	-14367.4	-14280.49	-86.90736	91.63914	0.2323001	0.0006630233	0.1068191	0.5401676	0.125481	0.129266	0.23968	0.11312	0.080299	0.354607	0.0830284	91.63914	0.274804	0.171444	0.271921	0.281831	0.4598324
540	-14390.92	-14305.83	-85.09654	98.66828	0.1766465	0.0006831275	0.05704241	0.6770815	0.1196041	0.115133	0.218608	0.119641	0.0817168	0.357245	0.107657	98.66828	0.267076	0.162403	0.273476	0.297045	0.3229185
550	-14363.73	-14285.87	-77.86311	90.60914	0.2851019	0.000898873	0.04551357	0.8403604	0.2395883	0.154244	0.258417	0.0513802	0.102972	0.364559	0.0684278	90.60914	0.268199	0.176953	0.273023	0.281825	0.1596396
560	-14365.17	-14291.69	-73.48432	77.69071	0.3541304	0.001235194	0.1459455	0.5878763	0.2081849	0.179922	0.231723	0.0921959	0.0578058	0.294004	0.14435	77.69071	0.260267	0.181877	0.285413	0.272443	0.4121237
570	-14363.93	-14287.37	-76.5647	80.42754	0.5059087	0.001060475	0.1590008	0.6857125	0.3469079	0.154532	0.310216	0.0952808	0.0634737	0.252516	0.12398	80.42754	0.269903	0.171049	0.265143	0.293904	0.3142875
580	-14370.33	-14282.95	-87.3827	111.2005	0.2046633	0.0006139421	0.09851019	0.5186719	0.1061531	0.193685	0.227522	0.1285	0.0572024	0.283595	0.109496	111.2005	0.274283	0.176022	0.2667	0.282995	0.4813281
590	-14380.74	-14294.72	-86.01484	83.84941	0.3293896	0.0007573616	0.13343	0.5949175	0.1959597	0.152076	0.310964	0.0944409	0.0920596	0.237771	0.112689	83.84941	0.274808	0.179434	0.268614	0.277144	0.4050825
600	-14370.9	-14281.09	-89.80652	116.3858	0.2432733	0.0006381907	0.1799619	0.2602481	0.06331143	0.118885	0.290887	0.065504	0.0738587	0.323168	0.127696	116.3858	0.271659	0.169909	0.273343	0.285089	0.7397519
610	-14405.3	-14312.69	-92.60527	77.74087	0.2232196	0.0005419999	0.03645295	0.8366946	0.1867666	0.233148	0.216929	0.0867949	0.0964065	0.309995	0.0567267	77.74087	0.265951	0.187943	0.259458	0.286647	0.1633054
620	-14397.07	-14306.07	-91.00852	100.9024	0.2682614	0.0005540201	0.05637381	0.7898549	0.2118876	0.152779	0.232548	0.0894316	0.0839694	0.377726	0.0635462	100.9024	0.280804	0.184475	0.254003	0.280719	0.2101451
630	-14398.62	-14312.28	-86.33508	85.34933	0.3335671	0.0007112248	0.149725	0.5511398	0.1838421	0.126823	0.281088	0.101592	0.0638234	0.312668	0.114006	85.34933	0.27375	0.172458	0.257644	0.296149	0.4488602
640	-14365.21	-14285.29	-79.91919	82.96687	0.3940507	0.000922908	0.08155495	0.7930344	0.3124958	0.149512	0.297551	0.107509	0.0351032	0.310641	0.0996838	82.96687	0.266317	0.180695	0.283843	0.269146	0.2069656
650	-14378.35	-14306.79	-71.5554	81.91233	0.3765126	0.001402585	0.1234365	0.6721582	0.253076	0.146438	0.216921	0.140075	0.0577034	0.314449	0.124414	81.91233	0.277126	0.181417	0.273362	0.268096	0.3278418
660	-14397.85	-14318.33	-79.52228	73.28722	0.4531146	0.001306108	0.07298556	0.8389247	0.380129	0.190914	0.201035	0.0955792	0.122994	0.303984	0.0854938	73.28722	0.279464	0.172016	0.267164	0.281356	0.1610753
670	-14390.78	-14317.83	-72.95242	85.02434	0.5143087	0.001411691	0.1257053	0.755584	0.3886034	0.166931	0.27817	0.0834113	0.0287228	0.338693	0.104072	85.02434	0.248654	0.18506	0.272525	0.293761	0.244416
680	-14386.46	-14305.24	-81.21647	79.39503	0.261652	0.001007888	0.04611685	0.8237474	0.2155352	0.186084	0.333728	0.0723483	0.0536384	0.26729	0.0869113	79.39503	0.261124	0.190178	0.265179	0.283519	0.1762526
690	-14365.05	-14277.96	-87.08688	105.4905	0.1850893	0.0007176404	0.02381573	0.8713284	0.1612735	0.133402	0.191565	0.100128	0.059399	0.402819	0.112686	105.4905	0.281341	0.177473	0.271164	0.270023	0.1286716
700	-14373.6	-14287.64	-85.96223	95.99163	0.1803419	0.0006664492	0.0796782	0.5581826	0.1006637	0.179272	0.281537	0.0864299	0.0598026	0.301944	0.0910137	95.99163	0.2609	0.178229	0.288059	0.272812	0.4418174
710	-14377.44	-14290.45	-86.99695	119.0522	0.243704	0.0007359498	0.05090725	0.7911104	0.1927968	0.154516	0.237886	0.0613789	0.105279	0.373294	0.0676463	119.0522	0.259528	0.173044	0.283727	0.283701	0.2088896
720	-14369.94	-14290.14	-79.79423	106.6825	0.3456045	0.001059209	0.1096303	0.6827869	0.2359742	0.0954674	0.274341	0.0668565	0.113856	0.367829	0.0816506	106.6825	0.25602	0.177808	0.275815	0.290358	0.3172131
730	-14356.73	-14276.43	-80.29906	106.7598	0.3452279	0.0008312834	0.198824	0.4240791	0.1464039	0.193446	0.276267	0.0725845	0.0881127	0.284662	0.0849273	106.7598	0.270901	0.16535	0.277789	0.28596	0.5759209
740	-14355.62	-14266.44	-89.18306	117.2803	0.1989098	0.0005867471	0.06806813	0.6577939	0.1308416	0.188108	0.223593	0.0604465	0.086847	0.352007	0.0889988	117.2803	0.273258	0.176536	0.281556	0.26865	0.3422061
750	-14379.74	-14298.51	-81.2332	89.2891	0.3170063	0.0008949495	0.09693937	0.6942037	0.220067	0.123137	0.23013	0.0734096	0.107553	0.362299	0.103472	89.2891	0.290035	0.175162	0.25809	0.276712	0.3057963
760	-14354.16	-14267.58	-86.58546	89.10471	0.296255	0.0007027947	0.1381707	0.5336089	0.1580843	0.151518	0.254479	0.0651631	0.0889527	0.339117	0.10077	89.10471	0.256559	0.178422	0.272766	0.292253	0.4663911
770	-14348.22	-14260.5	-87.72355	113.1291	0.2161273	0.0006085904	0.02664375	0.876722	0.1894836	0.130635	0.25595	0.0935778	0.0497613	0.375943	0.0941336	113.1291	0.2727	0.177572	0.26447	0.285258	0.123278
780	-14354.45	-14273.07	-81.37901	83.48159	0.2777558	0.00084176	0.05906791	0.7873387	0.2186879	0.169853	0.226615	0.0607251	0.0738527	0.383801	0.0851533	83.48159	0.264416	0.178719	0.274079	0.282786	0.2126613
790	-14354.49	-14275.39	-79.10176	81.97545	0.4631412	0.0009387351	0.2012369	0.5654956	0.2619043	0.187675	0.18215	0.0960841	0.0999803	0.36337	0.0707407	81.97545	0.281016	0.159176	0.280293	0.279515	0.4345044
800	-14366.06	-14277.27	-88.79071	98.91188	0.1743135	0.0006840891	0.02347231	0.8653443	0.1508412	0.203576	0.184248	0.0816124	0.0716337	0.350168	0.108761	98.91188	0.264676	0.173324	0.287016	0.274984	0.1346557
810	-14370.86	-14283.38	-87.48085	74.93154	0.1970037	0.0006624707	0.09937733	0.495556	0.09762637	0.214568	0.242668	0.104344	0.0536075	0.333997	0.0508155	74.93154	0.272328	0.171371	0.272223	0.284078	0.504444
820	-14379.26	-14289.52	-89.73624	98.54581	0.2085294	0.0005674619	0.06810157	0.6734198	0.1404278	0.210358	0.222027	0.0954684	0.110693	0.303376	0.0580779	98.54581	0.267688	0.170498	0.274501	0.287313	0.3265802
830	-14390.49	-14305.86	-84.6304	69.06116	0.3007268	0.0007820442	0.009170242	0.9695064	0.2915566	0.207437	0.234478	0.0750319	0.106174	0.293457	0.0834225	69.06116	0.274327	0.177879	0.258443	0.289351	0.03049359
840	-14397.59	-14308.95	-88.64852	104.9817	0.4007088	0.0006856232	0.1517879	0.6212014	0.2489209	0.241134	0.215089	0.0787558	0.0740363	0.275955	0.11503	104.9817	0.271119	0.171492	0.283788	0.273601	0.3787986
850	-14352.16	-14270.18	-81.98659	100.2613	0.2544636	0.000820574	0.1187487	0.5333372	0.1357149	0.135668	0.231558	0.0920778	0.115488	0.359488	0.065721	100.2613	0.278938	0.176851	0.269895	0.274316	0.4666628
860	-14370.86	-14282.15	-88.71162	88.87551	0.2027041	0.0006432164	0.1408564	0.3051132	0.06184768	0.132794	0.209519	0.0742763	0.0579408	0.419728	0.105743	88.87551	0.277302	0.174743	0.279847	0.268108	0.6948868
870	-14365.3	-14273.83	-91.4714	140.8035	0.3196107	0.0006365501	0.1019431	0.6810397	0.2176676	0.101276	0.315315	0.100057	0.0664987	0.29828	0.118573	140.8035	0.263625	0.175052	0.267478	0.293845	0.3189603
880	-14355.35	-14273.34	-82.00166	72.44296	0.3717577	0.0009477325	0.1326664	0.6431374	0.2390913	0.186649	0.284302	0.0817375	0.0558545	0.286233	0.105224	72.44296	0.262278	0.171427	0.270023	0.296271	0.3568626
890	-14348.23	-14267.48	-80.7548	109.5184	0.3319306	0.0008794952	0.1186999	0.6423954	0.2132307	0.162916	0.261323	0.0648465	0.06284	0.362707	0.0853668	109.5184	0.276685	0.177199	0.265572	0.280544	0.3576046
900	-14350.26	-14270.28	-79.97857	83.55331	0.2881388	0.00107805	0.03772757	0.8690646	0.2504112	0.165985	0.269796	0.0774805	0.0687676	0.308986	0.108984	83.55331	0.276479	0.183041	0.264846	0.275634	0.1309354
910	-14338.97	-14259.54	-79.42702	86.27855	0.3389218	0.001037659	0.06186411	0.8174679	0.2770577	0.141163	0.254142	0.0858117	0.0887722	0.34221	0.0879004	86.27855	0.279648	0.166896	0.273822	0.279634	0.1825321
920	-14353.95	-14269.06	-84.88874	86.50912	0.4494482	0.0008212926	0.3752022	0.1651938	0.07424607	0.1503	0.270593	0.098738	0.0447715	0.364361	0.0712359	86.50912	0.265357	0.17729	0.27718	0.280173	0.8348062
930	-14351.65	-14267.68	-83.97187	81.19068	0.3311249	0.0008522132	0.1438756	0.5654945	0.1872493	0.179227	0.297569	0.0683696	0.0542004	0.297235	0.103399	81.19068	0.261828	0.183503	0.264527	0.290142	0.4345055
940	-14379.4	-14294.37	-85.02789	108.193	0.2829748	0.0006578007	0.03748997	0.8675148	0.2454849	0.236664	0.207486	0.0450775	0.0657629	0.353879	0.0911305	108.193	0.262527	0.172945	0.283276	0.281251	0.1324852
950	-14360.29	-14276.55	-83.73415	96.67392	0.4694202	0.0007703156	0.3108712	0.337755	0.158549	0.158082	0.268751	0.122143	0.0430376	0.326821	0.0811654	96.67392	0.27705	0.17923	0.268134	0.275586	0.662245
960	-14358.74	-14278.59	-80.15299	87.48287	0.2219744	0.0009911324	0.03096846	0.8604863	0.1910059	0.16299	0.211745	0.108333	0.0564771	0.36955	0.0909052	87.48287	0.282984	0.161692	0.271654	0.283671	0.1395137
970	-14346.11	-14266.36	-79.75208	77.21356	0.4846533	0.001132882	0.04073462	0.915951	0.4439187	0.143113	0.253727	0.0690759	0.0545652	0.369757	0.109761	77.21356	0.261525	0.172581	0.278815	0.287079	0.08404899
980	-14334.81	-14260.73	-74.07768	83.94682	0.357632	0.001262907	0.1058224	0.7041027	0.2518097	0.134544	0.240958	0.0879668	0.0820436	0.363843	0.0906447	83.94682	0.275806	0.171008	0.268561	0.284625	0.2958973
990	-14345.27	-14265.69	-79.58264	80.98337	0.5464516	0.0008297982	0.2740395	0.498511	0.2724121	0.152454	0.273033	0.0757995	0.0621885	0.342404	0.0941211	80.98337	0.285915	0.171681	0.262412	0.279992	0.501489
1000	-14362.17	-14277.71	-84.46055	104.5682	0.3253496	0.0006644534	0.188948	0.4192463	0.1364016	0.13704	0.265967	0.059552	0.122239	0.312754	0.102448	104.5682	0.261687	0.180828	0.277559	0.279927	0.5807537
