state	power	likelihood
260	1	-14227
270	1	-14219.7
280	1	-14220.2
290	1	-14222.8
300	1	-14215
310	1	-14217.5
320	1	-14204.8
330	1	-14204.4
340	1	-14214.2
350	1	-14218.1
360	1	-14212.8
370	1	-14210.9
380	1	-14215
390	1	-14214.4
400	1	-14211.3
410	1	-14208.9
420	1	-14216.4
430	1	-14212.7
440	1	-14216.6
450	1	-14209.7
460	1	-14214.8
470	1	-14213.8
480	1	-14214.2
490	1	-14219.7
500	1	-14219.4
510	1	-14213
520	1	-14209.9
530	1	-14211
540	1	-14208.4
550	1	-14218.4
560	1	-14213
570	1	-14216.2
580	1	-14217.9
590	1	-14218.7
600	1	-14211
610	1	-14212.7
620	1	-14212.9
630	1	-14216.5
640	1	-14218.6
650	1	-14217.8
660	1	-14217.9
670	1	-14212.2
680	1	-14216.4
690	1	-14211.5
700	1	-14210
710	1	-14214.4
720	1	-14207.9
730	1	-14213.5
740	1	-14212.2
750	1	-14214.2
760	1	-14215.6
770	1	-14214.8
780	1	-14211.7
790	1	-14212.1
800	1	-14208.8
810	1	-14206.6
820	1	-14205.2
830	1	-14209.4
840	1	-14206.9
850	1	-14208.1
860	1	-14212.9
870	1	-14208
880	1	-14214
890	1	-14211.1
900	1	-14211.2
910	1	-14211.4
920	1	-14211.8
930	1	-14213
940	1	-14208.9
950	1	-14204
960	1	-14207.4
970	1	-14220.2
980	1	-14218.2
990	1	-14211.3
1000	1	-14213.3
260	0.90204	-14220.2
270	0.90204	-14221.3
280	0.90204	-14215.1
290	0.90204	-14218
300	0.90204	-14219.4
310	0.90204	-14222.5
320	0.90204	-14223.1
330	0.90204	-14219.6
340	0.90204	-14217.1
350	0.90204	-14217
360	0.90204	-14220.3
370	0.90204	-14224.7
380	0.90204	-14216.4
390	0.90204	-14213.8
400	0.90204	-14215.9
410	0.90204	-14219.7
420	0.90204	-14222.1
430	0.90204	-14217.6
440	0.90204	-14215.3
450	0.90204	-14215.6
460	0.90204	-14218.7
470	0.90204	-14228.1
480	0.90204	-14218.2
490	0.90204	-14222.7
500	0.90204	-14219.7
510	0.90204	-14227
520	0.90204	-14228.2
530	0.90204	-14215.7
540	0.90204	-14219.9
550	0.90204	-14216.1
560	0.90204	-14221.6
570	0.90204	-14212.1
580	0.90204	-14212.7
590	0.90204	-14226.1
600	0.90204	-14211.8
610	0.90204	-14223.4
620	0.90204	-14221.7
630	0.90204	-14218.4
640	0.90204	-14220.5
650	0.90204	-14217.4
660	0.90204	-14220.3
670	0.90204	-14229.7
680	0.90204	-14216.9
690	0.90204	-14213.2
700	0.90204	-14224.8
710	0.90204	-14218.2
720	0.90204	-14218.5
730	0.90204	-14220
740	0.90204	-14212.9
750	0.90204	-14221.6
760	0.90204	-14229.3
770	0.90204	-14225
780	0.90204	-14225.5
790	0.90204	-14222.3
800	0.90204	-14211.8
810	0.90204	-14216.7
820	0.90204	-14227
830	0.90204	-14220.3
840	0.90204	-14215.6
850	0.90204	-14219.1
860	0.90204	-14225.7
870	0.90204	-14214.3
880	0.90204	-14221.9
890	0.90204	-14223.1
900	0.90204	-14228.2
910	0.90204	-14225.9
920	0.90204	-14227.2
930	0.90204	-14238
940	0.90204	-14221.8
950	0.90204	-14216.9
960	0.90204	-14212.1
970	0.90204	-14218.5
980	0.90204	-14215.6
990	0.90204	-14215
1000	0.90204	-14221.8
260	0.811912	-14217.5
270	0.811912	-14222.3
280	0.811912	-14215
290	0.811912	-14217.4
300	0.811912	-14213.3
310	0.811912	-14223.6
320	0.811912	-14216.1
330	0.811912	-14217.5
340	0.811912	-14219.4
350	0.811912	-14215.6
360	0.811912	-14221.5
370	0.811912	-14217.9
380	0.811912	-14217.6
390	0.811912	-14225.1
400	0.811912	-14226.3
410	0.811912	-14214.8
420	0.811912	-14211.7
430	0.811912	-14219.1
440	0.811912	-14211.6
450	0.811912	-14218.2
460	0.811912	-14222.2
470	0.811912	-14213.7
480	0.811912	-14215.3
490	0.811912	-14230.1
500	0.811912	-14221.2
510	0.811912	-14218
520	0.811912	-14227.8
530	0.811912	-14218.5
540	0.811912	-14216.1
550	0.811912	-14221.8
560	0.811912	-14225.3
570	0.811912	-14223.2
580	0.811912	-14215.9
590	0.811912	-14209.9
600	0.811912	-14210.5
610	0.811912	-14214.9
620	0.811912	-14215.4
630	0.811912	-14229.2
640	0.811912	-14228.9
650	0.811912	-14214.5
660	0.811912	-14217
670	0.811912	-14221.5
680	0.811912	-14215.1
690	0.811912	-14222.2
700	0.811912	-14217.5
710	0.811912	-14223.8
720	0.811912	-14228.1
730	0.811912	-14219.5
740	0.811912	-14215.1
750	0.811912	-14225.5
760	0.811912	-14229.1
770	0.811912	-14218.2
780	0.811912	-14226.3
790	0.811912	-14219
800	0.811912	-14220.6
810	0.811912	-14213.2
820	0.811912	-14214.2
830	0.811912	-14219.4
840	0.811912	-14218.6
850	0.811912	-14214.8
860	0.811912	-14210.1
870	0.811912	-14217.2
880	0.811912	-14226.9
890	0.811912	-14216.3
900	0.811912	-14217
910	0.811912	-14222.5
920	0.811912	-14214
930	0.811912	-14220.5
940	0.811912	-14214
950	0.811912	-14220.9
960	0.811912	-14218.6
970	0.811912	-14220.1
980	0.811912	-14216.3
990	0.811912	-14216.7
1000	0.811912	-14214.4
260	0.729136	-14228.6
270	0.729136	-14217.8
280	0.729136	-14218
290	0.729136	-14227.4
300	0.729136	-14223
310	0.729136	-14222.7
320	0.729136	-14233.6
330	0.729136	-14217.4
340	0.729136	-14209.2
350	0.729136	-14216.5
360	0.729136	-14222.7
370	0.729136	-14211.2
380	0.729136	-14220.9
390	0.729136	-14222.2
400	0.729136	-14220.5
410	0.729136	-14228.4
420	0.729136	-14218.1
430	0.729136	-14215.2
440	0.729136	-14224.5
450	0.729136	-14220.4
460	0.729136	-14217.4
470	0.729136	-14220.4
480	0.729136	-14227.9
490	0.729136	-14229.8
500	0.729136	-14229.3
510	0.729136	-14220.5
520	0.729136	-14228.4
530	0.729136	-14216.2
540	0.729136	-14216.6
550	0.729136	-14212.9
560	0.729136	-14222.9
570	0.729136	-14224.3
580	0.729136	-14225.9
590	0.729136	-14221.1
600	0.729136	-14227.1
610	0.729136	-14224.3
620	0.729136	-14231
630	0.729136	-14219.8
640	0.729136	-14241.8
650	0.729136	-14233.1
660	0.729136	-14228.8
670	0.729136	-14232.3
680	0.729136	-14227.4
690	0.729136	-14212.5
700	0.729136	-14219.3
710	0.729136	-14221.1
720	0.729136	-14214
730	0.729136	-14221.6
740	0.729136	-14221.6
750	0.729136	-14229.8
760	0.729136	-14220.6
770	0.729136	-14220.2
780	0.729136	-14218.2
790	0.729136	-14225.3
800	0.729136	-14218.4
810	0.729136	-14213
820	0.729136	-14226.7
830	0.729136	-14226.2
840	0.729136	-14209.5
850	0.729136	-14230.8
860	0.729136	-14212.9
870	0.729136	-14223.4
880	0.729136	-14215.1
890	0.729136	-14212
900	0.729136	-14218
910	0.729136	-14210.5
920	0.729136	-14218.4
930	0.729136	-14228
940	0.729136	-14226
950	0.729136	-14221.7
960	0.729136	-14214.9
970	0.729136	-14220.6
980	0.729136	-14212.5
990	0.729136	-14218.1
1000	0.729136	-14219.4
260	0.653254	-14227.7
270	0.653254	-14225.8
280	0.653254	-14238.7
290	0.653254	-14218.6
300	0.653254	-14216.2
310	0.653254	-14217.5
320	0.653254	-14220.1
330	0.653254	-14231.2
340	0.653254	-14218.6
350	0.653254	-14214.8
360	0.653254	-14222.2
370	0.653254	-14225.7
380	0.653254	-14221.3
390	0.653254	-14221.1
400	0.653254	-14224.7
410	0.653254	-14209.7
420	0.653254	-14225.9
430	0.653254	-14221.9
440	0.653254	-14220.3
450	0.653254	-14218.9
460	0.653254	-14226.7
470	0.653254	-14220
480	0.653254	-14223.6
490	0.653254	-14224.8
500	0.653254	-14229.1
510	0.653254	-14234.3
520	0.653254	-14230.1
530	0.653254	-14221.2
540	0.653254	-14227.4
550	0.653254	-14229.9
560	0.653254	-14212.9
570	0.653254	-14230.6
580	0.653254	-14223.9
590	0.653254	-14219.5
600	0.653254	-14228.4
610	0.653254	-14241
620	0.653254	-14238.9
630	0.653254	-14234.5
640	0.653254	-14244.4
650	0.653254	-14245.6
660	0.653254	-14236.3
670	0.653254	-14237.3
680	0.653254	-14226.3
690	0.653254	-14233.7
700	0.653254	-14230.1
710	0.653254	-14216.3
720	0.653254	-14247.7
730	0.653254	-14234.7
740	0.653254	-14222.4
750	0.653254	-14236.5
760	0.653254	-14227.3
770	0.653254	-14228.4
780	0.653254	-14226.9
790	0.653254	-14226.7
800	0.653254	-14233.4
810	0.653254	-14238.5
820	0.653254	-14225.9
830	0.653254	-14225.9
840	0.653254	-14240.5
850	0.653254	-14218.9
860	0.653254	-14236.6
870	0.653254	-14221.9
880	0.653254	-14233.1
890	0.653254	-14221.4
900	0.653254	-14224.1
910	0.653254	-14235.1
920	0.653254	-14226.4
930	0.653254	-14233.7
940	0.653254	-14225.4
950	0.653254	-14224.5
960	0.653254	-14221
970	0.653254	-14224.6
980	0.653254	-14236.2
990	0.653254	-14227.3
1000	0.653254	-14232.1
260	0.583825	-14236.4
270	0.583825	-14224.5
280	0.583825	-14226.4
290	0.583825	-14223.9
300	0.583825	-14242.9
310	0.583825	-14224.8
320	0.583825	-14230.9
330	0.583825	-14235.8
340	0.583825	-14237.9
350	0.583825	-14227.6
360	0.583825	-14237.9
370	0.583825	-14236.4
380	0.583825	-14235.6
390	0.583825	-14220.9
400	0.583825	-14234.8
410	0.583825	-14243.7
420	0.583825	-14216.6
430	0.583825	-14225
440	0.583825	-14233.1
450	0.583825	-14226.3
460	0.583825	-14232.2
470	0.583825	-14227.8
480	0.583825	-14222.8
490	0.583825	-14225.2
500	0.583825	-14236.7
510	0.583825	-14232.8
520	0.583825	-14238.3
530	0.583825	-14222
540	0.583825	-14230.3
550	0.583825	-14245.4
560	0.583825	-14237.7
570	0.583825	-14235.8
580	0.583825	-14223.2
590	0.583825	-14220.1
600	0.583825	-14235
610	0.583825	-14236.6
620	0.583825	-14228.1
630	0.583825	-14235.4
640	0.583825	-14219.1
650	0.583825	-14216.8
660	0.583825	-14223.9
670	0.583825	-14225
680	0.583825	-14232.2
690	0.583825	-14230.7
700	0.583825	-14237.6
710	0.583825	-14233.1
720	0.583825	-14217.6
730	0.583825	-14229.8
740	0.583825	-14234.7
750	0.583825	-14248.6
760	0.583825	-14257.9
770	0.583825	-14232.7
780	0.583825	-14224.2
790	0.583825	-14226.2
800	0.583825	-14221.4
810	0.583825	-14238.7
820	0.583825	-14237.6
830	0.583825	-14237.4
840	0.583825	-14227.1
850	0.583825	-14222.8
860	0.583825	-14232.8
870	0.583825	-14222.6
880	0.583825	-14231.3
890	0.583825	-14222.2
900	0.583825	-14225.5
910	0.583825	-14227.7
920	0.583825	-14228.8
930	0.583825	-14229.2
940	0.583825	-14230.4
950	0.583825	-14222.9
960	0.583825	-14251.7
970	0.583825	-14239.7
980	0.583825	-14230.4
990	0.583825	-14222.5
1000	0.583825	-14241.9
260	0.520429	-14237.7
270	0.520429	-14228
280	0.520429	-14245.1
290	0.520429	-14230.9
300	0.520429	-14234.9
310	0.520429	-14239.6
320	0.520429	-14249.5
330	0.520429	-14228.3
340	0.520429	-14235.7
350	0.520429	-14242.6
360	0.520429	-14237.1
370	0.520429	-14224
380	0.520429	-14229.2
390	0.520429	-14228.4
400	0.520429	-14226.7
410	0.520429	-14246.5
420	0.520429	-14242.3
430	0.520429	-14234.9
440	0.520429	-14226.9
450	0.520429	-14235.6
460	0.520429	-14221.1
470	0.520429	-14233.5
480	0.520429	-14232.7
490	0.520429	-14232.9
500	0.520429	-14253.8
510	0.520429	-14239.7
520	0.520429	-14245.5
530	0.520429	-14229
540	0.520429	-14244.5
550	0.520429	-14235.5
560	0.520429	-14258.2
570	0.520429	-14237.1
580	0.520429	-14240.7
590	0.520429	-14237.9
600	0.520429	-14258.4
610	0.520429	-14241.2
620	0.520429	-14238.1
630	0.520429	-14246.4
640	0.520429	-14234.3
650	0.520429	-14262.8
660	0.520429	-14249.9
670	0.520429	-14238.5
680	0.520429	-14241
690	0.520429	-14244.6
700	0.520429	-14232.7
710	0.520429	-14227.1
720	0.520429	-14229.6
730	0.520429	-14248.2
740	0.520429	-14260.8
750	0.520429	-14245.9
760	0.520429	-14239.7
770	0.520429	-14235.2
780	0.520429	-14218.3
790	0.520429	-14227.8
800	0.520429	-14238.1
810	0.520429	-14223.9
820	0.520429	-14249.3
830	0.520429	-14246.1
840	0.520429	-14240.7
850	0.520429	-14258.5
860	0.520429	-14251.2
870	0.520429	-14246.9
880	0.520429	-14251.5
890	0.520429	-14245
900	0.520429	-14242.9
910	0.520429	-14239.8
920	0.520429	-14261.1
930	0.520429	-14265.8
940	0.520429	-14253.2
950	0.520429	-14233
960	0.520429	-14252.2
970	0.520429	-14256.5
980	0.520429	-14249.5
990	0.520429	-14249.9
1000	0.520429	-14271.6
260	0.462664	-14260.5
270	0.462664	-14240
280	0.462664	-14258
290	0.462664	-14241
300	0.462664	-14248.6
310	0.462664	-14232.9
320	0.462664	-14259.2
330	0.462664	-14252.5
340	0.462664	-14244.2
350	0.462664	-14255.8
360	0.462664	-14256
370	0.462664	-14242.1
380	0.462664	-14234.1
390	0.462664	-14229.3
400	0.462664	-14244
410	0.462664	-14237.7
420	0.462664	-14243.4
430	0.462664	-14259
440	0.462664	-14268.7
450	0.462664	-14263
460	0.462664	-14238.2
470	0.462664	-14239.5
480	0.462664	-14246
490	0.462664	-14255.1
500	0.462664	-14243.7
510	0.462664	-14242.4
520	0.462664	-14240.2
530	0.462664	-14247.9
540	0.462664	-14245.4
550	0.462664	-14251.8
560	0.462664	-14247.6
570	0.462664	-14246.6
580	0.462664	-14240.5
590	0.462664	-14245.2
600	0.462664	-14245.7
610	0.462664	-14237.4
620	0.462664	-14235.5
630	0.462664	-14241.4
640	0.462664	-14264.2
650	0.462664	-14237.1
660	0.462664	-14253.4
670	0.462664	-14245.9
680	0.462664	-14257.8
690	0.462664	-14233.2
700	0.462664	-14237.4
710	0.462664	-14241.8
720	0.462664	-14236.7
730	0.462664	-14222.4
740	0.462664	-14229.7
750	0.462664	-14225.8
760	0.462664	-14235.5
770	0.462664	-14221.4
780	0.462664	-14222.1
790	0.462664	-14254
800	0.462664	-14251.6
810	0.462664	-14243.2
820	0.462664	-14264
830	0.462664	-14250.8
840	0.462664	-14245.5
850	0.462664	-14235.7
860	0.462664	-14246.5
870	0.462664	-14245.9
880	0.462664	-14247.5
890	0.462664	-14253.1
900	0.462664	-14234.8
910	0.462664	-14238.1
920	0.462664	-14234.9
930	0.462664	-14237.3
940	0.462664	-14237.2
950	0.462664	-14243.9
960	0.462664	-14237.7
970	0.462664	-14233.2
980	0.462664	-14243.3
990	0.462664	-14241.4
1000	0.462664	-14240.6
260	0.410146	-14250.8
270	0.410146	-14280.6
280	0.410146	-14281
290	0.410146	-14245.1
300	0.410146	-14254.7
310	0.410146	-14241.6
320	0.410146	-14249.5
330	0.410146	-14246.8
340	0.410146	-14246.9
350	0.410146	-14249.6
360	0.410146	-14244.9
370	0.410146	-14271.3
380	0.410146	-14269.4
390	0.410146	-14267.2
400	0.410146	-14261.4
410	0.410146	-14255.6
420	0.410146	-14274.5
430	0.410146	-14254.4
440	0.410146	-14262.8
450	0.410146	-14268.6
460	0.410146	-14263.7
470	0.410146	-14246.9
480	0.410146	-14251.6
490	0.410146	-14244.2
500	0.410146	-14257.5
510	0.410146	-14264.2
520	0.410146	-14262.1
530	0.410146	-14264.3
540	0.410146	-14258.8
550	0.410146	-14266.1
560	0.410146	-14234.1
570	0.410146	-14233.2
580	0.410146	-14268.1
590	0.410146	-14252
600	0.410146	-14231.4
610	0.410146	-14242.9
620	0.410146	-14236.4
630	0.410146	-14247.4
640	0.410146	-14248.8
650	0.410146	-14250.2
660	0.410146	-14243.4
670	0.410146	-14266.5
680	0.410146	-14238.2
690	0.410146	-14242.5
700	0.410146	-14255.8
710	0.410146	-14226.9
720	0.410146	-14238.3
730	0.410146	-14249.5
740	0.410146	-14250.9
750	0.410146	-14240.6
760	0.410146	-14243.2
770	0.410146	-14283.6
780	0.410146	-14261.7
790	0.410146	-14251.8
800	0.410146	-14238.3
810	0.410146	-14259.8
820	0.410146	-14260.4
830	0.410146	-14292.6
840	0.410146	-14314
850	0.410146	-14299.2
860	0.410146	-14296.7
870	0.410146	-14265.3
880	0.410146	-14268.8
890	0.410146	-14274.8
900	0.410146	-14277.3
910	0.410146	-14266.8
920	0.410146	-14235
930	0.410146	-14237
940	0.410146	-14267
950	0.410146	-14245.5
960	0.410146	-14261.7
970	0.410146	-14256.4
980	0.410146	-14240.8
990	0.410146	-14266.1
1000	0.410146	-14254.3
260	0.36251	-14255.2
270	0.36251	-14281.2
280	0.36251	-14269.4
290	0.36251	-14281.2
300	0.36251	-14282.7
310	0.36251	-14259.4
320	0.36251	-14266.5
330	0.36251	-14257.5
340	0.36251	-14265.7
350	0.36251	-14254.8
360	0.36251	-14249.7
370	0.36251	-14252.1
380	0.36251	-14255.1
390	0.36251	-14287.8
400	0.36251	-14280.4
410	0.36251	-14280.2
420	0.36251	-14263.5
430	0.36251	-14278.6
440	0.36251	-14249.1
450	0.36251	-14285.6
460	0.36251	-14286.2
470	0.36251	-14291.3
480	0.36251	-14291.6
490	0.36251	-14267.3
500	0.36251	-14272.4
510	0.36251	-14274.4
520	0.36251	-14263.8
530	0.36251	-14284.2
540	0.36251	-14270
550	0.36251	-14249.7
560	0.36251	-14270.5
570	0.36251	-14267.4
580	0.36251	-14276.8
590	0.36251	-14271.2
600	0.36251	-14272.4
610	0.36251	-14267.5
620	0.36251	-14275.4
630	0.36251	-14265.4
640	0.36251	-14267.9
650	0.36251	-14273.6
660	0.36251	-14278
670	0.36251	-14269.3
680	0.36251	-14247.5
690	0.36251	-14253.6
700	0.36251	-14253.5
710	0.36251	-14258.1
720	0.36251	-14248.2
730	0.36251	-14258
740	0.36251	-14252.7
750	0.36251	-14275.6
760	0.36251	-14250.1
770	0.36251	-14255.7
780	0.36251	-14241
790	0.36251	-14262.9
800	0.36251	-14254.7
810	0.36251	-14235.3
820	0.36251	-14244.2
830	0.36251	-14242.8
840	0.36251	-14270
850	0.36251	-14263.6
860	0.36251	-14257.3
870	0.36251	-14253.9
880	0.36251	-14280.1
890	0.36251	-14254.9
900	0.36251	-14233.1
910	0.36251	-14247.4
920	0.36251	-14237.5
930	0.36251	-14269.3
940	0.36251	-14271.3
950	0.36251	-14283.5
960	0.36251	-14288.7
970	0.36251	-14283.7
980	0.36251	-14264.2
990	0.36251	-14264.1
1000	0.36251	-14294.2
260	0.319406	-14269.9
270	0.319406	-14261.8
280	0.319406	-14257.4
290	0.319406	-14272.1
300	0.319406	-14259.7
310	0.319406	-14262.8
320	0.319406	-14243.9
330	0.319406	-14260.1
340	0.319406	-14243.3
350	0.319406	-14263.1
360	0.319406	-14293.8
370	0.319406	-14287.6
380	0.319406	-14265.2
390	0.319406	-14249.7
400	0.319406	-14248.3
410	0.319406	-14283.3
420	0.319406	-14264.8
430	0.319406	-14260.2
440	0.319406	-14258.6
450	0.319406	-14274.5
460	0.319406	-14261.5
470	0.319406	-14275.2
480	0.319406	-14306.4
490	0.319406	-14271.7
500	0.319406	-14292.5
510	0.319406	-14278.2
520	0.319406	-14272.6
530	0.319406	-14274.9
540	0.319406	-14261
550	0.319406	-14254.8
560	0.319406	-14266.3
570	0.319406	-14259.3
580	0.319406	-14277.3
590	0.319406	-14263
600	0.319406	-14256.9
610	0.319406	-14265.7
620	0.319406	-14261.4
630	0.319406	-14267.3
640	0.319406	-14262
650	0.319406	-14284.5
660	0.319406	-14268.2
670	0.319406	-14258.4
680	0.319406	-14283.1
690	0.319406	-14283.8
700	0.319406	-14278.7
710	0.319406	-14283.5
720	0.319406	-14276.8
730	0.319406	-14275.6
740	0.319406	-14258.3
750	0.319406	-14245.7
760	0.319406	-14260.3
770	0.319406	-14302.4
780	0.319406	-14255.4
790	0.319406	-14275.7
800	0.319406	-14262.9
810	0.319406	-14249.4
820	0.319406	-14238.4
830	0.319406	-14282.4
840	0.319406	-14231.1
850	0.319406	-14232.4
860	0.319406	-14247.7
870	0.319406	-14274.8
880	0.319406	-14262.7
890	0.319406	-14261.8
900	0.319406	-14250.1
910	0.319406	-14256.9
920	0.319406	-14277.2
930	0.319406	-14267.5
940	0.319406	-14278.4
950	0.319406	-14252.7
960	0.319406	-14242.8
970	0.319406	-14272.2
980	0.319406	-14276.4
990	0.319406	-14285.4
1000	0.319406	-14271.9
260	0.280503	-14312.6
270	0.280503	-14285.8
280	0.280503	-14292.1
290	0.280503	-14281.5
300	0.280503	-14265.8
310	0.280503	-14254.7
320	0.280503	-14252.9
330	0.280503	-14260.7
340	0.280503	-14287.7
350	0.280503	-14259.7
360	0.280503	-14273.7
370	0.280503	-14266.2
380	0.280503	-14300
390	0.280503	-14265.7
400	0.280503	-14278.6
410	0.280503	-14306.1
420	0.280503	-14290.9
430	0.280503	-14299.3
440	0.280503	-14286.7
450	0.280503	-14276.3
460	0.280503	-14281.8
470	0.280503	-14298
480	0.280503	-14286.9
490	0.280503	-14274.3
500	0.280503	-14268.9
510	0.280503	-14300.4
520	0.280503	-14281.4
530	0.280503	-14287.3
540	0.280503	-14273.9
550	0.280503	-14293
560	0.280503	-14287.9
570	0.280503	-14287.6
580	0.280503	-14266.5
590	0.280503	-14295.8
600	0.280503	-14288.1
610	0.280503	-14270.8
620	0.280503	-14254.8
630	0.280503	-14252.2
640	0.280503	-14285.3
650	0.280503	-14273.9
660	0.280503	-14258.1
670	0.280503	-14269.2
680	0.280503	-14261.4
690	0.280503	-14284.9
700	0.280503	-14234.4
710	0.280503	-14246.9
720	0.280503	-14248.3
730	0.280503	-14298.3
740	0.280503	-14279.1
750	0.280503	-14259.7
760	0.280503	-14296.1
770	0.280503	-14297
780	0.280503	-14298
790	0.280503	-14278
800	0.280503	-14311.7
810	0.280503	-14279.4
820	0.280503	-14295
830	0.280503	-14308.2
840	0.280503	-14290.6
850	0.280503	-14273.3
860	0.280503	-14297.2
870	0.280503	-14283.4
880	0.280503	-14296.4
890	0.280503	-14289.9
900	0.280503	-14289
910	0.280503	-14289.1
920	0.280503	-14268.4
930	0.280503	-14284.8
940	0.280503	-14275.2
950	0.280503	-14305.7
960	0.280503	-14293.5
970	0.280503	-14282.6
980	0.280503	-14283.1
990	0.280503	-14317.4
1000	0.280503	-14284
260	0.245487	-14314.9
270	0.245487	-14306.9
280	0.245487	-14317.7
290	0.245487	-14339.9
300	0.245487	-14300.2
310	0.245487	-14318
320	0.245487	-14336.7
330	0.245487	-14313.5
340	0.245487	-14288.2
350	0.245487	-14287.1
360	0.245487	-14289.3
370	0.245487	-14327.8
380	0.245487	-14284.5
390	0.245487	-14302.7
400	0.245487	-14314.8
410	0.245487	-14300.4
420	0.245487	-14273
430	0.245487	-14271.9
440	0.245487	-14299
450	0.245487	-14282.4
460	0.245487	-14329.8
470	0.245487	-14316.8
480	0.245487	-14302.6
490	0.245487	-14300.5
500	0.245487	-14294.2
510	0.245487	-14366.1
520	0.245487	-14307.1
530	0.245487	-14324.4
540	0.245487	-14277.7
550	0.245487	-14263.9
560	0.245487	-14305.1
570	0.245487	-14293.5
580	0.245487	-14294.5
590	0.245487	-14307.3
600	0.245487	-14279.4
610	0.245487	-14293.8
620	0.245487	-14277.7
630	0.245487	-14289.4
640	0.245487	-14266.4
650	0.245487	-14297.9
660	0.245487	-14320
670	0.245487	-14315.9
680	0.245487	-14281.8
690	0.245487	-14296.4
700	0.245487	-14314.4
710	0.245487	-14309.9
720	0.245487	-14300
730	0.245487	-14319.1
740	0.245487	-14278.6
750	0.245487	-14285.8
760	0.245487	-14316.7
770	0.245487	-14296.4
780	0.245487	-14304.9
790	0.245487	-14300.3
800	0.245487	-14294.6
810	0.245487	-14304.8
820	0.245487	-14270.3
830	0.245487	-14313.4
840	0.245487	-14317
850	0.245487	-14285.9
860	0.245487	-14291.4
870	0.245487	-14302.3
880	0.245487	-14278.5
890	0.245487	-14303.7
900	0.245487	-14298.3
910	0.245487	-14294.2
920	0.245487	-14293
930	0.245487	-14292.8
940	0.245487	-14289.5
950	0.245487	-14299.4
960	0.245487	-14273.8
970	0.245487	-14288
980	0.245487	-14256.1
990	0.245487	-14321
1000	0.245487	-14292.6
260	0.214058	-14278
270	0.214058	-14302.9
280	0.214058	-14286.4
290	0.214058	-14322.7
300	0.214058	-14276
310	0.214058	-14290.3
320	0.214058	-14300.9
330	0.214058	-14317.8
340	0.214058	-14317.4
350	0.214058	-14309
360	0.214058	-14313
370	0.214058	-14353.2
380	0.214058	-14295.8
390	0.214058	-14300
400	0.214058	-14321.8
410	0.214058	-14324.8
420	0.214058	-14357
430	0.214058	-14311.3
440	0.214058	-14287.7
450	0.214058	-14281.6
460	0.214058	-14349.2
470	0.214058	-14330.3
480	0.214058	-14345.4
490	0.214058	-14286.6
500	0.214058	-14319.5
510	0.214058	-14294.5
520	0.214058	-14303.8
530	0.214058	-14341
540	0.214058	-14321.4
550	0.214058	-14307.3
560	0.214058	-14352.4
570	0.214058	-14291.8
580	0.214058	-14286.4
590	0.214058	-14330.6
600	0.214058	-14295.6
610	0.214058	-14298.2
620	0.214058	-14306.6
630	0.214058	-14328.9
640	0.214058	-14304.4
650	0.214058	-14299.7
660	0.214058	-14285.1
670	0.214058	-14311.5
680	0.214058	-14344.3
690	0.214058	-14307.7
700	0.214058	-14323.2
710	0.214058	-14313.4
720	0.214058	-14321
730	0.214058	-14321
740	0.214058	-14348.9
750	0.214058	-14317.6
760	0.214058	-14292
770	0.214058	-14298.9
780	0.214058	-14359.1
790	0.214058	-14280.9
800	0.214058	-14258.8
810	0.214058	-14262.9
820	0.214058	-14289.2
830	0.214058	-14306.9
840	0.214058	-14311.4
850	0.214058	-14297.2
860	0.214058	-14313.4
870	0.214058	-14268.3
880	0.214058	-14300.6
890	0.214058	-14286.9
900	0.214058	-14334.1
910	0.214058	-14283.3
920	0.214058	-14277.2
930	0.214058	-14257.4
940	0.214058	-14353.6
950	0.214058	-14320.6
960	0.214058	-14300.7
970	0.214058	-14329.4
980	0.214058	-14323
990	0.214058	-14320.8
1000	0.214058	-14279.7
260	0.185935	-14337.4
270	0.185935	-14307.5
280	0.185935	-14305.8
290	0.185935	-14322.5
300	0.185935	-14313.5
310	0.185935	-14350.3
320	0.185935	-14361.1
330	0.185935	-14303.5
340	0.185935	-14342.5
350	0.185935	-14336.5
360	0.185935	-14335.5
370	0.185935	-14310
380	0.185935	-14312.5
390	0.185935	-14330.2
400	0.185935	-14298.4
410	0.185935	-14282.2
420	0.185935	-14298.1
430	0.185935	-14345.5
440	0.185935	-14327.8
450	0.185935	-14300.6
460	0.185935	-14325.8
470	0.185935	-14328.6
480	0.185935	-14321.7
490	0.185935	-14344.4
500	0.185935	-14331.7
510	0.185935	-14308.9
520	0.185935	-14297.4
530	0.185935	-14314.6
540	0.185935	-14315.8
550	0.185935	-14339.9
560	0.185935	-14318.8
570	0.185935	-14356.6
580	0.185935	-14300.2
590	0.185935	-14323.6
600	0.185935	-14297.4
610	0.185935	-14360.4
620	0.185935	-14308.2
630	0.185935	-14296.4
640	0.185935	-14319.2
650	0.185935	-14326.2
660	0.185935	-14335.5
670	0.185935	-14316
680	0.185935	-14354.6
690	0.185935	-14360.7
700	0.185935	-14323.5
710	0.185935	-14269
720	0.185935	-14311.3
730	0.185935	-14317.1
740	0.185935	-14308.3
750	0.185935	-14347.2
760	0.185935	-14305.1
770	0.185935	-14299.7
780	0.185935	-14315.9
790	0.185935	-14293.4
800	0.185935	-14311.7
810	0.185935	-14333.5
820	0.185935	-14301.3
830	0.185935	-14314.4
840	0.185935	-14311
850	0.185935	-14310.2
860	0.185935	-14304.3
870	0.185935	-14320.9
880	0.185935	-14300.8
890	0.185935	-14349.8
900	0.185935	-14367.7
910	0.185935	-14316.6
920	0.185935	-14330.5
930	0.185935	-14302.6
940	0.185935	-14313.7
950	0.185935	-14334.8
960	0.185935	-14319.2
970	0.185935	-14333.2
980	0.185935	-14319.8
990	0.185935	-14299.9
1000	0.185935	-14332.1
260	0.160847	-14324.5
270	0.160847	-14382.7
280	0.160847	-14343.8
290	0.160847	-14335.5
300	0.160847	-14304.7
310	0.160847	-14351.9
320	0.160847	-14355.8
330	0.160847	-14392.5
340	0.160847	-14291.8
350	0.160847	-14323.5
360	0.160847	-14295.9
370	0.160847	-14353.7
380	0.160847	-14350.3
390	0.160847	-14333.2
400	0.160847	-14299.5
410	0.160847	-14312
420	0.160847	-14329.4
430	0.160847	-14335.2
440	0.160847	-14307.9
450	0.160847	-14363.9
460	0.160847	-14371
470	0.160847	-14380.4
480	0.160847	-14353.6
490	0.160847	-14341.2
500	0.160847	-14347.8
510	0.160847	-14364.9
520	0.160847	-14358.6
530	0.160847	-14362.8
540	0.160847	-14304.5
550	0.160847	-14351.5
560	0.160847	-14378.6
570	0.160847	-14374.9
580	0.160847	-14366.4
590	0.160847	-14349.2
600	0.160847	-14351.6
610	0.160847	-14318.7
620	0.160847	-14309.1
630	0.160847	-14366.7
640	0.160847	-14313.6
650	0.160847	-14325.5
660	0.160847	-14311.5
670	0.160847	-14337.9
680	0.160847	-14358.8
690	0.160847	-14341.5
700	0.160847	-14339.6
710	0.160847	-14307.7
720	0.160847	-14328.7
730	0.160847	-14302.1
740	0.160847	-14301.4
750	0.160847	-14356.9
760	0.160847	-14346.9
770	0.160847	-14365.1
780	0.160847	-14349.8
790	0.160847	-14302.8
800	0.160847	-14362.4
810	0.160847	-14356.5
820	0.160847	-14306.1
830	0.160847	-14317.1
840	0.160847	-14414.9
850	0.160847	-14345.8
860	0.160847	-14391.9
870	0.160847	-14340.1
880	0.160847	-14341.5
890	0.160847	-14402.3
900	0.160847	-14330.6
910	0.160847	-14372.1
920	0.160847	-14337
930	0.160847	-14369
940	0.160847	-14367.4
950	0.160847	-14369.2
960	0.160847	-14340.5
970	0.160847	-14354.4
980	0.160847	-14310.8
990	0.160847	-14331
1000	0.160847	-14292.3
260	0.138544	-14420.6
270	0.138544	-14338.6
280	0.138544	-14305.2
290	0.138544	-14354.6
300	0.138544	-14326.6
310	0.138544	-14350.5
320	0.138544	-14348
330	0.138544	-14359
340	0.138544	-14337.3
350	0.138544	-14411.1
360	0.138544	-14333.9
370	0.138544	-14341.1
380	0.138544	-14337.2
390	0.138544	-14284.5
400	0.138544	-14313
410	0.138544	-14320.7
420	0.138544	-14329.6
430	0.138544	-14355.1
440	0.138544	-14354.4
450	0.138544	-14335.9
460	0.138544	-14349
470	0.138544	-14364.7
480	0.138544	-14395.7
490	0.138544	-14315.4
500	0.138544	-14312.6
510	0.138544	-14376.8
520	0.138544	-14363.1
530	0.138544	-14369.6
540	0.138544	-14365.4
550	0.138544	-14342.7
560	0.138544	-14322.2
570	0.138544	-14299.1
580	0.138544	-14356.5
590	0.138544	-14316.5
600	0.138544	-14345.3
610	0.138544	-14299.5
620	0.138544	-14342.3
630	0.138544	-14356.3
640	0.138544	-14377.7
650	0.138544	-14309.3
660	0.138544	-14425.3
670	0.138544	-14317.4
680	0.138544	-14389.7
690	0.138544	-14404.6
700	0.138544	-14378.3
710	0.138544	-14371.4
720	0.138544	-14332
730	0.138544	-14383.4
740	0.138544	-14326
750	0.138544	-14359.4
760	0.138544	-14389.7
770	0.138544	-14349.6
780	0.138544	-14350.6
790	0.138544	-14342.8
800	0.138544	-14370.7
810	0.138544	-14366.5
820	0.138544	-14346.6
830	0.138544	-14318.2
840	0.138544	-14339.7
850	0.138544	-14346.7
860	0.138544	-14378
870	0.138544	-14398.5
880	0.138544	-14385.6
890	0.138544	-14353.3
900	0.138544	-14408.2
910	0.138544	-14364.1
920	0.138544	-14312.3
930	0.138544	-14320.1
940	0.138544	-14342.4
950	0.138544	-14324.3
960	0.138544	-14350.9
970	0.138544	-14374.7
980	0.138544	-14357.9
990	0.138544	-14298.5
1000	0.138544	-14365.8
260	0.118787	-14339
270	0.118787	-14329.7
280	0.118787	-14329.8
290	0.118787	-14341.6
300	0.118787	-14342.9
310	0.118787	-14383
320	0.118787	-14368.5
330	0.118787	-14349.5
340	0.118787	-14331.8
350	0.118787	-14357.8
360	0.118787	-14424.3
370	0.118787	-14410.3
380	0.118787	-14374.6
390	0.118787	-14403.6
400	0.118787	-14398.4
410	0.118787	-14352.5
420	0.118787	-14349.7
430	0.118787	-14393.6
440	0.118787	-14325.8
450	0.118787	-14408
460	0.118787	-14398.5
470	0.118787	-14352.6
480	0.118787	-14398.1
490	0.118787	-14554.6
500	0.118787	-14404.2
510	0.118787	-14470.1
520	0.118787	-14367
530	0.118787	-14375.5
540	0.118787	-14394.3
550	0.118787	-14406.1
560	0.118787	-14430.7
570	0.118787	-14359.1
580	0.118787	-14340.7
590	0.118787	-14435.9
600	0.118787	-14364
610	0.118787	-14353.1
620	0.118787	-14390.6
630	0.118787	-14392.8
640	0.118787	-14359.6
650	0.118787	-14424.3
660	0.118787	-14353.2
670	0.118787	-14363.4
680	0.118787	-14389.4
690	0.118787	-14352.9
700	0.118787	-14419.6
710	0.118787	-14383.3
720	0.118787	-14445.6
730	0.118787	-14381
740	0.118787	-14405.3
750	0.118787	-14385.6
760	0.118787	-14444.7
770	0.118787	-14414.4
780	0.118787	-14409.6
790	0.118787	-14433.2
800	0.118787	-14503.4
810	0.118787	-14569.1
820	0.118787	-14507.9
830	0.118787	-14397.4
840	0.118787	-14530.8
850	0.118787	-14482.9
860	0.118787	-14447.1
870	0.118787	-14420.6
880	0.118787	-14448.2
890	0.118787	-14489
900	0.118787	-14349.9
910	0.118787	-14453.7
920	0.118787	-14433.4
930	0.118787	-14450.4
940	0.118787	-14502
950	0.118787	-14506.9
960	0.118787	-14456.7
970	0.118787	-14374.8
980	0.118787	-14371.2
990	0.118787	-14365.1
1000	0.118787	-14405.3
260	0.101351	-14449.7
270	0.101351	-14340
280	0.101351	-14354.7
290	0.101351	-14426.3
300	0.101351	-14403.4
310	0.101351	-14344.6
320	0.101351	-14335.8
330	0.101351	-14332.2
340	0.101351	-14354.7
350	0.101351	-14443.5
360	0.101351	-14465.7
370	0.101351	-14477.3
380	0.101351	-14373.1
390	0.101351	-14403.4
400	0.101351	-14392.1
410	0.101351	-14388
420	0.101351	-14452.3
430	0.101351	-14346.6
440	0.101351	-14415.2
450	0.101351	-14390.9
460	0.101351	-14336
470	0.101351	-14367.5
480	0.101351	-14415.4
490	0.101351	-14451.7
500	0.101351	-14343.4
510	0.101351	-14364.8
520	0.101351	-14391.7
530	0.101351	-14422.5
540	0.101351	-14364.7
550	0.101351	-14519.3
560	0.101351	-14431.7
570	0.101351	-14402.5
580	0.101351	-14444.9
590	0.101351	-14496.1
600	0.101351	-14392.8
610	0.101351	-14456.7
620	0.101351	-14516.9
630	0.101351	-14372.5
640	0.101351	-14391.3
650	0.101351	-14380.5
660	0.101351	-14450.1
670	0.101351	-14397.3
680	0.101351	-14389.1
690	0.101351	-14353.2
700	0.101351	-14408.2
710	0.101351	-14434.8
720	0.101351	-14384.6
730	0.101351	-14400.9
740	0.101351	-14415.8
750	0.101351	-14427
760	0.101351	-14428.4
770	0.101351	-14413.7
780	0.101351	-14485.5
790	0.101351	-14435.8
800	0.101351	-14398
810	0.101351	-14413.4
820	0.101351	-14427.7
830	0.101351	-14456.3
840	0.101351	-14392.7
850	0.101351	-14454.2
860	0.101351	-14360.8
870	0.101351	-14412.5
880	0.101351	-14421.8
890	0.101351	-14360.2
900	0.101351	-14332.3
910	0.101351	-14372.1
920	0.101351	-14429.4
930	0.101351	-14398.3
940	0.101351	-14346.8
950	0.101351	-14383.3
960	0.101351	-14378.6
970	0.101351	-14429.3
980	0.101351	-14423.2
990	0.101351	-14355.2
1000	0.101351	-14338.9
260	0.0860252	-14451.8
270	0.0860252	-14389.8
280	0.0860252	-14470.4
290	0.0860252	-14435.4
300	0.0860252	-14376.1
310	0.0860252	-14468.3
320	0.0860252	-14403.1
330	0.0860252	-14421
340	0.0860252	-14457.8
350	0.0860252	-14375.8
360	0.0860252	-14370.9
370	0.0860252	-14437.1
380	0.0860252	-14396
390	0.0860252	-14443.8
400	0.0860252	-14431.2
410	0.0860252	-14417.6
420	0.0860252	-14432.9
430	0.0860252	-14383.3
440	0.0860252	-14413.9
450	0.0860252	-14339
460	0.0860252	-14412.9
470	0.0860252	-14394.2
480	0.0860252	-14532
490	0.0860252	-14482.4
500	0.0860252	-14405.7
510	0.0860252	-14429.3
520	0.0860252	-14475.4
530	0.0860252	-14403.5
540	0.0860252	-14454.5
550	0.0860252	-14414.2
560	0.0860252	-14425.5
570	0.0860252	-14448.1
580	0.0860252	-14450.3
590	0.0860252	-14445.8
600	0.0860252	-14440.1
610	0.0860252	-14426.9
620	0.0860252	-14441.6
630	0.0860252	-14444.6
640	0.0860252	-14495.7
650	0.0860252	-14473
660	0.0860252	-14565.7
670	0.0860252	-14374.3
680	0.0860252	-14443
690	0.0860252	-14426.8
700	0.0860252	-14400.5
710	0.0860252	-14403.4
720	0.0860252	-14500
730	0.0860252	-14388.6
740	0.0860252	-14345.1
750	0.0860252	-14340.6
760	0.0860252	-14413.4
770	0.0860252	-14521.8
780	0.0860252	-14425.3
790	0.0860252	-14464.8
800	0.0860252	-14403
810	0.0860252	-14411.5
820	0.0860252	-14418.6
830	0.0860252	-14449.8
840	0.0860252	-14424.8
850	0.0860252	-14363.3
860	0.0860252	-14299.1
870	0.0860252	-14367.6
880	0.0860252	-14377.8
890	0.0860252	-14479.6
900	0.0860252	-14438.3
910	0.0860252	-14372
920	0.0860252	-14371.2
930	0.0860252	-14470.2
940	0.0860252	-14398.2
950	0.0860252	-14414.8
960	0.0860252	-14486.6
970	0.0860252	-14405.1
980	0.0860252	-14407.8
990	0.0860252	-14506.7
1000	0.0860252	-14444
260	0.0726122	-14443.3
270	0.0726122	-14469.6
280	0.0726122	-14447.8
290	0.0726122	-14392.1
300	0.0726122	-14434.2
310	0.0726122	-14555.6
320	0.0726122	-14461.5
330	0.0726122	-14453.4
340	0.0726122	-14518.6
350	0.0726122	-14415.8
360	0.0726122	-14487.8
370	0.0726122	-14496.7
380	0.0726122	-14480.5
390	0.0726122	-14479.2
400	0.0726122	-14409.6
410	0.0726122	-14424.3
420	0.0726122	-14443.2
430	0.0726122	-14457
440	0.0726122	-14518.8
450	0.0726122	-14360
460	0.0726122	-14418.7
470	0.0726122	-14457.2
480	0.0726122	-14458.9
490	0.0726122	-14366.3
500	0.0726122	-14408.7
510	0.0726122	-14520.4
520	0.0726122	-14444.7
530	0.0726122	-14475.3
540	0.0726122	-14412.4
550	0.0726122	-14467.9
560	0.0726122	-14453.6
570	0.0726122	-14433.9
580	0.0726122	-14560.9
590	0.0726122	-14435.7
600	0.0726122	-14423.4
610	0.0726122	-14518.1
620	0.0726122	-14413.9
630	0.0726122	-14449.2
640	0.0726122	-14533
650	0.0726122	-14355.5
660	0.0726122	-14404.1
670	0.0726122	-14510.6
680	0.0726122	-14401.3
690	0.0726122	-14431.7
700	0.0726122	-14481
710	0.0726122	-14443.6
720	0.0726122	-14484.2
730	0.0726122	-14516
740	0.0726122	-14445.2
750	0.0726122	-14553.4
760	0.0726122	-14451.2
770	0.0726122	-14505.3
780	0.0726122	-14629
790	0.0726122	-14478.2
800	0.0726122	-14387.9
810	0.0726122	-14402.1
820	0.0726122	-14470.7
830	0.0726122	-14446.9
840	0.0726122	-14475.1
850	0.0726122	-14471.3
860	0.0726122	-14492.6
870	0.0726122	-14511.6
880	0.0726122	-14386.7
890	0.0726122	-14463.2
900	0.0726122	-14441.9
910	0.0726122	-14426.7
920	0.0726122	-14398.4
930	0.0726122	-14477.8
940	0.0726122	-14450.7
950	0.0726122	-14578.7
960	0.0726122	-14430.7
970	0.0726122	-14488.9
980	0.0726122	-14453.5
990	0.0726122	-14441.9
1000	0.0726122	-14526.6
260	0.060927	-14564.2
270	0.060927	-14585.6
280	0.060927	-14669
290	0.060927	-14699.8
300	0.060927	-14898
310	0.060927	-14572.2
320	0.060927	-14667.8
330	0.060927	-14557.1
340	0.060927	-14587.5
350	0.060927	-14668.5
360	0.060927	-14553.5
370	0.060927	-14578.8
380	0.060927	-14584.8
390	0.060927	-14529.5
400	0.060927	-14511.2
410	0.060927	-14600.5
420	0.060927	-14550.4
430	0.060927	-14601.4
440	0.060927	-14606.4
450	0.060927	-14808.8
460	0.060927	-14626.4
470	0.060927	-14565.6
480	0.060927	-14670.7
490	0.060927	-14567.6
500	0.060927	-14455.4
510	0.060927	-14570.1
520	0.060927	-14483.8
530	0.060927	-14558.9
540	0.060927	-14574.8
550	0.060927	-14576.3
560	0.060927	-14594.8
570	0.060927	-14609.4
580	0.060927	-14550.8
590	0.060927	-14590.1
600	0.060927	-14521
610	0.060927	-14543
620	0.060927	-14607.5
630	0.060927	-14616.6
640	0.060927	-14538.9
650	0.060927	-14594.2
660	0.060927	-14596.8
670	0.060927	-14540.8
680	0.060927	-14526.2
690	0.060927	-14611.3
700	0.060927	-14562.9
710	0.060927	-14722.1
720	0.060927	-14477.7
730	0.060927	-14585.9
740	0.060927	-14499.2
750	0.060927	-14550.6
760	0.060927	-14610.2
770	0.060927	-14539.7
780	0.060927	-14576.7
790	0.060927	-14622.8
800	0.060927	-14735.9
810	0.060927	-14599.3
820	0.060927	-14534
830	0.060927	-14535.1
840	0.060927	-14786.8
850	0.060927	-14561.8
860	0.060927	-14646.3
870	0.060927	-14637
880	0.060927	-14495.5
890	0.060927	-14636.2
900	0.060927	-14614.3
910	0.060927	-14573.4
920	0.060927	-14556
930	0.060927	-14652
940	0.060927	-14674.8
950	0.060927	-14526.6
960	0.060927	-14577
970	0.060927	-14550.3
980	0.060927	-14580
990	0.060927	-14643.6
1000	0.060927	-14636
260	0.050797	-14669.9
270	0.050797	-14556
280	0.050797	-14610.3
290	0.050797	-14670.2
300	0.050797	-14656.5
310	0.050797	-14714.6
320	0.050797	-14831.7
330	0.050797	-14542.5
340	0.050797	-14786.1
350	0.050797	-14868.8
360	0.050797	-14576.3
370	0.050797	-14529.5
380	0.050797	-14597.3
390	0.050797	-14633.3
400	0.050797	-14646.9
410	0.050797	-14603.6
420	0.050797	-14524.5
430	0.050797	-14680
440	0.050797	-14570.2
450	0.050797	-14547.8
460	0.050797	-14561.8
470	0.050797	-14617.2
480	0.050797	-14531.3
490	0.050797	-14643.1
500	0.050797	-14537.9
510	0.050797	-14518.8
520	0.050797	-14686.9
530	0.050797	-14578.7
540	0.050797	-14496.7
550	0.050797	-14662.8
560	0.050797	-14742.7
570	0.050797	-14753.6
580	0.050797	-14852.9
590	0.050797	-14678.3
600	0.050797	-14705.5
610	0.050797	-14563.2
620	0.050797	-14639.7
630	0.050797	-14766.1
640	0.050797	-14638.2
650	0.050797	-14746.5
660	0.050797	-14668.7
670	0.050797	-14516.5
680	0.050797	-14561.8
690	0.050797	-14727
700	0.050797	-14621.8
710	0.050797	-14628.6
720	0.050797	-14605.4
730	0.050797	-14589.6
740	0.050797	-14681.7
750	0.050797	-14640.6
760	0.050797	-14602.5
770	0.050797	-14665.5
780	0.050797	-14680
790	0.050797	-14538.7
800	0.050797	-14623.7
810	0.050797	-14609.9
820	0.050797	-14618
830	0.050797	-14659
840	0.050797	-14588
850	0.050797	-14712
860	0.050797	-14566.4
870	0.050797	-14549.3
880	0.050797	-14880.5
890	0.050797	-14657.1
900	0.050797	-14517.7
910	0.050797	-14648.4
920	0.050797	-14758.8
930	0.050797	-14586.9
940	0.050797	-14580.7
950	0.050797	-14598.2
960	0.050797	-14552.3
970	0.050797	-14724.6
980	0.050797	-14599.9
990	0.050797	-14478.9
1000	0.050797	-14470.6
260	0.0420616	-14626.1
270	0.0420616	-14875.2
280	0.0420616	-14747.5
290	0.0420616	-14688.7
300	0.0420616	-14893.6
310	0.0420616	-14740.9
320	0.0420616	-14682.6
330	0.0420616	-14676.2
340	0.0420616	-14612.8
350	0.0420616	-14815.1
360	0.0420616	-14793.3
370	0.0420616	-14643.5
380	0.0420616	-14717.1
390	0.0420616	-14646.2
400	0.0420616	-14755.2
410	0.0420616	-14758.5
420	0.0420616	-14786.9
430	0.0420616	-14777.7
440	0.0420616	-14661.1
450	0.0420616	-14702.2
460	0.0420616	-14798.6
470	0.0420616	-14585.1
480	0.0420616	-14724.9
490	0.0420616	-14866.2
500	0.0420616	-14750.5
510	0.0420616	-14879.7
520	0.0420616	-14769.6
530	0.0420616	-14931.2
540	0.0420616	-14838.5
550	0.0420616	-14770.1
560	0.0420616	-14657.3
570	0.0420616	-14722.8
580	0.0420616	-14785.1
590	0.0420616	-14925.7
600	0.0420616	-14801
610	0.0420616	-14547.4
620	0.0420616	-14661
630	0.0420616	-14637
640	0.0420616	-14558.5
650	0.0420616	-14652.7
660	0.0420616	-14802.6
670	0.0420616	-14963.9
680	0.0420616	-14831
690	0.0420616	-14821.2
700	0.0420616	-14574
710	0.0420616	-14784.9
720	0.0420616	-14641.3
730	0.0420616	-14756
740	0.0420616	-14632.2
750	0.0420616	-15029.7
760	0.0420616	-14954.2
770	0.0420616	-14747.6
780	0.0420616	-14626.9
790	0.0420616	-14648.4
800	0.0420616	-14679.8
810	0.0420616	-14669.6
820	0.0420616	-14737.2
830	0.0420616	-14898.7
840	0.0420616	-14672.7
850	0.0420616	-14612.3
860	0.0420616	-14710.2
870	0.0420616	-14755.5
880	0.0420616	-14645.1
890	0.0420616	-14679.6
900	0.0420616	-14532.6
910	0.0420616	-14737.4
920	0.0420616	-14615.2
930	0.0420616	-14723.4
940	0.0420616	-14845.4
950	0.0420616	-14808.1
960	0.0420616	-15007.1
970	0.0420616	-14689.9
980	0.0420616	-14796.6
990	0.0420616	-14827.5
1000	0.0420616	-14728.8
260	0.0345716	-14889.5
270	0.0345716	-14748.1
280	0.0345716	-14869.3
290	0.0345716	-14683.4
300	0.0345716	-14859.3
310	0.0345716	-14877
320	0.0345716	-14946.3
330	0.0345716	-14821.3
340	0.0345716	-14640.7
350	0.0345716	-14759.7
360	0.0345716	-14941.7
370	0.0345716	-14782.5
380	0.0345716	-14600.7
390	0.0345716	-14588.4
400	0.0345716	-14772.2
410	0.0345716	-14599.3
420	0.0345716	-14679.6
430	0.0345716	-14867.5
440	0.0345716	-14807.2
450	0.0345716	-14743.5
460	0.0345716	-14879.1
470	0.0345716	-14927.9
480	0.0345716	-14881.6
490	0.0345716	-14836.4
500	0.0345716	-14904.5
510	0.0345716	-14783.5
520	0.0345716	-14718.4
530	0.0345716	-14818.6
540	0.0345716	-14922.8
550	0.0345716	-14926.9
560	0.0345716	-14810.7
570	0.0345716	-14902.1
580	0.0345716	-14745.2
590	0.0345716	-14704.1
600	0.0345716	-14983.2
610	0.0345716	-14689.5
620	0.0345716	-14736
630	0.0345716	-14821.9
640	0.0345716	-14815.1
650	0.0345716	-14715.4
660	0.0345716	-14789.5
670	0.0345716	-14762.4
680	0.0345716	-14880.9
690	0.0345716	-14880.9
700	0.0345716	-14952.9
710	0.0345716	-14694.7
720	0.0345716	-14668
730	0.0345716	-14640.3
740	0.0345716	-14666
750	0.0345716	-14836.7
760	0.0345716	-15009.8
770	0.0345716	-14770.3
780	0.0345716	-15076.9
790	0.0345716	-14767.5
800	0.0345716	-14787.4
810	0.0345716	-14929.9
820	0.0345716	-14905.6
830	0.0345716	-14826.2
840	0.0345716	-14894.6
850	0.0345716	-14748
860	0.0345716	-14951.1
870	0.0345716	-14840.6
880	0.0345716	-14741.4
890	0.0345716	-14715.5
900	0.0345716	-15028.5
910	0.0345716	-14644
920	0.0345716	-14838.4
930	0.0345716	-14844.5
940	0.0345716	-14698.6
950	0.0345716	-14612.1
960	0.0345716	-14693.4
970	0.0345716	-14667
980	0.0345716	-14882.9
990	0.0345716	-14668.5
1000	0.0345716	-14666.4
260	0.0281887	-14800.4
270	0.0281887	-14738.6
280	0.0281887	-14765.7
290	0.0281887	-14737
300	0.0281887	-14867.5
310	0.0281887	-14817
320	0.0281887	-14703.8
330	0.0281887	-14849.7
340	0.0281887	-14917.6
350	0.0281887	-14977.1
360	0.0281887	-15094.8
370	0.0281887	-15193.2
380	0.0281887	-15048.3
390	0.0281887	-14869.2
400	0.0281887	-15204.3
410	0.0281887	-14847.2
420	0.0281887	-14850.5
430	0.0281887	-14973
440	0.0281887	-14721.5
450	0.0281887	-14758.9
460	0.0281887	-14918.1
470	0.0281887	-15365.7
480	0.0281887	-14954.1
490	0.0281887	-15087
500	0.0281887	-14844.1
510	0.0281887	-14856.8
520	0.0281887	-14686.4
530	0.0281887	-14753.5
540	0.0281887	-14819.4
550	0.0281887	-14733.1
560	0.0281887	-14837.9
570	0.0281887	-14944.2
580	0.0281887	-15090.3
590	0.0281887	-14771.5
600	0.0281887	-14721.1
610	0.0281887	-14779.3
620	0.0281887	-14842.9
630	0.0281887	-14923.9
640	0.0281887	-14947.4
650	0.0281887	-14887
660	0.0281887	-15004.1
670	0.0281887	-14863.9
680	0.0281887	-15087.1
690	0.0281887	-14943.6
700	0.0281887	-14812.4
710	0.0281887	-14891.1
720	0.0281887	-14848.2
730	0.0281887	-14631.5
740	0.0281887	-14650.8
750	0.0281887	-14760.4
760	0.0281887	-14704.8
770	0.0281887	-14804.6
780	0.0281887	-14837
790	0.0281887	-14978.5
800	0.0281887	-15115.9
810	0.0281887	-14779
820	0.0281887	-14816.4
830	0.0281887	-14862.6
840	0.0281887	-14693.7
850	0.0281887	-14849.6
860	0.0281887	-14812.4
870	0.0281887	-15017.4
880	0.0281887	-14980.8
890	0.0281887	-14695.5
900	0.0281887	-14811.2
910	0.0281887	-14878.3
920	0.0281887	-14888.5
930	0.0281887	-14739.5
940	0.0281887	-14874.2
950	0.0281887	-14721.7
960	0.0281887	-14913.3
970	0.0281887	-14906.1
980	0.0281887	-14967.7
990	0.0281887	-14973.5
1000	0.0281887	-14942
260	0.0227855	-15132.8
270	0.0227855	-14913.8
280	0.0227855	-14893.1
290	0.0227855	-15147.7
300	0.0227855	-15110.8
310	0.0227855	-14913.1
320	0.0227855	-15037.3
330	0.0227855	-15040
340	0.0227855	-15126.6
350	0.0227855	-14824.7
360	0.0227855	-14874.1
370	0.0227855	-15046.3
380	0.0227855	-15103.2
390	0.0227855	-14968.8
400	0.0227855	-14920.1
410	0.0227855	-15048.7
420	0.0227855	-15041.2
430	0.0227855	-14888
440	0.0227855	-14812.6
450	0.0227855	-14975.1
460	0.0227855	-15352.7
470	0.0227855	-15108.4
480	0.0227855	-14999
490	0.0227855	-14822.9
500	0.0227855	-15009.5
510	0.0227855	-15119
520	0.0227855	-15019.7
530	0.0227855	-15000
540	0.0227855	-14981
550	0.0227855	-14785.7
560	0.0227855	-15023.7
570	0.0227855	-14827.7
580	0.0227855	-15039.6
590	0.0227855	-15039.4
600	0.0227855	-14969.4
610	0.0227855	-15040
620	0.0227855	-15180.4
630	0.0227855	-15001.6
640	0.0227855	-15102.6
650	0.0227855	-15282
660	0.0227855	-15458
670	0.0227855	-15002.1
680	0.0227855	-15211.2
690	0.0227855	-15019.8
700	0.0227855	-15006.6
710	0.0227855	-15432.1
720	0.0227855	-14910
730	0.0227855	-14708.4
740	0.0227855	-15053.2
750	0.0227855	-15016
760	0.0227855	-14964.4
770	0.0227855	-15053.5
780	0.0227855	-14793.5
790	0.0227855	-15031.5
800	0.0227855	-14965
810	0.0227855	-14948.3
820	0.0227855	-14617.8
830	0.0227855	-15112.5
840	0.0227855	-15396
850	0.0227855	-15014.7
860	0.0227855	-14871.7
870	0.0227855	-15010.4
880	0.0227855	-14975.3
890	0.0227855	-15116.8
900	0.0227855	-15111.9
910	0.0227855	-14889.1
920	0.0227855	-15016.3
930	0.0227855	-14804.8
940	0.0227855	-15149.6
950	0.0227855	-15088.5
960	0.0227855	-14926.5
970	0.0227855	-14804.2
980	0.0227855	-14982.3
990	0.0227855	-15052.8
1000	0.0227855	-14883.1
260	0.0182445	-15072.9
270	0.0182445	-15256.7
280	0.0182445	-15332.2
290	0.0182445	-15453.9
300	0.0182445	-15403.5
310	0.0182445	-15052.6
320	0.0182445	-15291.2
330	0.0182445	-15213.5
340	0.0182445	-14988.6
350	0.0182445	-15458.8
360	0.0182445	-15600.1
370	0.0182445	-14975.1
380	0.0182445	-14999.4
390	0.0182445	-15193.6
400	0.0182445	-15370.6
410	0.0182445	-15353.8
420	0.0182445	-15269.3
430	0.0182445	-15001.6
440	0.0182445	-14920.7
450	0.0182445	-15182.6
460	0.0182445	-15159.8
470	0.0182445	-15163.2
480	0.0182445	-15398.4
490	0.0182445	-15157
500	0.0182445	-15227.4
510	0.0182445	-15008.5
520	0.0182445	-15047.6
530	0.0182445	-15304.3
540	0.0182445	-14963.1
550	0.0182445	-14953.8
560	0.0182445	-15264.3
570	0.0182445	-15107.4
580	0.0182445	-14770.3
590	0.0182445	-15211.4
600	0.0182445	-15197.2
610	0.0182445	-15169.3
620	0.0182445	-14985.6
630	0.0182445	-15052.8
640	0.0182445	-15013.3
650	0.0182445	-15109.5
660	0.0182445	-15104.4
670	0.0182445	-15098.5
680	0.0182445	-15103.9
690	0.0182445	-15127.2
700	0.0182445	-15141.3
710	0.0182445	-14875.2
720	0.0182445	-15171.3
730	0.0182445	-14902.5
740	0.0182445	-15123.1
750	0.0182445	-15152.6
760	0.0182445	-15236.3
770	0.0182445	-15156.3
780	0.0182445	-14975.4
790	0.0182445	-15001.2
800	0.0182445	-14783
810	0.0182445	-15025.5
820	0.0182445	-15304.1
830	0.0182445	-15130.1
840	0.0182445	-15054.1
850	0.0182445	-15120.3
860	0.0182445	-14893.8
870	0.0182445	-15578.3
880	0.0182445	-15063.8
890	0.0182445	-15028.4
900	0.0182445	-14944.3
910	0.0182445	-14996.2
920	0.0182445	-14930
930	0.0182445	-14998.9
940	0.0182445	-15271.8
950	0.0182445	-15199.1
960	0.0182445	-15095.3
970	0.0182445	-15045.6
980	0.0182445	-15001.1
990	0.0182445	-15342.8
1000	0.0182445	-15027.1
260	0.0144583	-15365.8
270	0.0144583	-15078.7
280	0.0144583	-15524.3
290	0.0144583	-15166.5
300	0.0144583	-15039.3
310	0.0144583	-15081
320	0.0144583	-15236.8
330	0.0144583	-15329.8
340	0.0144583	-15445.7
350	0.0144583	-15360.8
360	0.0144583	-15234.3
370	0.0144583	-14966.9
380	0.0144583	-15536.3
390	0.0144583	-15187.5
400	0.0144583	-15211.3
410	0.0144583	-15079.8
420	0.0144583	-15378
430	0.0144583	-15304.9
440	0.0144583	-15341.9
450	0.0144583	-15549.1
460	0.0144583	-15519.4
470	0.0144583	-15019.5
480	0.0144583	-14943.8
490	0.0144583	-14850.5
500	0.0144583	-14880
510	0.0144583	-15477.1
520	0.0144583	-14943.1
530	0.0144583	-15349.2
540	0.0144583	-15135.5
550	0.0144583	-15516.4
560	0.0144583	-15225.8
570	0.0144583	-15462.3
580	0.0144583	-15434.8
590	0.0144583	-15388.8
600	0.0144583	-15345.2
610	0.0144583	-15221.5
620	0.0144583	-15473
630	0.0144583	-15438.5
640	0.0144583	-15109.7
650	0.0144583	-15317.5
660	0.0144583	-15136
670	0.0144583	-15044
680	0.0144583	-15194.6
690	0.0144583	-15059.6
700	0.0144583	-15202.1
710	0.0144583	-15135.3
720	0.0144583	-15489.6
730	0.0144583	-15160.1
740	0.0144583	-15268.1
750	0.0144583	-15259.6
760	0.0144583	-15074.4
770	0.0144583	-15198.3
780	0.0144583	-15139.9
790	0.0144583	-15723.5
800	0.0144583	-15228.1
810	0.0144583	-15358
820	0.0144583	-15367.6
830	0.0144583	-15072
840	0.0144583	-14996.8
850	0.0144583	-15054.2
860	0.0144583	-15086.2
870	0.0144583	-15123.9
880	0.0144583	-15215.8
890	0.0144583	-15019.9
900	0.0144583	-15428.2
910	0.0144583	-15269.3
920	0.0144583	-15323.1
930	0.0144583	-15282.2
940	0.0144583	-15332.7
950	0.0144583	-15301.1
960	0.0144583	-15399.5
970	0.0144583	-15265.3
980	0.0144583	-15387.7
990	0.0144583	-15300.3
1000	0.0144583	-15123.5
260	0.0113284	-15619.5
270	0.0113284	-15762.6
280	0.0113284	-15320.9
290	0.0113284	-15455.3
300	0.0113284	-15230.4
310	0.0113284	-15509.3
320	0.0113284	-15470.4
330	0.0113284	-15313.9
340	0.0113284	-15338
350	0.0113284	-15054.9
360	0.0113284	-15036.6
370	0.0113284	-15292.5
380	0.0113284	-15208.3
390	0.0113284	-15422
400	0.0113284	-15240.6
410	0.0113284	-15337.5
420	0.0113284	-15402.2
430	0.0113284	-15641.7
440	0.0113284	-15459.6
450	0.0113284	-15319.7
460	0.0113284	-15478.7
470	0.0113284	-15242.2
480	0.0113284	-15596.6
490	0.0113284	-15260
500	0.0113284	-15125.5
510	0.0113284	-15629
520	0.0113284	-15241.4
530	0.0113284	-15327.8
540	0.0113284	-15317
550	0.0113284	-15249.2
560	0.0113284	-15193.9
570	0.0113284	-15386.4
580	0.0113284	-15330.1
590	0.0113284	-15337.6
600	0.0113284	-15226.3
610	0.0113284	-15060.7
620	0.0113284	-15330.1
630	0.0113284	-15685.7
640	0.0113284	-15521.1
650	0.0113284	-15297
660	0.0113284	-15494.7
670	0.0113284	-15367.5
680	0.0113284	-15175.3
690	0.0113284	-15459.1
700	0.0113284	-15388.6
710	0.0113284	-15220.7
720	0.0113284	-15033.8
730	0.0113284	-15248.1
740	0.0113284	-15453.7
750	0.0113284	-15027.8
760	0.0113284	-15296.4
770	0.0113284	-15194.5
780	0.0113284	-15089.5
790	0.0113284	-15328.4
800	0.0113284	-15371.7
810	0.0113284	-15658.7
820	0.0113284	-15365.6
830	0.0113284	-15402.8
840	0.0113284	-15291.9
850	0.0113284	-15309.7
860	0.0113284	-15163.2
870	0.0113284	-15357.1
880	0.0113284	-15303.3
890	0.0113284	-15112
900	0.0113284	-15493.9
910	0.0113284	-15214.4
920	0.0113284	-15093.8
930	0.0113284	-15347.5
940	0.0113284	-15328.6
950	0.0113284	-15632.7
960	0.0113284	-15238.8
970	0.0113284	-15369.2
980	0.0113284	-15067.6
990	0.0113284	-15009
1000	0.0113284	-15644.7
260	0.00876572	-15438.6
270	0.00876572	-15405.2
280	0.00876572	-15609.5
290	0.00876572	-15486
300	0.00876572	-15345.7
310	0.00876572	-15324.5
320	0.00876572	-15311.1
330	0.00876572	-15300.4
340	0.00876572	-15351.7
350	0.00876572	-15437.7
360	0.00876572	-15390.1
370	0.00876572	-14940.6
380	0.00876572	-15199.3
390	0.00876572	-15216.6
400	0.00876572	-15327.3
410	0.00876572	-15644.4
420	0.00876572	-15092.2
430	0.00876572	-15475.4
440	0.00876572	-15390.9
450	0.00876572	-15420.3
460	0.00876572	-15112.7
470	0.00876572	-15272.1
480	0.00876572	-15171.1
490	0.00876572	-15962.3
500	0.00876572	-15328.9
510	0.00876572	-14987.5
520	0.00876572	-15120.1
530	0.00876572	-15122.4
540	0.00876572	-15120.1
550	0.00876572	-15646
560	0.00876572	-15309.7
570	0.00876572	-16086.9
580	0.00876572	-15283.9
590	0.00876572	-15279.4
600	0.00876572	-15254.9
610	0.00876572	-15057.1
620	0.00876572	-15227.2
630	0.00876572	-15831.4
640	0.00876572	-15339
650	0.00876572	-15523.1
660	0.00876572	-15519.1
670	0.00876572	-15454.1
680	0.00876572	-15326.6
690	0.00876572	-15819.3
700	0.00876572	-15276.7
710	0.00876572	-15549.9
720	0.00876572	-15055.6
730	0.00876572	-15676.4
740	0.00876572	-15539.4
750	0.00876572	-15750.8
760	0.00876572	-15361.8
770	0.00876572	-15083.1
780	0.00876572	-15288.8
790	0.00876572	-15386.5
800	0.00876572	-15302.9
810	0.00876572	-15554.1
820	0.00876572	-15270.8
830	0.00876572	-15116.2
840	0.00876572	-15254.4
850	0.00876572	-15065.2
860	0.00876572	-15381.8
870	0.00876572	-15386.1
880	0.00876572	-15434.1
890	0.00876572	-15602.2
900	0.00876572	-15376.9
910	0.00876572	-15491.3
920	0.00876572	-15242.4
930	0.00876572	-15239.2
940	0.00876572	-15597.2
950	0.00876572	-15242.3
960	0.00876572	-15106.7
970	0.00876572	-15403.5
980	0.00876572	-15094.9
990	0.00876572	-15083.5
1000	0.00876572	-15356.1
260	0.00668932	-15622.2
270	0.00668932	-15850.6
280	0.00668932	-15934
290	0.00668932	-15249.4
300	0.00668932	-15817.7
310	0.00668932	-15788.5
320	0.00668932	-15746.4
330	0.00668932	-15827
340	0.00668932	-15481
350	0.00668932	-15395.2
360	0.00668932	-15392.9
370	0.00668932	-15238.3
380	0.00668932	-15665.9
390	0.00668932	-16084.4
400	0.00668932	-15561.9
410	0.00668932	-15822.5
420	0.00668932	-15182.2
430	0.00668932	-15894.8
440	0.00668932	-15709.7
450	0.00668932	-15645.5
460	0.00668932	-15844.8
470	0.00668932	-15486
480	0.00668932	-15221
490	0.00668932	-15335.7
500	0.00668932	-15188.1
510	0.00668932	-15468.7
520	0.00668932	-15627.9
530	0.00668932	-15382.6
540	0.00668932	-15912.8
550	0.00668932	-15302
560	0.00668932	-15245.1
570	0.00668932	-15339.3
580	0.00668932	-15748.8
590	0.00668932	-15375.8
600	0.00668932	-15508.9
610	0.00668932	-15641
620	0.00668932	-15875
630	0.00668932	-15395.1
640	0.00668932	-15585.8
650	0.00668932	-15573.5
660	0.00668932	-15654.7
670	0.00668932	-15731.8
680	0.00668932	-15657.3
690	0.00668932	-15588.4
700	0.00668932	-15640.4
710	0.00668932	-15669
720	0.00668932	-15448.2
730	0.00668932	-15420
740	0.00668932	-15556.9
750	0.00668932	-15643.9
760	0.00668932	-15976
770	0.00668932	-15715.9
780	0.00668932	-15190.7
790	0.00668932	-15762.3
800	0.00668932	-15716.8
810	0.00668932	-16309.4
820	0.00668932	-15359
830	0.00668932	-15540.6
840	0.00668932	-15270.9
850	0.00668932	-15481.9
860	0.00668932	-15609.6
870	0.00668932	-15318.7
880	0.00668932	-15418
890	0.00668932	-15842.1
900	0.00668932	-15350.2
910	0.00668932	-15790.3
920	0.00668932	-15376.5
930	0.00668932	-15695.5
940	0.00668932	-15070.1
950	0.00668932	-15213.3
960	0.00668932	-15679.4
970	0.00668932	-15752.5
980	0.00668932	-16077.4
990	0.00668932	-15936.3
1000	0.00668932	-16455.6
260	0.00502648	-15653.8
270	0.00502648	-16044
280	0.00502648	-15850.6
290	0.00502648	-15871.3
300	0.00502648	-15510.6
310	0.00502648	-15407.6
320	0.00502648	-16502.4
330	0.00502648	-15562.9
340	0.00502648	-16625
350	0.00502648	-16160.3
360	0.00502648	-16653.4
370	0.00502648	-15908.8
380	0.00502648	-15661.2
390	0.00502648	-16180.3
400	0.00502648	-15692.9
410	0.00502648	-15949.3
420	0.00502648	-16426.2
430	0.00502648	-15536.2
440	0.00502648	-16361.6
450	0.00502648	-16292.3
460	0.00502648	-16299.6
470	0.00502648	-16116.4
480	0.00502648	-15492.8
490	0.00502648	-16030
500	0.00502648	-16501.9
510	0.00502648	-15494
520	0.00502648	-16097.8
530	0.00502648	-16993.6
540	0.00502648	-15891.5
550	0.00502648	-15893.7
560	0.00502648	-15838.9
570	0.00502648	-16382.4
580	0.00502648	-15856
590	0.00502648	-15890.3
600	0.00502648	-16022.1
610	0.00502648	-16317.5
620	0.00502648	-16104.9
630	0.00502648	-15635.2
640	0.00502648	-15497.8
650	0.00502648	-15646.1
660	0.00502648	-15729.2
670	0.00502648	-15697
680	0.00502648	-15855.6
690	0.00502648	-15955.8
700	0.00502648	-16384.5
710	0.00502648	-15669.9
720	0.00502648	-16138.5
730	0.00502648	-15753.1
740	0.00502648	-15838.9
750	0.00502648	-15661.4
760	0.00502648	-15444.9
770	0.00502648	-15920.8
780	0.00502648	-16595.9
790	0.00502648	-16256.8
800	0.00502648	-15324.9
810	0.00502648	-15619.2
820	0.00502648	-16181.9
830	0.00502648	-16412.1
840	0.00502648	-15902.2
850	0.00502648	-16038.4
860	0.00502648	-15590.3
870	0.00502648	-15986.5
880	0.00502648	-15785.5
890	0.00502648	-16303.4
900	0.00502648	-15631.7
910	0.00502648	-15654.8
920	0.00502648	-16625.6
930	0.00502648	-15696.4
940	0.00502648	-15958.8
950	0.00502648	-16335.5
960	0.00502648	-16271.6
970	0.00502648	-15928.9
980	0.00502648	-15931.9
990	0.00502648	-16029.7
1000	0.00502648	-15522.2
260	0.0037121	-15294.3
270	0.0037121	-15877.1
280	0.0037121	-16227.5
290	0.0037121	-15850.6
300	0.0037121	-16256
310	0.0037121	-15545.2
320	0.0037121	-15643.2
330	0.0037121	-15624.7
340	0.0037121	-16328.8
350	0.0037121	-15248.4
360	0.0037121	-15147.4
370	0.0037121	-15571.7
380	0.0037121	-15527.9
390	0.0037121	-15674.6
400	0.0037121	-15669.1
410	0.0037121	-15755.6
420	0.0037121	-15411.4
430	0.0037121	-15404.8
440	0.0037121	-16110.2
450	0.0037121	-16204.9
460	0.0037121	-16286.5
470	0.0037121	-16394.8
480	0.0037121	-15837.6
490	0.0037121	-16089.5
500	0.0037121	-15467.6
510	0.0037121	-15525.9
520	0.0037121	-16006.5
530	0.0037121	-15981.6
540	0.0037121	-15654.4
550	0.0037121	-15515.4
560	0.0037121	-15947
570	0.0037121	-15280.6
580	0.0037121	-15830
590	0.0037121	-16561.5
600	0.0037121	-15566.3
610	0.0037121	-15572.4
620	0.0037121	-15673.3
630	0.0037121	-15937.8
640	0.0037121	-15690.2
650	0.0037121	-15790.8
660	0.0037121	-15710.5
670	0.0037121	-15830.9
680	0.0037121	-15927.3
690	0.0037121	-16530.8
700	0.0037121	-16314.8
710	0.0037121	-16266.8
720	0.0037121	-15261.9
730	0.0037121	-15862.3
740	0.0037121	-15995.5
750	0.0037121	-15932.3
760	0.0037121	-16795.1
770	0.0037121	-15371.2
780	0.0037121	-15827.2
790	0.0037121	-16449.4
800	0.0037121	-15662.4
810	0.0037121	-16889.2
820	0.0037121	-16446.5
830	0.0037121	-17482.1
840	0.0037121	-16233.1
850	0.0037121	-15321.5
860	0.0037121	-15284.2
870	0.0037121	-15714.4
880	0.0037121	-15987.6
890	0.0037121	-15404.8
900	0.0037121	-15598.3
910	0.0037121	-15820.5
920	0.0037121	-15587.9
930	0.0037121	-15872.5
940	0.0037121	-16793.6
950	0.0037121	-16388.8
960	0.0037121	-16125.3
970	0.0037121	-15901.9
980	0.0037121	-16038.1
990	0.0037121	-15829
1000	0.0037121	-15239.7
260	0.00268829	-15883.7
270	0.00268829	-15947.3
280	0.00268829	-15404
290	0.00268829	-16121.4
300	0.00268829	-16243.4
310	0.00268829	-15410.1
320	0.00268829	-15552.4
330	0.00268829	-15428.6
340	0.00268829	-16080.6
350	0.00268829	-16074.7
360	0.00268829	-15518.4
370	0.00268829	-16289.6
380	0.00268829	-15532
390	0.00268829	-16520.2
400	0.00268829	-15783.4
410	0.00268829	-15874.6
420	0.00268829	-16343.9
430	0.00268829	-15758.1
440	0.00268829	-15340.2
450	0.00268829	-15903.3
460	0.00268829	-16774.1
470	0.00268829	-15953.2
480	0.00268829	-15673.4
490	0.00268829	-16292.5
500	0.00268829	-16671.3
510	0.00268829	-15940.4
520	0.00268829	-15996.6
530	0.00268829	-15897.3
540	0.00268829	-15992.2
550	0.00268829	-16083
560	0.00268829	-16116.1
570	0.00268829	-16184
580	0.00268829	-15681.5
590	0.00268829	-15857.7
600	0.00268829	-16669.1
610	0.00268829	-16659.3
620	0.00268829	-16768
630	0.00268829	-15886
640	0.00268829	-16817.1
650	0.00268829	-16263.6
660	0.00268829	-15874.7
670	0.00268829	-16044.3
680	0.00268829	-15719.6
690	0.00268829	-15819.1
700	0.00268829	-15915.4
710	0.00268829	-16639
720	0.00268829	-16239.3
730	0.00268829	-17924.8
740	0.00268829	-16243.4
750	0.00268829	-16412.4
760	0.00268829	-16029.1
770	0.00268829	-16153.6
780	0.00268829	-16829.5
790	0.00268829	-16520.3
800	0.00268829	-16398.9
810	0.00268829	-16416.4
820	0.00268829	-16447.4
830	0.00268829	-15537.8
840	0.00268829	-16698.7
850	0.00268829	-16805.3
860	0.00268829	-16842.4
870	0.00268829	-15821.7
880	0.00268829	-15541.8
890	0.00268829	-16392.3
900	0.00268829	-16217.8
910	0.00268829	-15889.5
920	0.00268829	-16324.3
930	0.00268829	-15743.1
940	0.00268829	-16857.5
950	0.00268829	-16312.5
960	0.00268829	-16374.2
970	0.00268829	-15896.5
980	0.00268829	-16002.5
990	0.00268829	-16534
1000	0.00268829	-16007.1
260	0.00190397	-16640.7
270	0.00190397	-15793.4
280	0.00190397	-17866.7
290	0.00190397	-16297.6
300	0.00190397	-16065.4
310	0.00190397	-16032.5
320	0.00190397	-15557
330	0.00190397	-16999.1
340	0.00190397	-16058.4
350	0.00190397	-16461.8
360	0.00190397	-18365.1
370	0.00190397	-15722.7
380	0.00190397	-16202.9
390	0.00190397	-16181.5
400	0.00190397	-16030.8
410	0.00190397	-16096.9
420	0.00190397	-16276.7
430	0.00190397	-15905.7
440	0.00190397	-16645.6
450	0.00190397	-16627.3
460	0.00190397	-16398.3
470	0.00190397	-16011.9
480	0.00190397	-17013.1
490	0.00190397	-16307.7
500	0.00190397	-16456.1
510	0.00190397	-16573.6
520	0.00190397	-16905.6
530	0.00190397	-15820.4
540	0.00190397	-16396
550	0.00190397	-15592.1
560	0.00190397	-16965.9
570	0.00190397	-15962.5
580	0.00190397	-17094.1
590	0.00190397	-15711.7
600	0.00190397	-16847.5
610	0.00190397	-16365.7
620	0.00190397	-17509.2
630	0.00190397	-16507.8
640	0.00190397	-16642.7
650	0.00190397	-16955.2
660	0.00190397	-16316.5
670	0.00190397	-16864.1
680	0.00190397	-16875.5
690	0.00190397	-17338.9
700	0.00190397	-17623.7
710	0.00190397	-17248.8
720	0.00190397	-17549.1
730	0.00190397	-16310.1
740	0.00190397	-16335
750	0.00190397	-17553.9
760	0.00190397	-17893.2
770	0.00190397	-16434.9
780	0.00190397	-16266.7
790	0.00190397	-16617.7
800	0.00190397	-16902.9
810	0.00190397	-16327.2
820	0.00190397	-16911.6
830	0.00190397	-17147.3
840	0.00190397	-18317.9
850	0.00190397	-17109.4
860	0.00190397	-16018.8
870	0.00190397	-15858.7
880	0.00190397	-16301.8
890	0.00190397	-16358.3
900	0.00190397	-15881.1
910	0.00190397	-16493.9
920	0.00190397	-16831.2
930	0.00190397	-16628.4
940	0.00190397	-16650.4
950	0.00190397	-17755.4
960	0.00190397	-16657.5
970	0.00190397	-16462.8
980	0.00190397	-15875.4
990	0.00190397	-15876
1000	0.00190397	-16604.7
260	0.00131443	-18809.3
270	0.00131443	-16658.7
280	0.00131443	-16457.8
290	0.00131443	-17954.3
300	0.00131443	-16975.7
310	0.00131443	-16168.2
320	0.00131443	-17661.5
330	0.00131443	-18217
340	0.00131443	-16040.2
350	0.00131443	-16377.2
360	0.00131443	-16325.3
370	0.00131443	-17777.2
380	0.00131443	-16914.2
390	0.00131443	-16030
400	0.00131443	-17165.3
410	0.00131443	-16165.3
420	0.00131443	-16833
430	0.00131443	-16920.7
440	0.00131443	-17440.5
450	0.00131443	-17416.5
460	0.00131443	-19245.7
470	0.00131443	-16705.5
480	0.00131443	-18168.2
490	0.00131443	-18833.4
500	0.00131443	-18082.9
510	0.00131443	-16188.6
520	0.00131443	-18304.6
530	0.00131443	-17806.3
540	0.00131443	-17705.9
550	0.00131443	-17672.1
560	0.00131443	-16884.3
570	0.00131443	-17224.1
580	0.00131443	-17311.5
590	0.00131443	-17929.7
600	0.00131443	-17355.2
610	0.00131443	-17341.3
620	0.00131443	-18081.4
630	0.00131443	-19470.1
640	0.00131443	-16573.7
650	0.00131443	-16669.5
660	0.00131443	-20426.8
670	0.00131443	-17120
680	0.00131443	-17743.5
690	0.00131443	-16793.3
700	0.00131443	-17252
710	0.00131443	-16080.4
720	0.00131443	-17371.6
730	0.00131443	-16852.5
740	0.00131443	-16280.1
750	0.00131443	-16853.1
760	0.00131443	-17954.1
770	0.00131443	-19044.1
780	0.00131443	-17045.5
790	0.00131443	-17447
800	0.00131443	-17868
810	0.00131443	-18880.3
820	0.00131443	-17271.7
830	0.00131443	-18738.8
840	0.00131443	-18278.3
850	0.00131443	-17713.6
860	0.00131443	-18426.1
870	0.00131443	-18807.9
880	0.00131443	-19242.4
890	0.00131443	-18193.8
900	0.00131443	-18405.9
910	0.00131443	-18085.4
920	0.00131443	-17186.4
930	0.00131443	-16677.8
940	0.00131443	-19510.6
950	0.00131443	-17044.7
960	0.00131443	-16539.9
970	0.00131443	-17551.2
980	0.00131443	-19073.7
990	0.00131443	-18938.2
1000	0.00131443	-16830.5
260	0.000880898	-18926.9
270	0.000880898	-17048.8
280	0.000880898	-16329.6
290	0.000880898	-17365.8
300	0.000880898	-16986.2
310	0.000880898	-17539.8
320	0.000880898	-16470
330	0.000880898	-17030.6
340	0.000880898	-17565.2
350	0.000880898	-16898.9
360	0.000880898	-16266.1
370	0.000880898	-17231.4
380	0.000880898	-17421.4
390	0.000880898	-17985.9
400	0.000880898	-17294.6
410	0.000880898	-17985.7
420	0.000880898	-16480.2
430	0.000880898	-16958.4
440	0.000880898	-17566.2
450	0.000880898	-18418.9
460	0.000880898	-16638.3
470	0.000880898	-16614.1
480	0.000880898	-16934.5
490	0.000880898	-17271
500	0.000880898	-20287.9
510	0.000880898	-17892.7
520	0.000880898	-17596.9
530	0.000880898	-17083.9
540	0.000880898	-18930.9
550	0.000880898	-17133.6
560	0.000880898	-23106.7
570	0.000880898	-18620.7
580	0.000880898	-18876
590	0.000880898	-17124.7
600	0.000880898	-17885.8
610	0.000880898	-19295.8
620	0.000880898	-18171.5
630	0.000880898	-18232.1
640	0.000880898	-17096
650	0.000880898	-17265.3
660	0.000880898	-17259.2
670	0.000880898	-19208.1
680	0.000880898	-20735
690	0.000880898	-18146.8
700	0.000880898	-16861.8
710	0.000880898	-16478.1
720	0.000880898	-17785.2
730	0.000880898	-17109.3
740	0.000880898	-19017.3
750	0.000880898	-17113.1
760	0.000880898	-18490.2
770	0.000880898	-17533.4
780	0.000880898	-18802
790	0.000880898	-17661.4
800	0.000880898	-17334.9
810	0.000880898	-18537.4
820	0.000880898	-18452.2
830	0.000880898	-17468.7
840	0.000880898	-17238.3
850	0.000880898	-17528.5
860	0.000880898	-17691.3
870	0.000880898	-15962.1
880	0.000880898	-17814.1
890	0.000880898	-18648.7
900	0.000880898	-17131.2
910	0.000880898	-17204.7
920	0.000880898	-18652.6
930	0.000880898	-18037.2
940	0.000880898	-16078.7
950	0.000880898	-19651.4
960	0.000880898	-17864.7
970	0.000880898	-17008.2
980	0.000880898	-19337.3
990	0.000880898	-17219.6
1000	0.000880898	-17917.4
260	0.000570142	-17669.8
270	0.000570142	-20042.9
280	0.000570142	-17680.9
290	0.000570142	-23233.1
300	0.000570142	-20448.3
310	0.000570142	-18439.2
320	0.000570142	-18744.6
330	0.000570142	-18893.5
340	0.000570142	-24477.7
350	0.000570142	-19847.7
360	0.000570142	-21789.5
370	0.000570142	-21291
380	0.000570142	-17431.5
390	0.000570142	-19938.8
400	0.000570142	-16182.4
410	0.000570142	-17674.7
420	0.000570142	-17341.8
430	0.000570142	-16771.7
440	0.000570142	-17864.6
450	0.000570142	-18216.8
460	0.000570142	-17277.1
470	0.000570142	-17176.7
480	0.000570142	-16843.7
490	0.000570142	-17149.1
500	0.000570142	-17634.6
510	0.000570142	-17703.7
520	0.000570142	-17178.2
530	0.000570142	-18600.3
540	0.000570142	-20606.8
550	0.000570142	-20783.9
560	0.000570142	-18214.7
570	0.000570142	-22816.8
580	0.000570142	-18444.6
590	0.000570142	-19040.2
600	0.000570142	-17566
610	0.000570142	-16784.4
620	0.000570142	-17699.5
630	0.000570142	-17842.3
640	0.000570142	-18237.7
650	0.000570142	-20829
660	0.000570142	-19528.8
670	0.000570142	-17180.4
680	0.000570142	-18877.3
690	0.000570142	-18878
700	0.000570142	-20564.4
710	0.000570142	-19117.9
720	0.000570142	-19419.4
730	0.000570142	-23506.3
740	0.000570142	-22096.1
750	0.000570142	-20262.7
760	0.000570142	-20267.5
770	0.000570142	-18593.1
780	0.000570142	-22853.6
790	0.000570142	-19488.6
800	0.000570142	-21883.7
810	0.000570142	-17369.9
820	0.000570142	-18657.1
830	0.000570142	-20009.8
840	0.000570142	-19089.4
850	0.000570142	-17243.9
860	0.000570142	-17934.5
870	0.000570142	-18684.9
880	0.000570142	-21823.3
890	0.000570142	-21161.6
900	0.000570142	-20748.1
910	0.000570142	-18916.6
920	0.000570142	-19254.3
930	0.000570142	-19965.2
940	0.000570142	-16840.8
950	0.000570142	-26389.8
960	0.000570142	-16087.7
970	0.000570142	-18290.3
980	0.000570142	-18591.1
990	0.000570142	-17395.2
1000	0.000570142	-20030.8
260	0.000354013	-22043.4
270	0.000354013	-20417.1
280	0.000354013	-18168.4
290	0.000354013	-19577.3
300	0.000354013	-22264.1
310	0.000354013	-20013.2
320	0.000354013	-18923.2
330	0.000354013	-20438.9
340	0.000354013	-20733.2
350	0.000354013	-17364.6
360	0.000354013	-17397.9
370	0.000354013	-21119.8
380	0.000354013	-20123.2
390	0.000354013	-22556.7
400	0.000354013	-17960.6
410	0.000354013	-17075.8
420	0.000354013	-17617
430	0.000354013	-20030.3
440	0.000354013	-22166.9
450	0.000354013	-17573.9
460	0.000354013	-19342.6
470	0.000354013	-19007.5
480	0.000354013	-20323.4
490	0.000354013	-17649.9
500	0.000354013	-18470.4
510	0.000354013	-20963
520	0.000354013	-20594
530	0.000354013	-19836.2
540	0.000354013	-18660.5
550	0.000354013	-25562.2
560	0.000354013	-19879
570	0.000354013	-18945.9
580	0.000354013	-20122.5
590	0.000354013	-18221.5
600	0.000354013	-21288.2
610	0.000354013	-23279.8
620	0.000354013	-21973.8
630	0.000354013	-18291.9
640	0.000354013	-20422.5
650	0.000354013	-20262.4
660	0.000354013	-27100.1
670	0.000354013	-17942.3
680	0.000354013	-18949.5
690	0.000354013	-19420.6
700	0.000354013	-24077.6
710	0.000354013	-17589.1
720	0.000354013	-19039
730	0.000354013	-18819.1
740	0.000354013	-19757.1
750	0.000354013	-18679.3
760	0.000354013	-21198.6
770	0.000354013	-21167.9
780	0.000354013	-19466.9
790	0.000354013	-17231.9
800	0.000354013	-20870.6
810	0.000354013	-21578.3
820	0.000354013	-24676.2
830	0.000354013	-21135.3
840	0.000354013	-20070.6
850	0.000354013	-16932.8
860	0.000354013	-20439.2
870	0.000354013	-21927.1
880	0.000354013	-21508.1
890	0.000354013	-29757.8
900	0.000354013	-21318.8
910	0.000354013	-20183
920	0.000354013	-22450.8
930	0.000354013	-21131.3
940	0.000354013	-32465.8
950	0.000354013	-17132.9
960	0.000354013	-18682.1
970	0.000354013	-20492.9
980	0.000354013	-18122.8
990	0.000354013	-18172.4
1000	0.000354013	-18793.3
260	0.000209041	-18004.2
270	0.000209041	-19117.2
280	0.000209041	-18390
290	0.000209041	-18386.2
300	0.000209041	-20455.1
310	0.000209041	-21960.6
320	0.000209041	-22267.4
330	0.000209041	-20829.2
340	0.000209041	-23193.8
350	0.000209041	-36454.2
360	0.000209041	-18471.6
370	0.000209041	-18246.8
380	0.000209041	-21798.5
390	0.000209041	-17594.2
400	0.000209041	-17978.4
410	0.000209041	-18729.2
420	0.000209041	-16686.7
430	0.000209041	-22483.2
440	0.000209041	-21269.2
450	0.000209041	-23199.7
460	0.000209041	-18420.4
470	0.000209041	-18686.6
480	0.000209041	-22042.7
490	0.000209041	-20207.5
500	0.000209041	-18316.1
510	0.000209041	-18143.4
520	0.000209041	-20458.6
530	0.000209041	-17684.3
540	0.000209041	-18444.2
550	0.000209041	-20892.3
560	0.000209041	-30304.4
570	0.000209041	-22912.9
580	0.000209041	-18557
590	0.000209041	-23971.7
600	0.000209041	-18264.2
610	0.000209041	-18628.8
620	0.000209041	-17925.1
630	0.000209041	-19129.1
640	0.000209041	-24464.3
650	0.000209041	-18818
660	0.000209041	-21707.1
670	0.000209041	-20528
680	0.000209041	-18670.3
690	0.000209041	-20507.6
700	0.000209041	-19247.1
710	0.000209041	-19538.1
720	0.000209041	-19721.3
730	0.000209041	-23752.7
740	0.000209041	-18783.3
750	0.000209041	-19303.3
760	0.000209041	-22142.9
770	0.000209041	-21767
780	0.000209041	-19911.6
790	0.000209041	-19748.2
800	0.000209041	-18516.3
810	0.000209041	-19572.3
820	0.000209041	-22860.1
830	0.000209041	-18812.5
840	0.000209041	-25707.1
850	0.000209041	-20891.6
860	0.000209041	-23732.6
870	0.000209041	-17054.1
880	0.000209041	-20676.5
890	0.000209041	-23063.6
900	0.000209041	-20695.7
910	0.000209041	-22551.9
920	0.000209041	-25208.3
930	0.000209041	-19782.8
940	0.000209041	-28727.6
950	0.000209041	-16835.9
960	0.000209041	-19545.2
970	0.000209041	-19254.7
980	0.000209041	-18622.5
990	0.000209041	-19780.9
1000	0.000209041	-19621.1
260	0.000116003	-38306.6
270	0.000116003	-21600.1
280	0.000116003	-26072.2
290	0.000116003	-21630.8
300	0.000116003	-22769.7
310	0.000116003	-24767.6
320	0.000116003	-20672.2
330	0.000116003	-22483.5
340	0.000116003	-25075.9
350	0.000116003	-48717.6
360	0.000116003	-24417.5
370	0.000116003	-27036.6
380	0.000116003	-25732.7
390	0.000116003	-31612.1
400	0.000116003	-23568.4
410	0.000116003	-24574.3
420	0.000116003	-28585.5
430	0.000116003	-32609.7
440	0.000116003	-32145.4
450	0.000116003	-28740.9
460	0.000116003	-22780.5
470	0.000116003	-31991.3
480	0.000116003	-28981.4
490	0.000116003	-25560.3
500	0.000116003	-23677.8
510	0.000116003	-23747.7
520	0.000116003	-22220.4
530	0.000116003	-25005.6
540	0.000116003	-34891.6
550	0.000116003	-23172.3
560	0.000116003	-23849.1
570	0.000116003	-31808.3
580	0.000116003	-24819.3
590	0.000116003	-21425.4
600	0.000116003	-26737.9
610	0.000116003	-22309.7
620	0.000116003	-25716.4
630	0.000116003	-21686.1
640	0.000116003	-24935.4
650	0.000116003	-27765.1
660	0.000116003	-24474.6
670	0.000116003	-19135.8
680	0.000116003	-17395.5
690	0.000116003	-20136.8
700	0.000116003	-19764.9
710	0.000116003	-23486.9
720	0.000116003	-20674.6
730	0.000116003	-21200.5
740	0.000116003	-25734.6
750	0.000116003	-25576.2
760	0.000116003	-18033.7
770	0.000116003	-18797.5
780	0.000116003	-19500.2
790	0.000116003	-25451.8
800	0.000116003	-21250.4
810	0.000116003	-19764.2
820	0.000116003	-22256.9
830	0.000116003	-23359.7
840	0.000116003	-26082.9
850	0.000116003	-17264.6
860	0.000116003	-20115.1
870	0.000116003	-18774.1
880	0.000116003	-19360.9
890	0.000116003	-26017.5
900	0.000116003	-23686.5
910	0.000116003	-25594.8
920	0.000116003	-23313.9
930	0.000116003	-23363.2
940	0.000116003	-22200.6
950	0.000116003	-28035.1
960	0.000116003	-28286.4
970	0.000116003	-22706.9
980	0.000116003	-23593.8
990	0.000116003	-25685.3
1000	0.000116003	-25906.6
260	5.9499e-05	-31448.5
270	5.9499e-05	-45969
280	5.9499e-05	-37863.9
290	5.9499e-05	-34171.9
300	5.9499e-05	-26727.3
310	5.9499e-05	-28917.6
320	5.9499e-05	-23694.5
330	5.9499e-05	-26231.6
340	5.9499e-05	-24730.5
350	5.9499e-05	-27401.6
360	5.9499e-05	-25467.7
370	5.9499e-05	-41210.7
380	5.9499e-05	-35066.4
390	5.9499e-05	-32240.5
400	5.9499e-05	-36820.9
410	5.9499e-05	-36792.6
420	5.9499e-05	-40960.6
430	5.9499e-05	-40274.2
440	5.9499e-05	-22581.8
450	5.9499e-05	-33841.4
460	5.9499e-05	-44868.3
470	5.9499e-05	-43768.3
480	5.9499e-05	-33572.5
490	5.9499e-05	-31408.8
500	5.9499e-05	-28994.8
510	5.9499e-05	-61857.5
520	5.9499e-05	-35240.2
530	5.9499e-05	-30340.9
540	5.9499e-05	-27656.6
550	5.9499e-05	-38196.2
560	5.9499e-05	-43436.9
570	5.9499e-05	-29958.6
580	5.9499e-05	-37437.4
590	5.9499e-05	-36325.5
600	5.9499e-05	-30134.6
610	5.9499e-05	-36167.8
620	5.9499e-05	-36322.1
630	5.9499e-05	-22322.9
640	5.9499e-05	-41267.6
650	5.9499e-05	-30810.1
660	5.9499e-05	-33613.7
670	5.9499e-05	-29824.7
680	5.9499e-05	-36263.5
690	5.9499e-05	-43578.4
700	5.9499e-05	-28230.5
710	5.9499e-05	-34167.3
720	5.9499e-05	-40620.3
730	5.9499e-05	-36803.4
740	5.9499e-05	-31684
750	5.9499e-05	-39752.6
760	5.9499e-05	-26818.4
770	5.9499e-05	-60179.6
780	5.9499e-05	-39778.8
790	5.9499e-05	-38188.3
800	5.9499e-05	-31415.5
810	5.9499e-05	-32999.6
820	5.9499e-05	-29337.1
830	5.9499e-05	-28187.4
840	5.9499e-05	-50036
850	5.9499e-05	-50132.5
860	5.9499e-05	-43190.7
870	5.9499e-05	-42567.2
880	5.9499e-05	-43248.5
890	5.9499e-05	-31368.1
900	5.9499e-05	-31114.9
910	5.9499e-05	-32450.8
920	5.9499e-05	-44110
930	5.9499e-05	-32673.9
940	5.9499e-05	-29617.2
950	5.9499e-05	-30947.7
960	5.9499e-05	-50755.2
970	5.9499e-05	-29231.4
980	5.9499e-05	-27037.8
990	5.9499e-05	-29560.2
1000	5.9499e-05	-40801.3
260	2.75281e-05	-105473
270	2.75281e-05	-109530
280	2.75281e-05	-88644.3
290	2.75281e-05	-153633
300	2.75281e-05	-131473
310	2.75281e-05	-107332
320	2.75281e-05	-80367.4
330	2.75281e-05	-111219
340	2.75281e-05	-115344
350	2.75281e-05	-149184
360	2.75281e-05	-137674
370	2.75281e-05	-123707
380	2.75281e-05	-107990
390	2.75281e-05	-127572
400	2.75281e-05	-112496
410	2.75281e-05	-150575
420	2.75281e-05	-113190
430	2.75281e-05	-110278
440	2.75281e-05	-120139
450	2.75281e-05	-115028
460	2.75281e-05	-113174
470	2.75281e-05	-116690
480	2.75281e-05	-120536
490	2.75281e-05	-101750
500	2.75281e-05	-109749
510	2.75281e-05	-103880
520	2.75281e-05	-110347
530	2.75281e-05	-106928
540	2.75281e-05	-152849
550	2.75281e-05	-127905
560	2.75281e-05	-85093.5
570	2.75281e-05	-112091
580	2.75281e-05	-103094
590	2.75281e-05	-140036
600	2.75281e-05	-131168
610	2.75281e-05	-79857
620	2.75281e-05	-117150
630	2.75281e-05	-125161
640	2.75281e-05	-103970
650	2.75281e-05	-153693
660	2.75281e-05	-122446
670	2.75281e-05	-111555
680	2.75281e-05	-121459
690	2.75281e-05	-121807
700	2.75281e-05	-116969
710	2.75281e-05	-102937
720	2.75281e-05	-135842
730	2.75281e-05	-104204
740	2.75281e-05	-121415
750	2.75281e-05	-110119
760	2.75281e-05	-108760
770	2.75281e-05	-112282
780	2.75281e-05	-141080
790	2.75281e-05	-115786
800	2.75281e-05	-110517
810	2.75281e-05	-135933
820	2.75281e-05	-116966
830	2.75281e-05	-109220
840	2.75281e-05	-126831
850	2.75281e-05	-120292
860	2.75281e-05	-109295
870	2.75281e-05	-123900
880	2.75281e-05	-168837
890	2.75281e-05	-117877
900	2.75281e-05	-139847
910	2.75281e-05	-132293
920	2.75281e-05	-154173
930	2.75281e-05	-149741
940	2.75281e-05	-116261
950	2.75281e-05	-117949
960	2.75281e-05	-113786
970	2.75281e-05	-102235
980	2.75281e-05	-114608
990	2.75281e-05	-115316
1000	2.75281e-05	-121508
260	1.10629e-05	-97450.5
270	1.10629e-05	-92805.4
280	1.10629e-05	-89490.8
290	1.10629e-05	-109594
300	1.10629e-05	-81064.6
310	1.10629e-05	-158877
320	1.10629e-05	-125096
330	1.10629e-05	-152325
340	1.10629e-05	-114268
350	1.10629e-05	-90986.7
360	1.10629e-05	-133924
370	1.10629e-05	-101396
380	1.10629e-05	-100640
390	1.10629e-05	-92986
400	1.10629e-05	-109138
410	1.10629e-05	-59654.5
420	1.10629e-05	-106329
430	1.10629e-05	-177284
440	1.10629e-05	-189898
450	1.10629e-05	-99778.6
460	1.10629e-05	-139416
470	1.10629e-05	-86078.1
480	1.10629e-05	-84808.3
490	1.10629e-05	-104016
500	1.10629e-05	-107906
510	1.10629e-05	-90912.1
520	1.10629e-05	-116877
530	1.10629e-05	-122328
540	1.10629e-05	-120322
550	1.10629e-05	-116037
560	1.10629e-05	-120327
570	1.10629e-05	-163531
580	1.10629e-05	-131314
590	1.10629e-05	-108249
600	1.10629e-05	-162382
610	1.10629e-05	-107550
620	1.10629e-05	-114906
630	1.10629e-05	-119989
640	1.10629e-05	-123268
650	1.10629e-05	-86585.7
660	1.10629e-05	-76113.6
670	1.10629e-05	-120810
680	1.10629e-05	-118973
690	1.10629e-05	-103841
700	1.10629e-05	-108865
710	1.10629e-05	-113295
720	1.10629e-05	-104173
730	1.10629e-05	-130484
740	1.10629e-05	-110283
750	1.10629e-05	-117866
760	1.10629e-05	-83277.5
770	1.10629e-05	-76825.9
780	1.10629e-05	-71704.1
790	1.10629e-05	-81328.9
800	1.10629e-05	-97774.6
810	1.10629e-05	-183695
820	1.10629e-05	-129479
830	1.10629e-05	-143395
840	1.10629e-05	-153721
850	1.10629e-05	-111054
860	1.10629e-05	-114739
870	1.10629e-05	-121020
880	1.10629e-05	-155699
890	1.10629e-05	-174075
900	1.10629e-05	-112341
910	1.10629e-05	-121684
920	1.10629e-05	-109245
930	1.10629e-05	-149614
940	1.10629e-05	-94604
950	1.10629e-05	-139169
960	1.10629e-05	-79502.5
970	1.10629e-05	-97002.2
980	1.10629e-05	-61423.6
990	1.10629e-05	-94483.4
1000	1.10629e-05	-63290.3
260	3.6251e-06	-142518
270	3.6251e-06	-119689
280	3.6251e-06	-124386
290	3.6251e-06	-157147
300	3.6251e-06	-124230
310	3.6251e-06	-125893
320	3.6251e-06	-107840
330	3.6251e-06	-147657
340	3.6251e-06	-137714
350	3.6251e-06	-149297
360	3.6251e-06	-116427
370	3.6251e-06	-111666
380	3.6251e-06	-113380
390	3.6251e-06	-145155
400	3.6251e-06	-132433
410	3.6251e-06	-181394
420	3.6251e-06	-136600
430	3.6251e-06	-139601
440	3.6251e-06	-142946
450	3.6251e-06	-106889
460	3.6251e-06	-133145
470	3.6251e-06	-116510
480	3.6251e-06	-147235
490	3.6251e-06	-96857.1
500	3.6251e-06	-169155
510	3.6251e-06	-159385
520	3.6251e-06	-118184
530	3.6251e-06	-174196
540	3.6251e-06	-130268
550	3.6251e-06	-145780
560	3.6251e-06	-186154
570	3.6251e-06	-176680
580	3.6251e-06	-112567
590	3.6251e-06	-142218
600	3.6251e-06	-151940
610	3.6251e-06	-127348
620	3.6251e-06	-145128
630	3.6251e-06	-140794
640	3.6251e-06	-120204
650	3.6251e-06	-104936
660	3.6251e-06	-140314
670	3.6251e-06	-144229
680	3.6251e-06	-126326
690	3.6251e-06	-123669
700	3.6251e-06	-188993
710	3.6251e-06	-107177
720	3.6251e-06	-149225
730	3.6251e-06	-129135
740	3.6251e-06	-145654
750	3.6251e-06	-107111
760	3.6251e-06	-137366
770	3.6251e-06	-126105
780	3.6251e-06	-116147
790	3.6251e-06	-165427
800	3.6251e-06	-87362
810	3.6251e-06	-141908
820	3.6251e-06	-116600
830	3.6251e-06	-140556
840	3.6251e-06	-72720
850	3.6251e-06	-85768.1
860	3.6251e-06	-130637
870	3.6251e-06	-122267
880	3.6251e-06	-96385.7
890	3.6251e-06	-101828
900	3.6251e-06	-133992
910	3.6251e-06	-64016
920	3.6251e-06	-87557.8
930	3.6251e-06	-122006
940	3.6251e-06	-141360
950	3.6251e-06	-79969.5
960	3.6251e-06	-66280
970	3.6251e-06	-89969.4
980	3.6251e-06	-153552
990	3.6251e-06	-78751.6
1000	3.6251e-06	-116756
260	8.60252e-07	-159630
270	8.60252e-07	-186773
280	8.60252e-07	-144733
290	8.60252e-07	-122181
300	8.60252e-07	-110609
310	8.60252e-07	-101565
320	8.60252e-07	-141164
330	8.60252e-07	-126731
340	8.60252e-07	-159605
350	8.60252e-07	-113548
360	8.60252e-07	-119180
370	8.60252e-07	-128838
380	8.60252e-07	-143367
390	8.60252e-07	-162722
400	8.60252e-07	-161323
410	8.60252e-07	-156704
420	8.60252e-07	-119702
430	8.60252e-07	-131896
440	8.60252e-07	-184830
450	8.60252e-07	-164154
460	8.60252e-07	-181665
470	8.60252e-07	-205157
480	8.60252e-07	-133464
490	8.60252e-07	-112845
500	8.60252e-07	-140246
510	8.60252e-07	-126618
520	8.60252e-07	-120492
530	8.60252e-07	-109441
540	8.60252e-07	-153063
550	8.60252e-07	-124992
560	8.60252e-07	-108075
570	8.60252e-07	-134768
580	8.60252e-07	-114556
590	8.60252e-07	-113928
600	8.60252e-07	-152386
610	8.60252e-07	-124777
620	8.60252e-07	-116977
630	8.60252e-07	-200044
640	8.60252e-07	-131991
650	8.60252e-07	-275666
660	8.60252e-07	-126001
670	8.60252e-07	-145350
680	8.60252e-07	-119502
690	8.60252e-07	-132239
700	8.60252e-07	-127396
710	8.60252e-07	-110505
720	8.60252e-07	-107637
730	8.60252e-07	-148510
740	8.60252e-07	-218932
750	8.60252e-07	-163931
760	8.60252e-07	-155823
770	8.60252e-07	-194766
780	8.60252e-07	-158178
790	8.60252e-07	-144773
800	8.60252e-07	-134212
810	8.60252e-07	-166871
820	8.60252e-07	-119544
830	8.60252e-07	-130738
840	8.60252e-07	-117095
850	8.60252e-07	-114704
860	8.60252e-07	-122022
870	8.60252e-07	-108299
880	8.60252e-07	-145258
890	8.60252e-07	-135638
900	8.60252e-07	-160755
910	8.60252e-07	-121062
920	8.60252e-07	-185737
930	8.60252e-07	-177726
940	8.60252e-07	-118638
950	8.60252e-07	-117479
960	8.60252e-07	-143515
970	8.60252e-07	-106479
980	8.60252e-07	-126786
990	8.60252e-07	-145038
1000	8.60252e-07	-128374
260	1.13284e-07	-152489
270	1.13284e-07	-211361
280	1.13284e-07	-146904
290	1.13284e-07	-106820
300	1.13284e-07	-141893
310	1.13284e-07	-109146
320	1.13284e-07	-101923
330	1.13284e-07	-108630
340	1.13284e-07	-139423
350	1.13284e-07	-110064
360	1.13284e-07	-127334
370	1.13284e-07	-136125
380	1.13284e-07	-109643
390	1.13284e-07	-124699
400	1.13284e-07	-170189
410	1.13284e-07	-143828
420	1.13284e-07	-230192
430	1.13284e-07	-156984
440	1.13284e-07	-107434
450	1.13284e-07	-138573
460	1.13284e-07	-115527
470	1.13284e-07	-148812
480	1.13284e-07	-116183
490	1.13284e-07	-109957
500	1.13284e-07	-141597
510	1.13284e-07	-91443.1
520	1.13284e-07	-119410
530	1.13284e-07	-134866
540	1.13284e-07	-166708
550	1.13284e-07	-135010
560	1.13284e-07	-117430
570	1.13284e-07	-116790
580	1.13284e-07	-144969
590	1.13284e-07	-106127
600	1.13284e-07	-232409
610	1.13284e-07	-110221
620	1.13284e-07	-147340
630	1.13284e-07	-172465
640	1.13284e-07	-104332
650	1.13284e-07	-173438
660	1.13284e-07	-140691
670	1.13284e-07	-129714
680	1.13284e-07	-110574
690	1.13284e-07	-126885
700	1.13284e-07	-112917
710	1.13284e-07	-155348
720	1.13284e-07	-157350
730	1.13284e-07	-120725
740	1.13284e-07	-192530
750	1.13284e-07	-113489
760	1.13284e-07	-231284
770	1.13284e-07	-119403
780	1.13284e-07	-127365
790	1.13284e-07	-158630
800	1.13284e-07	-181593
810	1.13284e-07	-128791
820	1.13284e-07	-160267
830	1.13284e-07	-169838
840	1.13284e-07	-133871
850	1.13284e-07	-135124
860	1.13284e-07	-160512
870	1.13284e-07	-219563
880	1.13284e-07	-115260
890	1.13284e-07	-160308
900	1.13284e-07	-158180
910	1.13284e-07	-119196
920	1.13284e-07	-176113
930	1.13284e-07	-224446
940	1.13284e-07	-147376
950	1.13284e-07	-125968
960	1.13284e-07	-168086
970	1.13284e-07	-138317
980	1.13284e-07	-92932
990	1.13284e-07	-152636
1000	1.13284e-07	-150589
260	3.54013e-09	-73955.3
270	3.54013e-09	-59957.3
280	3.54013e-09	-67112.9
290	3.54013e-09	-57700
300	3.54013e-09	-116374
310	3.54013e-09	-100641
320	3.54013e-09	-79293.5
330	3.54013e-09	-82838
340	3.54013e-09	-113294
350	3.54013e-09	-101837
360	3.54013e-09	-93231.4
370	3.54013e-09	-126040
380	3.54013e-09	-121580
390	3.54013e-09	-155559
400	3.54013e-09	-75843.6
410	3.54013e-09	-115638
420	3.54013e-09	-107078
430	3.54013e-09	-149898
440	3.54013e-09	-140294
450	3.54013e-09	-121990
460	3.54013e-09	-154624
470	3.54013e-09	-144664
480	3.54013e-09	-96867.5
490	3.54013e-09	-106435
500	3.54013e-09	-115235
510	3.54013e-09	-91461.5
520	3.54013e-09	-121337
530	3.54013e-09	-116370
540	3.54013e-09	-106160
550	3.54013e-09	-130627
560	3.54013e-09	-114907
570	3.54013e-09	-83611.3
580	3.54013e-09	-92718.6
590	3.54013e-09	-100638
600	3.54013e-09	-78299.8
610	3.54013e-09	-60444.6
620	3.54013e-09	-130281
630	3.54013e-09	-63235.4
640	3.54013e-09	-79943.4
650	3.54013e-09	-76462.4
660	3.54013e-09	-72569.4
670	3.54013e-09	-71213.6
680	3.54013e-09	-69427.9
690	3.54013e-09	-75329.4
700	3.54013e-09	-66138.2
710	3.54013e-09	-85811.9
720	3.54013e-09	-67014.2
730	3.54013e-09	-129359
740	3.54013e-09	-97242
750	3.54013e-09	-137872
760	3.54013e-09	-142818
770	3.54013e-09	-110674
780	3.54013e-09	-123666
790	3.54013e-09	-111118
800	3.54013e-09	-104626
810	3.54013e-09	-128135
820	3.54013e-09	-134488
830	3.54013e-09	-108701
840	3.54013e-09	-170441
850	3.54013e-09	-157517
860	3.54013e-09	-114652
870	3.54013e-09	-153631
880	3.54013e-09	-106744
890	3.54013e-09	-93699.2
900	3.54013e-09	-84367.1
910	3.54013e-09	-128432
920	3.54013e-09	-138111
930	3.54013e-09	-118666
940	3.54013e-09	-125798
950	3.54013e-09	-159008
960	3.54013e-09	-145511
970	3.54013e-09	-171489
980	3.54013e-09	-122257
990	3.54013e-09	-114352
1000	3.54013e-09	-231771
260	1.16658e-302	-136067
270	1.16658e-302	-96384.5
280	1.16658e-302	-107510
290	1.16658e-302	-125040
300	1.16658e-302	-229104
310	1.16658e-302	-94576.7
320	1.16658e-302	-87867.1
330	1.16658e-302	-97734.7
340	1.16658e-302	-77078.9
350	1.16658e-302	-125171
360	1.16658e-302	-115320
370	1.16658e-302	-135977
380	1.16658e-302	-127142
390	1.16658e-302	-166313
400	1.16658e-302	-107054
410	1.16658e-302	-127453
420	1.16658e-302	-124221
430	1.16658e-302	-185694
440	1.16658e-302	-130000
450	1.16658e-302	-96900.9
460	1.16658e-302	-110348
470	1.16658e-302	-132856
480	1.16658e-302	-141468
490	1.16658e-302	-81572.9
500	1.16658e-302	-98682.7
510	1.16658e-302	-82659.4
520	1.16658e-302	-113218
530	1.16658e-302	-84434.5
540	1.16658e-302	-58150.8
550	1.16658e-302	-80627.8
560	1.16658e-302	-177845
570	1.16658e-302	-139194
580	1.16658e-302	-86618.7
590	1.16658e-302	-76748.7
600	1.16658e-302	-107418
610	1.16658e-302	-72520.3
620	1.16658e-302	-106523
630	1.16658e-302	-92169.7
640	1.16658e-302	-109086
650	1.16658e-302	-115923
660	1.16658e-302	-90073.3
670	1.16658e-302	-81140.9
680	1.16658e-302	-55099.8
690	1.16658e-302	-69649.9
700	1.16658e-302	-105557
710	1.16658e-302	-119874
720	1.16658e-302	-107357
730	1.16658e-302	-102950
740	1.16658e-302	-94887.9
750	1.16658e-302	-165997
760	1.16658e-302	-118128
770	1.16658e-302	-153783
780	1.16658e-302	-149118
790	1.16658e-302	-100498
800	1.16658e-302	-136361
810	1.16658e-302	-131586
820	1.16658e-302	-114488
830	1.16658e-302	-109099
840	1.16658e-302	-162990
850	1.16658e-302	-131717
860	1.16658e-302	-140036
870	1.16658e-302	-115985
880	1.16658e-302	-135402
890	1.16658e-302	-117101
900	1.16658e-302	-176606
910	1.16658e-302	-120764
920	1.16658e-302	-113113
930	1.16658e-302	-201782
940	1.16658e-302	-155453
950	1.16658e-302	-124133
960	1.16658e-302	-133397
970	1.16658e-302	-125552
980	1.16658e-302	-115032
990	1.16658e-302	-110444
1000	1.16658e-302	-122528
